[ 2015-03-09T06:39:04+08:00 ] 0.0.0.0 /oop/tp_t/
INFO: [ app_begin ] --START--
INFO: Run ReadHtmlCache Behavior [ RunTime:0.003758s ]
INFO: [ app_begin ] --END-- [ RunTime:0.004253s ]
SQL: SHOW COLUMNS FROM `album_type` [ RunTime:0.012071s ]
SQL: SELECT * FROM `album_type` ORDER BY sort desc LIMIT 4   [ RunTime:0.001895s ]
SQL: SHOW COLUMNS FROM `album` [ RunTime:0.099241s ]
SQL: SELECT album.*,userinfo.nickname FROM `album` LEFT JOIN userinfo on album.uid=userinfo.id WHERE ( album.t_id=3 ) ORDER BY album.id desc LIMIT 4   [ RunTime:0.034904s ]
SQL: SELECT album.*,userinfo.nickname FROM `album` LEFT JOIN userinfo on album.uid=userinfo.id WHERE ( album.t_id=1 ) ORDER BY album.id desc LIMIT 4   [ RunTime:0.001647s ]
SQL: SELECT album.*,userinfo.nickname FROM `album` LEFT JOIN userinfo on album.uid=userinfo.id WHERE ( album.t_id=2 ) ORDER BY album.id desc LIMIT 4   [ RunTime:0.001675s ]
SQL: SELECT album.*,userinfo.nickname FROM `album` LEFT JOIN userinfo on album.uid=userinfo.id WHERE ( album.t_id=5 ) ORDER BY album.id desc LIMIT 4   [ RunTime:0.001344s ]
INFO: [ view_template ] --START--
INFO: Run LocationTemplate Behavior [ RunTime:0.003033s ]
INFO: [ view_template ] --END-- [ RunTime:0.003259s ]
INFO: [ view_parse ] --START--
NOTIC: [8] Undefined index: uname D:\wamp\www\oop\tp_t\home\Runtime\Cache\d046431aa157c89f3a1c30c426be003b.php 第 14 行.
INFO: Run ParseTemplate Behavior [ RunTime:0.071225s ]
INFO: [ view_parse ] --END-- [ RunTime:0.071437s ]
INFO: [ view_filter ] --START--
INFO: Run ContentReplace Behavior [ RunTime:0.008621s ]
INFO: Run TokenBuild Behavior [ RunTime:0.001787s ]
INFO: Run WriteHtmlCache Behavior [ RunTime:0.001150s ]
INFO: Run ShowRuntime Behavior [ RunTime:0.001618s ]
INFO: [ view_filter ] --END-- [ RunTime:0.013776s ]
INFO: [ view_end ] --START--
INFO: Run ShowPageTrace Behavior [ RunTime:0.002220s ]
INFO: [ view_end ] --END-- [ RunTime:0.002425s ]

[ 2015-03-09T06:39:37+08:00 ] 0.0.0.0 /oop/tp_t/
INFO: [ app_begin ] --START--
INFO: Run ReadHtmlCache Behavior [ RunTime:0.001566s ]
INFO: [ app_begin ] --END-- [ RunTime:0.001987s ]
SQL: SHOW COLUMNS FROM `album_type` [ RunTime:0.008715s ]
SQL: SELECT * FROM `album_type` ORDER BY sort desc LIMIT 4   [ RunTime:0.001848s ]
SQL: SHOW COLUMNS FROM `album` [ RunTime:0.008086s ]
SQL: SELECT album.*,userinfo.nickname FROM `album` LEFT JOIN userinfo on album.uid=userinfo.id WHERE ( album.t_id=3 ) ORDER BY album.id desc LIMIT 4   [ RunTime:0.002190s ]
SQL: SELECT album.*,userinfo.nickname FROM `album` LEFT JOIN userinfo on album.uid=userinfo.id WHERE ( album.t_id=1 ) ORDER BY album.id desc LIMIT 4   [ RunTime:0.001534s ]
SQL: SELECT album.*,userinfo.nickname FROM `album` LEFT JOIN userinfo on album.uid=userinfo.id WHERE ( album.t_id=2 ) ORDER BY album.id desc LIMIT 4   [ RunTime:0.001483s ]
SQL: SELECT album.*,userinfo.nickname FROM `album` LEFT JOIN userinfo on album.uid=userinfo.id WHERE ( album.t_id=5 ) ORDER BY album.id desc LIMIT 4   [ RunTime:0.001463s ]
INFO: [ view_template ] --START--
INFO: Run LocationTemplate Behavior [ RunTime:0.001938s ]
INFO: [ view_template ] --END-- [ RunTime:0.002248s ]
INFO: [ view_parse ] --START--
NOTIC: [8] Undefined index: uname D:\wamp\www\oop\tp_t\home\Runtime\Cache\d046431aa157c89f3a1c30c426be003b.php 第 14 行.
INFO: Run ParseTemplate Behavior [ RunTime:0.039678s ]
INFO: [ view_parse ] --END-- [ RunTime:0.040012s ]
INFO: [ view_filter ] --START--
INFO: Run ContentReplace Behavior [ RunTime:0.001814s ]
INFO: Run TokenBuild Behavior [ RunTime:0.001644s ]
INFO: Run WriteHtmlCache Behavior [ RunTime:0.001172s ]
INFO: Run ShowRuntime Behavior [ RunTime:0.001675s ]
INFO: [ view_filter ] --END-- [ RunTime:0.007287s ]
INFO: [ view_end ] --START--
INFO: Run ShowPageTrace Behavior [ RunTime:0.001423s ]
INFO: [ view_end ] --END-- [ RunTime:0.001621s ]

[ 2015-03-09T08:06:54+08:00 ] 0.0.0.0 /oop/tp_t/
INFO: [ app_begin ] --START--
INFO: Run ReadHtmlCache Behavior [ RunTime:0.003734s ]
INFO: [ app_begin ] --END-- [ RunTime:0.004077s ]
SQL: SHOW COLUMNS FROM `album_type` [ RunTime:0.011869s ]
SQL: SELECT * FROM `album_type` ORDER BY sort desc LIMIT 4   [ RunTime:0.001518s ]
SQL: SHOW COLUMNS FROM `album` [ RunTime:0.011681s ]
SQL: SELECT album.*,userinfo.nickname FROM `album` LEFT JOIN userinfo on album.uid=userinfo.id WHERE ( album.t_id=3 ) ORDER BY album.id desc LIMIT 4   [ RunTime:0.003697s ]
SQL: SELECT album.*,userinfo.nickname FROM `album` LEFT JOIN userinfo on album.uid=userinfo.id WHERE ( album.t_id=1 ) ORDER BY album.id desc LIMIT 4   [ RunTime:0.001389s ]
SQL: SELECT album.*,userinfo.nickname FROM `album` LEFT JOIN userinfo on album.uid=userinfo.id WHERE ( album.t_id=2 ) ORDER BY album.id desc LIMIT 4   [ RunTime:0.001514s ]
SQL: SELECT album.*,userinfo.nickname FROM `album` LEFT JOIN userinfo on album.uid=userinfo.id WHERE ( album.t_id=5 ) ORDER BY album.id desc LIMIT 4   [ RunTime:0.002271s ]
INFO: [ view_template ] --START--
INFO: Run LocationTemplate Behavior [ RunTime:0.002025s ]
INFO: [ view_template ] --END-- [ RunTime:0.002249s ]
INFO: [ view_parse ] --START--
NOTIC: [8] Undefined index: uname D:\wamp\www\oop\tp_t\home\Runtime\Cache\d046431aa157c89f3a1c30c426be003b.php 第 14 行.
INFO: Run ParseTemplate Behavior [ RunTime:0.040918s ]
INFO: [ view_parse ] --END-- [ RunTime:0.041229s ]
INFO: [ view_filter ] --START--
INFO: Run ContentReplace Behavior [ RunTime:0.002156s ]
INFO: Run TokenBuild Behavior [ RunTime:0.001800s ]
INFO: Run WriteHtmlCache Behavior [ RunTime:0.001737s ]
INFO: Run ShowRuntime Behavior [ RunTime:0.002314s ]
INFO: [ view_filter ] --END-- [ RunTime:0.009023s ]
INFO: [ view_end ] --START--
INFO: Run ShowPageTrace Behavior [ RunTime:0.001891s ]
INFO: [ view_end ] --END-- [ RunTime:0.002173s ]

