[ 2015-06-30T15:03:24+08:00 ] 0.0.0.0 /oop/tp_t/
INFO: [ app_begin ] --START--
INFO: Run ReadHtmlCache Behavior [ RunTime:0.003840s ]
INFO: [ app_begin ] --END-- [ RunTime:0.004240s ]
SQL: SHOW COLUMNS FROM `album_type` [ RunTime:0.067922s ]
SQL: SELECT * FROM `album_type` ORDER BY sort desc LIMIT 4   [ RunTime:0.001143s ]
SQL: SHOW COLUMNS FROM `album` [ RunTime:0.049176s ]
SQL: SELECT album.*,userinfo.nickname FROM `album` LEFT JOIN userinfo on album.uid=userinfo.id WHERE ( album.t_id=3 ) ORDER BY album.id desc LIMIT 4   [ RunTime:0.030716s ]
SQL: SELECT album.*,userinfo.nickname FROM `album` LEFT JOIN userinfo on album.uid=userinfo.id WHERE ( album.t_id=1 ) ORDER BY album.id desc LIMIT 4   [ RunTime:0.001610s ]
SQL: SELECT album.*,userinfo.nickname FROM `album` LEFT JOIN userinfo on album.uid=userinfo.id WHERE ( album.t_id=2 ) ORDER BY album.id desc LIMIT 4   [ RunTime:0.001670s ]
SQL: SELECT album.*,userinfo.nickname FROM `album` LEFT JOIN userinfo on album.uid=userinfo.id WHERE ( album.t_id=5 ) ORDER BY album.id desc LIMIT 4   [ RunTime:0.001397s ]
INFO: [ view_template ] --START--
INFO: Run LocationTemplate Behavior [ RunTime:0.013164s ]
INFO: [ view_template ] --END-- [ RunTime:0.013560s ]
INFO: [ view_parse ] --START--
NOTIC: [8] Undefined index: uname D:\wamp\www\oop\tp_t\home\Runtime\Cache\d046431aa157c89f3a1c30c426be003b.php 第 14 行.
INFO: Run ParseTemplate Behavior [ RunTime:0.062113s ]
INFO: [ view_parse ] --END-- [ RunTime:0.062494s ]
INFO: [ view_filter ] --START--
INFO: Run ContentReplace Behavior [ RunTime:0.002486s ]
INFO: Run TokenBuild Behavior [ RunTime:0.002124s ]
INFO: Run WriteHtmlCache Behavior [ RunTime:0.001754s ]
INFO: Run ShowRuntime Behavior [ RunTime:0.003614s ]
INFO: [ view_filter ] --END-- [ RunTime:0.010793s ]
INFO: [ view_end ] --START--
INFO: Run ShowPageTrace Behavior [ RunTime:0.004255s ]
INFO: [ view_end ] --END-- [ RunTime:0.004549s ]

[ 2015-06-30T15:15:27+08:00 ] 192.168.1.3 /oop/tp_t/index.php/Album/album_photo/id/30
INFO: [ route_check ] --START--
INFO: Run CheckRoute Behavior [ RunTime:0.113277s ]
INFO: [ route_check ] --END-- [ RunTime:0.113596s ]
INFO: [ app_begin ] --START--
INFO: Run ReadHtmlCache Behavior [ RunTime:0.002139s ]
INFO: [ app_begin ] --END-- [ RunTime:0.002577s ]
SQL: SHOW COLUMNS FROM `album` [ RunTime:0.009278s ]
SQL: SELECT album.*,userinfo.nickname FROM `album` LEFT JOIN userinfo on album.uid=userinfo.id WHERE ( album.id=30 ) LIMIT 1   [ RunTime:0.001121s ]
SQL: SHOW COLUMNS FROM `photo` [ RunTime:0.041455s ]
SQL: SELECT * FROM `photo` WHERE ( photo.t_id=30 )  [ RunTime:0.000806s ]
INFO: [ view_template ] --START--
INFO: Run LocationTemplate Behavior [ RunTime:0.001991s ]
INFO: [ view_template ] --END-- [ RunTime:0.002210s ]
INFO: [ view_parse ] --START--
NOTIC: [8] Undefined index: uname D:\wamp\www\oop\tp_t\home\Runtime\Cache\02d69e70177c6eb2aaf9dab373f9b705.php 第 17 行.
NOTIC: [8] Undefined variable: page D:\wamp\www\oop\tp_t\home\Runtime\Cache\02d69e70177c6eb2aaf9dab373f9b705.php 第 46 行.
INFO: Run ParseTemplate Behavior [ RunTime:0.045600s ]
INFO: [ view_parse ] --END-- [ RunTime:0.045847s ]
INFO: [ view_filter ] --START--
INFO: Run ContentReplace Behavior [ RunTime:0.002258s ]
INFO: Run TokenBuild Behavior [ RunTime:0.001639s ]
INFO: Run WriteHtmlCache Behavior [ RunTime:0.000990s ]
INFO: Run ShowRuntime Behavior [ RunTime:0.001382s ]
INFO: [ view_filter ] --END-- [ RunTime:0.006908s ]
INFO: [ view_end ] --START--
INFO: Run ShowPageTrace Behavior [ RunTime:0.001529s ]
INFO: [ view_end ] --END-- [ RunTime:0.001725s ]

[ 2015-06-30T15:15:31+08:00 ] 192.168.1.3 /oop/tp_t/index.php
INFO: [ app_begin ] --START--
INFO: Run ReadHtmlCache Behavior [ RunTime:0.001552s ]
INFO: [ app_begin ] --END-- [ RunTime:0.001900s ]
SQL: SHOW COLUMNS FROM `album_type` [ RunTime:0.011624s ]
SQL: SELECT * FROM `album_type` ORDER BY sort desc LIMIT 4   [ RunTime:0.001204s ]
SQL: SHOW COLUMNS FROM `album` [ RunTime:0.011355s ]
SQL: SELECT album.*,userinfo.nickname FROM `album` LEFT JOIN userinfo on album.uid=userinfo.id WHERE ( album.t_id=3 ) ORDER BY album.id desc LIMIT 4   [ RunTime:0.001304s ]
SQL: SELECT album.*,userinfo.nickname FROM `album` LEFT JOIN userinfo on album.uid=userinfo.id WHERE ( album.t_id=1 ) ORDER BY album.id desc LIMIT 4   [ RunTime:0.000870s ]
SQL: SELECT album.*,userinfo.nickname FROM `album` LEFT JOIN userinfo on album.uid=userinfo.id WHERE ( album.t_id=2 ) ORDER BY album.id desc LIMIT 4   [ RunTime:0.000869s ]
SQL: SELECT album.*,userinfo.nickname FROM `album` LEFT JOIN userinfo on album.uid=userinfo.id WHERE ( album.t_id=5 ) ORDER BY album.id desc LIMIT 4   [ RunTime:0.000812s ]
INFO: [ view_template ] --START--
INFO: Run LocationTemplate Behavior [ RunTime:0.001676s ]
INFO: [ view_template ] --END-- [ RunTime:0.001896s ]
INFO: [ view_parse ] --START--
NOTIC: [8] Undefined index: uname D:\wamp\www\oop\tp_t\home\Runtime\Cache\d046431aa157c89f3a1c30c426be003b.php 第 14 行.
INFO: Run ParseTemplate Behavior [ RunTime:0.029334s ]
INFO: [ view_parse ] --END-- [ RunTime:0.029545s ]
INFO: [ view_filter ] --START--
INFO: Run ContentReplace Behavior [ RunTime:0.001515s ]
INFO: Run TokenBuild Behavior [ RunTime:0.001180s ]
INFO: Run WriteHtmlCache Behavior [ RunTime:0.000749s ]
INFO: Run ShowRuntime Behavior [ RunTime:0.001180s ]
INFO: [ view_filter ] --END-- [ RunTime:0.005243s ]
INFO: [ view_end ] --START--
INFO: Run ShowPageTrace Behavior [ RunTime:0.001265s ]
INFO: [ view_end ] --END-- [ RunTime:0.001574s ]

[ 2015-06-30T15:35:32+08:00 ] 0.0.0.0 /oop/tp_t/
INFO: [ app_begin ] --START--
INFO: Run ReadHtmlCache Behavior [ RunTime:0.002978s ]
INFO: [ app_begin ] --END-- [ RunTime:0.003349s ]
SQL: SHOW COLUMNS FROM `album_type` [ RunTime:0.011606s ]
SQL: SELECT * FROM `album_type` ORDER BY sort desc LIMIT 4   [ RunTime:0.001411s ]
SQL: SHOW COLUMNS FROM `album` [ RunTime:0.010707s ]
SQL: SELECT album.*,userinfo.nickname FROM `album` LEFT JOIN userinfo on album.uid=userinfo.id WHERE ( album.t_id=3 ) ORDER BY album.id desc LIMIT 4   [ RunTime:0.001158s ]
SQL: SELECT album.*,userinfo.nickname FROM `album` LEFT JOIN userinfo on album.uid=userinfo.id WHERE ( album.t_id=1 ) ORDER BY album.id desc LIMIT 4   [ RunTime:0.001874s ]
SQL: SELECT album.*,userinfo.nickname FROM `album` LEFT JOIN userinfo on album.uid=userinfo.id WHERE ( album.t_id=2 ) ORDER BY album.id desc LIMIT 4   [ RunTime:0.001693s ]
SQL: SELECT album.*,userinfo.nickname FROM `album` LEFT JOIN userinfo on album.uid=userinfo.id WHERE ( album.t_id=5 ) ORDER BY album.id desc LIMIT 4   [ RunTime:0.003647s ]
INFO: [ view_template ] --START--
INFO: Run LocationTemplate Behavior [ RunTime:0.003247s ]
INFO: [ view_template ] --END-- [ RunTime:0.003570s ]
INFO: [ view_parse ] --START--
NOTIC: [8] Undefined index: uname D:\wamp\www\oop\tp_t\home\Runtime\Cache\d046431aa157c89f3a1c30c426be003b.php 第 14 行.
INFO: Run ParseTemplate Behavior [ RunTime:0.041555s ]
INFO: [ view_parse ] --END-- [ RunTime:0.041884s ]
INFO: [ view_filter ] --START--
INFO: Run ContentReplace Behavior [ RunTime:0.002669s ]
INFO: Run TokenBuild Behavior [ RunTime:0.002306s ]
INFO: Run WriteHtmlCache Behavior [ RunTime:0.001787s ]
INFO: Run ShowRuntime Behavior [ RunTime:0.002520s ]
INFO: [ view_filter ] --END-- [ RunTime:0.010230s ]
INFO: [ view_end ] --START--
INFO: Run ShowPageTrace Behavior [ RunTime:0.004808s ]
INFO: [ view_end ] --END-- [ RunTime:0.005174s ]

[ 2015-06-30T15:56:56+08:00 ] 192.168.1.3 /oop/tp_t/index.php
INFO: [ app_begin ] --START--
INFO: Run ReadHtmlCache Behavior [ RunTime:0.002199s ]
INFO: [ app_begin ] --END-- [ RunTime:0.002551s ]
SQL: SHOW COLUMNS FROM `album_type` [ RunTime:0.010717s ]
SQL: SELECT * FROM `album_type` ORDER BY sort desc LIMIT 4   [ RunTime:0.001155s ]
SQL: SHOW COLUMNS FROM `album` [ RunTime:0.011421s ]
SQL: SELECT album.*,userinfo.nickname FROM `album` LEFT JOIN userinfo on album.uid=userinfo.id WHERE ( album.t_id=3 ) ORDER BY album.id desc LIMIT 4   [ RunTime:0.001710s ]
SQL: SELECT album.*,userinfo.nickname FROM `album` LEFT JOIN userinfo on album.uid=userinfo.id WHERE ( album.t_id=1 ) ORDER BY album.id desc LIMIT 4   [ RunTime:0.000861s ]
SQL: SELECT album.*,userinfo.nickname FROM `album` LEFT JOIN userinfo on album.uid=userinfo.id WHERE ( album.t_id=2 ) ORDER BY album.id desc LIMIT 4   [ RunTime:0.000911s ]
SQL: SELECT album.*,userinfo.nickname FROM `album` LEFT JOIN userinfo on album.uid=userinfo.id WHERE ( album.t_id=5 ) ORDER BY album.id desc LIMIT 4   [ RunTime:0.000877s ]
INFO: [ view_template ] --START--
INFO: Run LocationTemplate Behavior [ RunTime:0.002496s ]
INFO: [ view_template ] --END-- [ RunTime:0.002749s ]
INFO: [ view_parse ] --START--
NOTIC: [8] Undefined index: uname D:\wamp\www\oop\tp_t\home\Runtime\Cache\d046431aa157c89f3a1c30c426be003b.php 第 14 行.
INFO: Run ParseTemplate Behavior [ RunTime:0.079609s ]
INFO: [ view_parse ] --END-- [ RunTime:0.080024s ]
INFO: [ view_filter ] --START--
INFO: Run ContentReplace Behavior [ RunTime:0.002966s ]
INFO: Run TokenBuild Behavior [ RunTime:0.001384s ]
INFO: Run WriteHtmlCache Behavior [ RunTime:0.000943s ]
INFO: Run ShowRuntime Behavior [ RunTime:0.001500s ]
INFO: [ view_filter ] --END-- [ RunTime:0.007615s ]
INFO: [ view_end ] --START--
INFO: Run ShowPageTrace Behavior [ RunTime:0.001552s ]
INFO: [ view_end ] --END-- [ RunTime:0.001756s ]

[ 2015-06-30T15:57:02+08:00 ] 192.168.1.3 /oop/tp_t/index.php/Album/album_photo/id/30
INFO: [ route_check ] --START--
INFO: Run CheckRoute Behavior [ RunTime:0.002731s ]
INFO: [ route_check ] --END-- [ RunTime:0.003074s ]
INFO: [ app_begin ] --START--
INFO: Run ReadHtmlCache Behavior [ RunTime:0.001633s ]
INFO: [ app_begin ] --END-- [ RunTime:0.002069s ]
SQL: SHOW COLUMNS FROM `album` [ RunTime:0.010930s ]
SQL: SELECT album.*,userinfo.nickname FROM `album` LEFT JOIN userinfo on album.uid=userinfo.id WHERE ( album.id=30 ) LIMIT 1   [ RunTime:0.001082s ]
SQL: SHOW COLUMNS FROM `photo` [ RunTime:0.011100s ]
SQL: SELECT * FROM `photo` WHERE ( photo.t_id=30 )  [ RunTime:0.002471s ]
INFO: [ view_template ] --START--
INFO: Run LocationTemplate Behavior [ RunTime:0.002506s ]
INFO: [ view_template ] --END-- [ RunTime:0.002906s ]
INFO: [ view_parse ] --START--
NOTIC: [8] Undefined index: uname D:\wamp\www\oop\tp_t\home\Runtime\Cache\02d69e70177c6eb2aaf9dab373f9b705.php 第 17 行.
NOTIC: [8] Undefined variable: page D:\wamp\www\oop\tp_t\home\Runtime\Cache\02d69e70177c6eb2aaf9dab373f9b705.php 第 46 行.
INFO: Run ParseTemplate Behavior [ RunTime:0.062705s ]
INFO: [ view_parse ] --END-- [ RunTime:0.063031s ]
INFO: [ view_filter ] --START--
INFO: Run ContentReplace Behavior [ RunTime:0.001327s ]
INFO: Run TokenBuild Behavior [ RunTime:0.001169s ]
INFO: Run WriteHtmlCache Behavior [ RunTime:0.000785s ]
INFO: Run ShowRuntime Behavior [ RunTime:0.001225s ]
INFO: [ view_filter ] --END-- [ RunTime:0.005199s ]
INFO: [ view_end ] --START--
INFO: Run ShowPageTrace Behavior [ RunTime:0.001301s ]
INFO: [ view_end ] --END-- [ RunTime:0.001520s ]

[ 2015-06-30T15:57:13+08:00 ] 192.168.1.3 /oop/tp_t/index.php
INFO: [ app_begin ] --START--
INFO: Run ReadHtmlCache Behavior [ RunTime:0.001575s ]
INFO: [ app_begin ] --END-- [ RunTime:0.001891s ]
SQL: SHOW COLUMNS FROM `album_type` [ RunTime:0.012331s ]
SQL: SELECT * FROM `album_type` ORDER BY sort desc LIMIT 4   [ RunTime:0.001185s ]
SQL: SHOW COLUMNS FROM `album` [ RunTime:0.012516s ]
SQL: SELECT album.*,userinfo.nickname FROM `album` LEFT JOIN userinfo on album.uid=userinfo.id WHERE ( album.t_id=3 ) ORDER BY album.id desc LIMIT 4   [ RunTime:0.003080s ]
SQL: SELECT album.*,userinfo.nickname FROM `album` LEFT JOIN userinfo on album.uid=userinfo.id WHERE ( album.t_id=1 ) ORDER BY album.id desc LIMIT 4   [ RunTime:0.001297s ]
SQL: SELECT album.*,userinfo.nickname FROM `album` LEFT JOIN userinfo on album.uid=userinfo.id WHERE ( album.t_id=2 ) ORDER BY album.id desc LIMIT 4   [ RunTime:0.015026s ]
SQL: SELECT album.*,userinfo.nickname FROM `album` LEFT JOIN userinfo on album.uid=userinfo.id WHERE ( album.t_id=5 ) ORDER BY album.id desc LIMIT 4   [ RunTime:0.000917s ]
INFO: [ view_template ] --START--
INFO: Run LocationTemplate Behavior [ RunTime:0.001842s ]
INFO: [ view_template ] --END-- [ RunTime:0.002267s ]
INFO: [ view_parse ] --START--
NOTIC: [8] Undefined index: uname D:\wamp\www\oop\tp_t\home\Runtime\Cache\d046431aa157c89f3a1c30c426be003b.php 第 14 行.
INFO: Run ParseTemplate Behavior [ RunTime:0.054725s ]
INFO: [ view_parse ] --END-- [ RunTime:0.055084s ]
INFO: [ view_filter ] --START--
INFO: Run ContentReplace Behavior [ RunTime:0.007182s ]
INFO: Run TokenBuild Behavior [ RunTime:0.002062s ]
INFO: Run WriteHtmlCache Behavior [ RunTime:0.001041s ]
INFO: Run ShowRuntime Behavior [ RunTime:0.001581s ]
INFO: [ view_filter ] --END-- [ RunTime:0.012811s ]
INFO: [ view_end ] --START--
INFO: Run ShowPageTrace Behavior [ RunTime:0.001423s ]
INFO: [ view_end ] --END-- [ RunTime:0.001679s ]

[ 2015-06-30T15:59:10+08:00 ] 192.168.1.3 /oop/tp_t/index.php/Album/lists/
INFO: [ route_check ] --START--
INFO: Run CheckRoute Behavior [ RunTime:0.004345s ]
INFO: [ route_check ] --END-- [ RunTime:0.004760s ]
INFO: [ app_begin ] --START--
INFO: Run ReadHtmlCache Behavior [ RunTime:0.003229s ]
INFO: [ app_begin ] --END-- [ RunTime:0.003828s ]
NOTIC: [8] Undefined index: atype D:\wamp\www\oop\tp_t\home\Lib\Action\AlbumAction.class.php 第 7 行.
SQL: SHOW COLUMNS FROM `album` [ RunTime:0.008729s ]
NOTIC: [2] Invalid argument supplied for foreach() D:\wamp\www\oop\tp_t\ThinkPHP\Lib\Core\Db.class.php 第 391 行.
SQL: SELECT COUNT(*) AS tp_count FROM `album` LIMIT 1   [ RunTime:0.020551s ]
NOTIC: [2] Invalid argument supplied for foreach() D:\wamp\www\oop\tp_t\ThinkPHP\Lib\Core\Db.class.php 第 391 行.
SQL: SELECT album.*,album_type.t_name,userinfo.nickname FROM `album` LEFT JOIN album_type on album.t_id=album_type.id LEFT JOIN userinfo on album.uid=userinfo.id ORDER BY album.id desc LIMIT 0,8   [ RunTime:0.001238s ]
INFO: [ view_template ] --START--
INFO: Run LocationTemplate Behavior [ RunTime:0.003206s ]
INFO: [ view_template ] --END-- [ RunTime:0.003653s ]
INFO: [ view_parse ] --START--
NOTIC: [8] Undefined index: uname D:\wamp\www\oop\tp_t\home\Runtime\Cache\2300a791f02755d560f2faf87eb6cb45.php 第 17 行.
INFO: Run ParseTemplate Behavior [ RunTime:0.050918s ]
INFO: [ view_parse ] --END-- [ RunTime:0.051268s ]
INFO: [ view_filter ] --START--
INFO: Run ContentReplace Behavior [ RunTime:0.001726s ]
INFO: Run TokenBuild Behavior [ RunTime:0.001629s ]
INFO: Run WriteHtmlCache Behavior [ RunTime:0.001265s ]
INFO: Run ShowRuntime Behavior [ RunTime:0.001687s ]
INFO: [ view_filter ] --END-- [ RunTime:0.007180s ]
INFO: [ view_end ] --START--
INFO: Run ShowPageTrace Behavior [ RunTime:0.003972s ]
INFO: [ view_end ] --END-- [ RunTime:0.004544s ]

[ 2015-06-30T15:59:15+08:00 ] 192.168.1.3 /oop/tp_t/index.php/Album/lists/p/2
INFO: [ route_check ] --START--
INFO: Run CheckRoute Behavior [ RunTime:0.005197s ]
INFO: [ route_check ] --END-- [ RunTime:0.005580s ]
INFO: [ app_begin ] --START--
INFO: Run ReadHtmlCache Behavior [ RunTime:0.002876s ]
INFO: [ app_begin ] --END-- [ RunTime:0.003259s ]
NOTIC: [8] Undefined index: atype D:\wamp\www\oop\tp_t\home\Lib\Action\AlbumAction.class.php 第 7 行.
SQL: SHOW COLUMNS FROM `album` [ RunTime:0.010674s ]
NOTIC: [2] Invalid argument supplied for foreach() D:\wamp\www\oop\tp_t\ThinkPHP\Lib\Core\Db.class.php 第 391 行.
SQL: SELECT COUNT(*) AS tp_count FROM `album` LIMIT 1   [ RunTime:0.001080s ]
NOTIC: [2] Invalid argument supplied for foreach() D:\wamp\www\oop\tp_t\ThinkPHP\Lib\Core\Db.class.php 第 391 行.
SQL: SELECT album.*,album_type.t_name,userinfo.nickname FROM `album` LEFT JOIN album_type on album.t_id=album_type.id LEFT JOIN userinfo on album.uid=userinfo.id ORDER BY album.id desc LIMIT 8,8   [ RunTime:0.001777s ]
INFO: [ view_template ] --START--
INFO: Run LocationTemplate Behavior [ RunTime:0.003674s ]
INFO: [ view_template ] --END-- [ RunTime:0.004056s ]
INFO: [ view_parse ] --START--
NOTIC: [8] Undefined index: uname D:\wamp\www\oop\tp_t\home\Runtime\Cache\2300a791f02755d560f2faf87eb6cb45.php 第 17 行.
INFO: Run ParseTemplate Behavior [ RunTime:0.041867s ]
INFO: [ view_parse ] --END-- [ RunTime:0.042274s ]
INFO: [ view_filter ] --START--
INFO: Run ContentReplace Behavior [ RunTime:0.003838s ]
INFO: Run TokenBuild Behavior [ RunTime:0.002335s ]
INFO: Run WriteHtmlCache Behavior [ RunTime:0.001930s ]
INFO: Run ShowRuntime Behavior [ RunTime:0.003878s ]
INFO: [ view_filter ] --END-- [ RunTime:0.012806s ]
INFO: [ view_end ] --START--
INFO: Run ShowPageTrace Behavior [ RunTime:0.002132s ]
INFO: [ view_end ] --END-- [ RunTime:0.002496s ]

[ 2015-06-30T15:59:21+08:00 ] 192.168.1.3 /oop/tp_t/index.php/Album/lists/p/3
INFO: [ route_check ] --START--
INFO: Run CheckRoute Behavior [ RunTime:0.002536s ]
INFO: [ route_check ] --END-- [ RunTime:0.002781s ]
INFO: [ app_begin ] --START--
INFO: Run ReadHtmlCache Behavior [ RunTime:0.002480s ]
INFO: [ app_begin ] --END-- [ RunTime:0.002857s ]
NOTIC: [8] Undefined index: atype D:\wamp\www\oop\tp_t\home\Lib\Action\AlbumAction.class.php 第 7 行.
SQL: SHOW COLUMNS FROM `album` [ RunTime:0.012084s ]
NOTIC: [2] Invalid argument supplied for foreach() D:\wamp\www\oop\tp_t\ThinkPHP\Lib\Core\Db.class.php 第 391 行.
SQL: SELECT COUNT(*) AS tp_count FROM `album` LIMIT 1   [ RunTime:0.000814s ]
NOTIC: [2] Invalid argument supplied for foreach() D:\wamp\www\oop\tp_t\ThinkPHP\Lib\Core\Db.class.php 第 391 行.
SQL: SELECT album.*,album_type.t_name,userinfo.nickname FROM `album` LEFT JOIN album_type on album.t_id=album_type.id LEFT JOIN userinfo on album.uid=userinfo.id ORDER BY album.id desc LIMIT 16,8   [ RunTime:0.001664s ]
INFO: [ view_template ] --START--
INFO: Run LocationTemplate Behavior [ RunTime:0.003485s ]
INFO: [ view_template ] --END-- [ RunTime:0.003900s ]
INFO: [ view_parse ] --START--
NOTIC: [8] Undefined index: uname D:\wamp\www\oop\tp_t\home\Runtime\Cache\2300a791f02755d560f2faf87eb6cb45.php 第 17 行.
INFO: Run ParseTemplate Behavior [ RunTime:0.047303s ]
INFO: [ view_parse ] --END-- [ RunTime:0.047659s ]
INFO: [ view_filter ] --START--
INFO: Run ContentReplace Behavior [ RunTime:0.002678s ]
INFO: Run TokenBuild Behavior [ RunTime:0.007175s ]
INFO: Run WriteHtmlCache Behavior [ RunTime:0.008075s ]
INFO: Run ShowRuntime Behavior [ RunTime:0.003814s ]
INFO: [ view_filter ] --END-- [ RunTime:0.023413s ]
INFO: [ view_end ] --START--
INFO: Run ShowPageTrace Behavior [ RunTime:0.004874s ]
INFO: [ view_end ] --END-- [ RunTime:0.005260s ]

[ 2015-06-30T15:59:24+08:00 ] 192.168.1.3 /oop/tp_t/index.php/Album/album_photo/id/8
INFO: [ route_check ] --START--
INFO: Run CheckRoute Behavior [ RunTime:0.004040s ]
INFO: [ route_check ] --END-- [ RunTime:0.004557s ]
INFO: [ app_begin ] --START--
INFO: Run ReadHtmlCache Behavior [ RunTime:0.002207s ]
INFO: [ app_begin ] --END-- [ RunTime:0.002620s ]
SQL: SHOW COLUMNS FROM `album` [ RunTime:0.009544s ]
SQL: SELECT album.*,userinfo.nickname FROM `album` LEFT JOIN userinfo on album.uid=userinfo.id WHERE ( album.id=8 ) LIMIT 1   [ RunTime:0.001701s ]
SQL: SHOW COLUMNS FROM `photo` [ RunTime:0.011328s ]
SQL: SELECT * FROM `photo` WHERE ( photo.t_id=8 )  [ RunTime:0.000815s ]
INFO: [ view_template ] --START--
INFO: Run LocationTemplate Behavior [ RunTime:0.002516s ]
INFO: [ view_template ] --END-- [ RunTime:0.002733s ]
INFO: [ view_parse ] --START--
NOTIC: [8] Undefined index: uname D:\wamp\www\oop\tp_t\home\Runtime\Cache\02d69e70177c6eb2aaf9dab373f9b705.php 第 17 行.
NOTIC: [8] Undefined variable: page D:\wamp\www\oop\tp_t\home\Runtime\Cache\02d69e70177c6eb2aaf9dab373f9b705.php 第 46 行.
INFO: Run ParseTemplate Behavior [ RunTime:0.033341s ]
INFO: [ view_parse ] --END-- [ RunTime:0.033571s ]
INFO: [ view_filter ] --START--
INFO: Run ContentReplace Behavior [ RunTime:0.001636s ]
INFO: Run TokenBuild Behavior [ RunTime:0.002163s ]
INFO: Run WriteHtmlCache Behavior [ RunTime:0.001880s ]
INFO: Run ShowRuntime Behavior [ RunTime:0.001903s ]
INFO: [ view_filter ] --END-- [ RunTime:0.008354s ]
INFO: [ view_end ] --START--
INFO: Run ShowPageTrace Behavior [ RunTime:0.003108s ]
INFO: [ view_end ] --END-- [ RunTime:0.003457s ]

[ 2015-06-30T15:59:32+08:00 ] 192.168.1.3 /oop/tp_t/index.php/Album/album_photo/id/10
INFO: [ route_check ] --START--
INFO: Run CheckRoute Behavior [ RunTime:0.002937s ]
INFO: [ route_check ] --END-- [ RunTime:0.003355s ]
INFO: [ app_begin ] --START--
INFO: Run ReadHtmlCache Behavior [ RunTime:0.003450s ]
INFO: [ app_begin ] --END-- [ RunTime:0.004144s ]
SQL: SHOW COLUMNS FROM `album` [ RunTime:0.006224s ]
SQL: SELECT album.*,userinfo.nickname FROM `album` LEFT JOIN userinfo on album.uid=userinfo.id WHERE ( album.id=10 ) LIMIT 1   [ RunTime:0.001795s ]
SQL: SHOW COLUMNS FROM `photo` [ RunTime:0.011694s ]
SQL: SELECT * FROM `photo` WHERE ( photo.t_id=10 )  [ RunTime:0.000824s ]
INFO: [ view_template ] --START--
INFO: Run LocationTemplate Behavior [ RunTime:0.001944s ]
INFO: [ view_template ] --END-- [ RunTime:0.002197s ]
INFO: [ view_parse ] --START--
NOTIC: [8] Undefined index: uname D:\wamp\www\oop\tp_t\home\Runtime\Cache\02d69e70177c6eb2aaf9dab373f9b705.php 第 17 行.
NOTIC: [8] Undefined variable: page D:\wamp\www\oop\tp_t\home\Runtime\Cache\02d69e70177c6eb2aaf9dab373f9b705.php 第 46 行.
INFO: Run ParseTemplate Behavior [ RunTime:0.030993s ]
INFO: [ view_parse ] --END-- [ RunTime:0.031266s ]
INFO: [ view_filter ] --START--
INFO: Run ContentReplace Behavior [ RunTime:0.002886s ]
INFO: Run TokenBuild Behavior [ RunTime:0.005530s ]
INFO: Run WriteHtmlCache Behavior [ RunTime:0.001765s ]
INFO: Run ShowRuntime Behavior [ RunTime:0.002204s ]
INFO: [ view_filter ] --END-- [ RunTime:0.013341s ]
INFO: [ view_end ] --START--
INFO: Run ShowPageTrace Behavior [ RunTime:0.002548s ]
INFO: [ view_end ] --END-- [ RunTime:0.002886s ]

[ 2015-06-30T15:59:38+08:00 ] 192.168.1.3 /oop/tp_t/index.php/Album/lists/p/1
INFO: [ route_check ] --START--
INFO: Run CheckRoute Behavior [ RunTime:0.001759s ]
INFO: [ route_check ] --END-- [ RunTime:0.002022s ]
INFO: [ app_begin ] --START--
INFO: Run ReadHtmlCache Behavior [ RunTime:0.001410s ]
INFO: [ app_begin ] --END-- [ RunTime:0.001622s ]
NOTIC: [8] Undefined index: atype D:\wamp\www\oop\tp_t\home\Lib\Action\AlbumAction.class.php 第 7 行.
SQL: SHOW COLUMNS FROM `album` [ RunTime:0.011399s ]
NOTIC: [2] Invalid argument supplied for foreach() D:\wamp\www\oop\tp_t\ThinkPHP\Lib\Core\Db.class.php 第 391 行.
SQL: SELECT COUNT(*) AS tp_count FROM `album` LIMIT 1   [ RunTime:0.000714s ]
NOTIC: [2] Invalid argument supplied for foreach() D:\wamp\www\oop\tp_t\ThinkPHP\Lib\Core\Db.class.php 第 391 行.
SQL: SELECT album.*,album_type.t_name,userinfo.nickname FROM `album` LEFT JOIN album_type on album.t_id=album_type.id LEFT JOIN userinfo on album.uid=userinfo.id ORDER BY album.id desc LIMIT 0,8   [ RunTime:0.000922s ]
INFO: [ view_template ] --START--
INFO: Run LocationTemplate Behavior [ RunTime:0.001484s ]
INFO: [ view_template ] --END-- [ RunTime:0.001733s ]
INFO: [ view_parse ] --START--
NOTIC: [8] Undefined index: uname D:\wamp\www\oop\tp_t\home\Runtime\Cache\2300a791f02755d560f2faf87eb6cb45.php 第 17 行.
INFO: Run ParseTemplate Behavior [ RunTime:0.030519s ]
INFO: [ view_parse ] --END-- [ RunTime:0.030732s ]
INFO: [ view_filter ] --START--
INFO: Run ContentReplace Behavior [ RunTime:0.001441s ]
INFO: Run TokenBuild Behavior [ RunTime:0.001442s ]
INFO: Run WriteHtmlCache Behavior [ RunTime:0.001724s ]
INFO: Run ShowRuntime Behavior [ RunTime:0.002136s ]
INFO: [ view_filter ] --END-- [ RunTime:0.007469s ]
INFO: [ view_end ] --START--
INFO: Run ShowPageTrace Behavior [ RunTime:0.002913s ]
INFO: [ view_end ] --END-- [ RunTime:0.003236s ]

[ 2015-06-30T16:00:34+08:00 ] 0.0.0.0 /oop/tp_t/index.php/Public/login/
INFO: [ route_check ] --START--
INFO: Run CheckRoute Behavior [ RunTime:0.002998s ]
INFO: [ route_check ] --END-- [ RunTime:0.003442s ]
INFO: [ app_begin ] --START--
INFO: Run ReadHtmlCache Behavior [ RunTime:0.004536s ]
INFO: [ app_begin ] --END-- [ RunTime:0.004862s ]
INFO: [ view_template ] --START--
INFO: Run LocationTemplate Behavior [ RunTime:0.003099s ]
INFO: [ view_template ] --END-- [ RunTime:0.003596s ]
INFO: [ view_parse ] --START--
NOTIC: [8] Undefined index: uname D:\wamp\www\oop\tp_t\home\Runtime\Cache\dddf1b2d3634e21399753b7b65c08d54.php 第 17 行.
NOTIC: [8] Undefined variable: tname D:\wamp\www\oop\tp_t\home\Runtime\Cache\dddf1b2d3634e21399753b7b65c08d54.php 第 28 行.
INFO: Run ParseTemplate Behavior [ RunTime:0.040497s ]
INFO: [ view_parse ] --END-- [ RunTime:0.040974s ]
INFO: [ view_filter ] --START--
INFO: Run ContentReplace Behavior [ RunTime:0.002242s ]
INFO: Run TokenBuild Behavior [ RunTime:0.002015s ]
INFO: Run WriteHtmlCache Behavior [ RunTime:0.002000s ]
INFO: Run ShowRuntime Behavior [ RunTime:0.002158s ]
INFO: [ view_filter ] --END-- [ RunTime:0.009540s ]
INFO: [ view_end ] --START--
INFO: Run ShowPageTrace Behavior [ RunTime:0.002630s ]
INFO: [ view_end ] --END-- [ RunTime:0.003030s ]

[ 2015-06-30T16:22:04+08:00 ] 0.0.0.0 /oop/tp_t/
INFO: [ app_begin ] --START--
INFO: Run ReadHtmlCache Behavior [ RunTime:0.002658s ]
INFO: [ app_begin ] --END-- [ RunTime:0.003071s ]
SQL: SHOW COLUMNS FROM `album_type` [ RunTime:0.012074s ]
SQL: SELECT * FROM `album_type` ORDER BY sort desc LIMIT 4   [ RunTime:0.004452s ]
SQL: SHOW COLUMNS FROM `album` [ RunTime:0.014195s ]
SQL: SELECT album.*,userinfo.nickname FROM `album` LEFT JOIN userinfo on album.uid=userinfo.id WHERE ( album.t_id=3 ) ORDER BY album.id desc LIMIT 4   [ RunTime:0.001388s ]
SQL: SELECT album.*,userinfo.nickname FROM `album` LEFT JOIN userinfo on album.uid=userinfo.id WHERE ( album.t_id=1 ) ORDER BY album.id desc LIMIT 4   [ RunTime:0.001307s ]
SQL: SELECT album.*,userinfo.nickname FROM `album` LEFT JOIN userinfo on album.uid=userinfo.id WHERE ( album.t_id=2 ) ORDER BY album.id desc LIMIT 4   [ RunTime:0.001118s ]
SQL: SELECT album.*,userinfo.nickname FROM `album` LEFT JOIN userinfo on album.uid=userinfo.id WHERE ( album.t_id=5 ) ORDER BY album.id desc LIMIT 4   [ RunTime:0.001342s ]
INFO: [ view_template ] --START--
INFO: Run LocationTemplate Behavior [ RunTime:0.002747s ]
INFO: [ view_template ] --END-- [ RunTime:0.003129s ]
INFO: [ view_parse ] --START--
NOTIC: [8] Undefined index: uname D:\wamp\www\oop\tp_t\home\Runtime\Cache\d046431aa157c89f3a1c30c426be003b.php 第 14 行.
INFO: Run ParseTemplate Behavior [ RunTime:0.034945s ]
INFO: [ view_parse ] --END-- [ RunTime:0.035280s ]
INFO: [ view_filter ] --START--
INFO: Run ContentReplace Behavior [ RunTime:0.001953s ]
INFO: Run TokenBuild Behavior [ RunTime:0.005165s ]
INFO: Run WriteHtmlCache Behavior [ RunTime:0.001899s ]
INFO: Run ShowRuntime Behavior [ RunTime:0.002756s ]
INFO: [ view_filter ] --END-- [ RunTime:0.012742s ]
INFO: [ view_end ] --START--
INFO: Run ShowPageTrace Behavior [ RunTime:0.002727s ]
INFO: [ view_end ] --END-- [ RunTime:0.003089s ]

