[ 2015-04-29T15:58:48+08:00 ] 0.0.0.0 /oop/tp_t/
INFO: [ app_begin ] --START--
INFO: Run ReadHtmlCache Behavior [ RunTime:0.010648s ]
INFO: [ app_begin ] --END-- [ RunTime:0.011089s ]
SQL: SHOW COLUMNS FROM `album_type` [ RunTime:0.045157s ]
SQL: SELECT * FROM `album_type` ORDER BY sort desc LIMIT 4   [ RunTime:0.075167s ]
SQL: SHOW COLUMNS FROM `album` [ RunTime:0.021784s ]
SQL: SELECT album.*,userinfo.nickname FROM `album` LEFT JOIN userinfo on album.uid=userinfo.id WHERE ( album.t_id=3 ) ORDER BY album.id desc LIMIT 4   [ RunTime:0.059852s ]
SQL: SELECT album.*,userinfo.nickname FROM `album` LEFT JOIN userinfo on album.uid=userinfo.id WHERE ( album.t_id=1 ) ORDER BY album.id desc LIMIT 4   [ RunTime:0.002436s ]
SQL: SELECT album.*,userinfo.nickname FROM `album` LEFT JOIN userinfo on album.uid=userinfo.id WHERE ( album.t_id=2 ) ORDER BY album.id desc LIMIT 4   [ RunTime:0.001279s ]
SQL: SELECT album.*,userinfo.nickname FROM `album` LEFT JOIN userinfo on album.uid=userinfo.id WHERE ( album.t_id=5 ) ORDER BY album.id desc LIMIT 4   [ RunTime:0.001062s ]
INFO: [ view_template ] --START--
INFO: Run LocationTemplate Behavior [ RunTime:0.037414s ]
INFO: [ view_template ] --END-- [ RunTime:0.037861s ]
INFO: [ view_parse ] --START--
NOTIC: [8] Undefined index: uname D:\wamp\www\oop\tp_t\home\Runtime\Cache\d046431aa157c89f3a1c30c426be003b.php 第 14 行.
INFO: Run ParseTemplate Behavior [ RunTime:0.196305s ]
INFO: [ view_parse ] --END-- [ RunTime:0.196682s ]
INFO: [ view_filter ] --START--
INFO: Run ContentReplace Behavior [ RunTime:0.014764s ]
INFO: Run TokenBuild Behavior [ RunTime:0.003028s ]
INFO: Run WriteHtmlCache Behavior [ RunTime:0.001695s ]
INFO: Run ShowRuntime Behavior [ RunTime:0.003834s ]
INFO: [ view_filter ] --END-- [ RunTime:0.025074s ]
INFO: [ view_end ] --START--
INFO: Run ShowPageTrace Behavior [ RunTime:0.002876s ]
INFO: [ view_end ] --END-- [ RunTime:0.003175s ]

[ 2015-04-29T16:22:46+08:00 ] 0.0.0.0 /oop/tp_t/
INFO: [ app_begin ] --START--
INFO: Run ReadHtmlCache Behavior [ RunTime:0.002006s ]
INFO: [ app_begin ] --END-- [ RunTime:0.002411s ]
SQL: SHOW COLUMNS FROM `album_type` [ RunTime:0.011845s ]
SQL: SELECT * FROM `album_type` ORDER BY sort desc LIMIT 4   [ RunTime:0.000918s ]
SQL: SHOW COLUMNS FROM `album` [ RunTime:0.009594s ]
SQL: SELECT album.*,userinfo.nickname FROM `album` LEFT JOIN userinfo on album.uid=userinfo.id WHERE ( album.t_id=3 ) ORDER BY album.id desc LIMIT 4   [ RunTime:0.001129s ]
SQL: SELECT album.*,userinfo.nickname FROM `album` LEFT JOIN userinfo on album.uid=userinfo.id WHERE ( album.t_id=1 ) ORDER BY album.id desc LIMIT 4   [ RunTime:0.001025s ]
SQL: SELECT album.*,userinfo.nickname FROM `album` LEFT JOIN userinfo on album.uid=userinfo.id WHERE ( album.t_id=2 ) ORDER BY album.id desc LIMIT 4   [ RunTime:0.001311s ]
SQL: SELECT album.*,userinfo.nickname FROM `album` LEFT JOIN userinfo on album.uid=userinfo.id WHERE ( album.t_id=5 ) ORDER BY album.id desc LIMIT 4   [ RunTime:0.000783s ]
INFO: [ view_template ] --START--
INFO: Run LocationTemplate Behavior [ RunTime:0.002078s ]
INFO: [ view_template ] --END-- [ RunTime:0.002306s ]
INFO: [ view_parse ] --START--
NOTIC: [8] Undefined index: uname D:\wamp\www\oop\tp_t\home\Runtime\Cache\d046431aa157c89f3a1c30c426be003b.php 第 14 行.
INFO: Run ParseTemplate Behavior [ RunTime:0.029855s ]
INFO: [ view_parse ] --END-- [ RunTime:0.030072s ]
INFO: [ view_filter ] --START--
INFO: Run ContentReplace Behavior [ RunTime:0.003261s ]
INFO: Run TokenBuild Behavior [ RunTime:0.001749s ]
INFO: Run WriteHtmlCache Behavior [ RunTime:0.001058s ]
INFO: Run ShowRuntime Behavior [ RunTime:0.001423s ]
INFO: [ view_filter ] --END-- [ RunTime:0.008197s ]
INFO: [ view_end ] --START--
INFO: Run ShowPageTrace Behavior [ RunTime:0.001523s ]
INFO: [ view_end ] --END-- [ RunTime:0.001725s ]

[ 2015-04-29T16:24:16+08:00 ] 0.0.0.0 /oop/tp_t/
INFO: [ app_begin ] --START--
INFO: Run ReadHtmlCache Behavior [ RunTime:0.001946s ]
INFO: [ app_begin ] --END-- [ RunTime:0.002281s ]
SQL: SHOW COLUMNS FROM `album_type` [ RunTime:0.008543s ]
SQL: SELECT * FROM `album_type` ORDER BY sort desc LIMIT 4   [ RunTime:0.000911s ]
SQL: SHOW COLUMNS FROM `album` [ RunTime:0.008460s ]
SQL: SELECT album.*,userinfo.nickname FROM `album` LEFT JOIN userinfo on album.uid=userinfo.id WHERE ( album.t_id=3 ) ORDER BY album.id desc LIMIT 4   [ RunTime:0.000922s ]
SQL: SELECT album.*,userinfo.nickname FROM `album` LEFT JOIN userinfo on album.uid=userinfo.id WHERE ( album.t_id=1 ) ORDER BY album.id desc LIMIT 4   [ RunTime:0.000793s ]
SQL: SELECT album.*,userinfo.nickname FROM `album` LEFT JOIN userinfo on album.uid=userinfo.id WHERE ( album.t_id=2 ) ORDER BY album.id desc LIMIT 4   [ RunTime:0.000916s ]
SQL: SELECT album.*,userinfo.nickname FROM `album` LEFT JOIN userinfo on album.uid=userinfo.id WHERE ( album.t_id=5 ) ORDER BY album.id desc LIMIT 4   [ RunTime:0.000818s ]
INFO: [ view_template ] --START--
INFO: Run LocationTemplate Behavior [ RunTime:0.003256s ]
INFO: [ view_template ] --END-- [ RunTime:0.003585s ]
INFO: [ view_parse ] --START--
NOTIC: [8] Undefined index: uname D:\wamp\www\oop\tp_t\home\Runtime\Cache\d046431aa157c89f3a1c30c426be003b.php 第 14 行.
INFO: Run ParseTemplate Behavior [ RunTime:0.029414s ]
INFO: [ view_parse ] --END-- [ RunTime:0.029662s ]
INFO: [ view_filter ] --START--
INFO: Run ContentReplace Behavior [ RunTime:0.001639s ]
INFO: Run TokenBuild Behavior [ RunTime:0.001551s ]
INFO: Run WriteHtmlCache Behavior [ RunTime:0.001550s ]
INFO: Run ShowRuntime Behavior [ RunTime:0.001746s ]
INFO: [ view_filter ] --END-- [ RunTime:0.007096s ]
INFO: [ view_end ] --START--
INFO: Run ShowPageTrace Behavior [ RunTime:0.001907s ]
INFO: [ view_end ] --END-- [ RunTime:0.002113s ]

[ 2015-04-29T16:24:19+08:00 ] 0.0.0.0 /oop/tp_t/index.php/Public/register/
INFO: [ route_check ] --START--
INFO: Run CheckRoute Behavior [ RunTime:0.001872s ]
INFO: [ route_check ] --END-- [ RunTime:0.002120s ]
INFO: [ app_begin ] --START--
INFO: Run ReadHtmlCache Behavior [ RunTime:0.001225s ]
INFO: [ app_begin ] --END-- [ RunTime:0.001440s ]
INFO: [ view_template ] --START--
INFO: Run LocationTemplate Behavior [ RunTime:0.017081s ]
INFO: [ view_template ] --END-- [ RunTime:0.017498s ]
INFO: [ view_parse ] --START--
NOTIC: [8] Undefined index: uname D:\wamp\www\oop\tp_t\home\Runtime\Cache\f82d19cfc8984b5ca7bf785e4abd8c45.php 第 17 行.
NOTIC: [8] Undefined variable: tname D:\wamp\www\oop\tp_t\home\Runtime\Cache\f82d19cfc8984b5ca7bf785e4abd8c45.php 第 27 行.
INFO: Run ParseTemplate Behavior [ RunTime:0.030047s ]
INFO: [ view_parse ] --END-- [ RunTime:0.030287s ]
INFO: [ view_filter ] --START--
INFO: Run ContentReplace Behavior [ RunTime:0.001921s ]
INFO: Run TokenBuild Behavior [ RunTime:0.001411s ]
INFO: Run WriteHtmlCache Behavior [ RunTime:0.001191s ]
INFO: Run ShowRuntime Behavior [ RunTime:0.001725s ]
INFO: [ view_filter ] --END-- [ RunTime:0.006941s ]
INFO: [ view_end ] --START--
INFO: Run ShowPageTrace Behavior [ RunTime:0.001761s ]
INFO: [ view_end ] --END-- [ RunTime:0.001963s ]

[ 2015-04-29T16:24:23+08:00 ] 0.0.0.0 /oop/tp_t/index.php/Public/login/
INFO: [ route_check ] --START--
INFO: Run CheckRoute Behavior [ RunTime:0.001673s ]
INFO: [ route_check ] --END-- [ RunTime:0.001938s ]
INFO: [ app_begin ] --START--
INFO: Run ReadHtmlCache Behavior [ RunTime:0.001307s ]
INFO: [ app_begin ] --END-- [ RunTime:0.001525s ]
INFO: [ view_template ] --START--
INFO: Run LocationTemplate Behavior [ RunTime:0.002311s ]
INFO: [ view_template ] --END-- [ RunTime:0.002557s ]
INFO: [ view_parse ] --START--
NOTIC: [8] Undefined index: uname D:\wamp\www\oop\tp_t\home\Runtime\Cache\dddf1b2d3634e21399753b7b65c08d54.php 第 17 行.
NOTIC: [8] Undefined variable: tname D:\wamp\www\oop\tp_t\home\Runtime\Cache\dddf1b2d3634e21399753b7b65c08d54.php 第 27 行.
INFO: Run ParseTemplate Behavior [ RunTime:0.037799s ]
INFO: [ view_parse ] --END-- [ RunTime:0.038023s ]
INFO: [ view_filter ] --START--
INFO: Run ContentReplace Behavior [ RunTime:0.001454s ]
INFO: Run TokenBuild Behavior [ RunTime:0.001404s ]
INFO: Run WriteHtmlCache Behavior [ RunTime:0.001105s ]
INFO: Run ShowRuntime Behavior [ RunTime:0.001625s ]
INFO: [ view_filter ] --END-- [ RunTime:0.006140s ]
INFO: [ view_end ] --START--
INFO: Run ShowPageTrace Behavior [ RunTime:0.001709s ]
INFO: [ view_end ] --END-- [ RunTime:0.001907s ]

