[ 2015-05-28T11:47:16+08:00 ] 0.0.0.0 /oop/tp_t/
INFO: [ app_begin ] --START--
INFO: Run ReadHtmlCache Behavior [ RunTime:0.005283s ]
INFO: [ app_begin ] --END-- [ RunTime:0.005546s ]
SQL: SHOW COLUMNS FROM `album_type` [ RunTime:0.008149s ]
SQL: SELECT * FROM `album_type` ORDER BY sort desc LIMIT 4   [ RunTime:0.001074s ]
SQL: SHOW COLUMNS FROM `album` [ RunTime:0.006278s ]
SQL: SELECT album.*,userinfo.nickname FROM `album` LEFT JOIN userinfo on album.uid=userinfo.id WHERE ( album.t_id=3 ) ORDER BY album.id desc LIMIT 4   [ RunTime:0.001517s ]
SQL: SELECT album.*,userinfo.nickname FROM `album` LEFT JOIN userinfo on album.uid=userinfo.id WHERE ( album.t_id=1 ) ORDER BY album.id desc LIMIT 4   [ RunTime:0.000880s ]
SQL: SELECT album.*,userinfo.nickname FROM `album` LEFT JOIN userinfo on album.uid=userinfo.id WHERE ( album.t_id=2 ) ORDER BY album.id desc LIMIT 4   [ RunTime:0.000877s ]
SQL: SELECT album.*,userinfo.nickname FROM `album` LEFT JOIN userinfo on album.uid=userinfo.id WHERE ( album.t_id=5 ) ORDER BY album.id desc LIMIT 4   [ RunTime:0.000854s ]
INFO: [ view_template ] --START--
INFO: Run LocationTemplate Behavior [ RunTime:0.002960s ]
INFO: [ view_template ] --END-- [ RunTime:0.003204s ]
INFO: [ view_parse ] --START--
NOTIC: [8] Undefined index: uname D:\wamp\www\oop\tp_t\home\Runtime\Cache\d046431aa157c89f3a1c30c426be003b.php 第 14 行.
INFO: Run ParseTemplate Behavior [ RunTime:0.068663s ]
INFO: [ view_parse ] --END-- [ RunTime:0.068933s ]
INFO: [ view_filter ] --START--
INFO: Run ContentReplace Behavior [ RunTime:0.030884s ]
INFO: Run TokenBuild Behavior [ RunTime:0.002142s ]
INFO: Run WriteHtmlCache Behavior [ RunTime:0.001338s ]
INFO: Run ShowRuntime Behavior [ RunTime:0.002638s ]
INFO: [ view_filter ] --END-- [ RunTime:0.037780s ]
INFO: [ view_end ] --START--
INFO: Run ShowPageTrace Behavior [ RunTime:0.002165s ]
INFO: [ view_end ] --END-- [ RunTime:0.002370s ]

[ 2015-05-28T15:22:41+08:00 ] 0.0.0.0 /oop/tp_t/index.php/Public/login/
INFO: [ route_check ] --START--
INFO: Run CheckRoute Behavior [ RunTime:0.002570s ]
INFO: [ route_check ] --END-- [ RunTime:0.002837s ]
INFO: [ app_begin ] --START--
INFO: Run ReadHtmlCache Behavior [ RunTime:0.001684s ]
INFO: [ app_begin ] --END-- [ RunTime:0.001902s ]
INFO: [ view_template ] --START--
INFO: Run LocationTemplate Behavior [ RunTime:0.002385s ]
INFO: [ view_template ] --END-- [ RunTime:0.002674s ]
INFO: [ view_parse ] --START--
NOTIC: [8] Undefined index: uname D:\wamp\www\oop\tp_t\home\Runtime\Cache\dddf1b2d3634e21399753b7b65c08d54.php 第 17 行.
NOTIC: [8] Undefined variable: tname D:\wamp\www\oop\tp_t\home\Runtime\Cache\dddf1b2d3634e21399753b7b65c08d54.php 第 27 行.
INFO: Run ParseTemplate Behavior [ RunTime:0.025674s ]
INFO: [ view_parse ] --END-- [ RunTime:0.025886s ]
INFO: [ view_filter ] --START--
INFO: Run ContentReplace Behavior [ RunTime:0.001521s ]
INFO: Run TokenBuild Behavior [ RunTime:0.001405s ]
INFO: Run WriteHtmlCache Behavior [ RunTime:0.001057s ]
INFO: Run ShowRuntime Behavior [ RunTime:0.001780s ]
INFO: [ view_filter ] --END-- [ RunTime:0.006440s ]
INFO: [ view_end ] --START--
INFO: Run ShowPageTrace Behavior [ RunTime:0.002167s ]
INFO: [ view_end ] --END-- [ RunTime:0.002401s ]

[ 2015-05-28T15:22:45+08:00 ] 0.0.0.0 /oop/tp_t/index.php
INFO: [ app_begin ] --START--
INFO: Run ReadHtmlCache Behavior [ RunTime:0.001657s ]
INFO: [ app_begin ] --END-- [ RunTime:0.001907s ]
SQL: SHOW COLUMNS FROM `album_type` [ RunTime:0.008543s ]
SQL: SELECT * FROM `album_type` ORDER BY sort desc LIMIT 4   [ RunTime:0.021729s ]
SQL: SHOW COLUMNS FROM `album` [ RunTime:0.009796s ]
SQL: SELECT album.*,userinfo.nickname FROM `album` LEFT JOIN userinfo on album.uid=userinfo.id WHERE ( album.t_id=3 ) ORDER BY album.id desc LIMIT 4   [ RunTime:0.061146s ]
SQL: SELECT album.*,userinfo.nickname FROM `album` LEFT JOIN userinfo on album.uid=userinfo.id WHERE ( album.t_id=1 ) ORDER BY album.id desc LIMIT 4   [ RunTime:0.000897s ]
SQL: SELECT album.*,userinfo.nickname FROM `album` LEFT JOIN userinfo on album.uid=userinfo.id WHERE ( album.t_id=2 ) ORDER BY album.id desc LIMIT 4   [ RunTime:0.000805s ]
SQL: SELECT album.*,userinfo.nickname FROM `album` LEFT JOIN userinfo on album.uid=userinfo.id WHERE ( album.t_id=5 ) ORDER BY album.id desc LIMIT 4   [ RunTime:0.000919s ]
INFO: [ view_template ] --START--
INFO: Run LocationTemplate Behavior [ RunTime:0.003027s ]
INFO: [ view_template ] --END-- [ RunTime:0.003314s ]
INFO: [ view_parse ] --START--
NOTIC: [8] Undefined index: uname D:\wamp\www\oop\tp_t\home\Runtime\Cache\d046431aa157c89f3a1c30c426be003b.php 第 14 行.
INFO: Run ParseTemplate Behavior [ RunTime:0.041082s ]
INFO: [ view_parse ] --END-- [ RunTime:0.041295s ]
INFO: [ view_filter ] --START--
INFO: Run ContentReplace Behavior [ RunTime:0.001419s ]
INFO: Run TokenBuild Behavior [ RunTime:0.001523s ]
INFO: Run WriteHtmlCache Behavior [ RunTime:0.001221s ]
INFO: Run ShowRuntime Behavior [ RunTime:0.001660s ]
INFO: [ view_filter ] --END-- [ RunTime:0.006398s ]
INFO: [ view_end ] --START--
INFO: Run ShowPageTrace Behavior [ RunTime:0.001690s ]
INFO: [ view_end ] --END-- [ RunTime:0.001900s ]

[ 2015-05-28T15:23:24+08:00 ] 0.0.0.0 /oop/tp_t/
INFO: [ app_begin ] --START--
INFO: Run ReadHtmlCache Behavior [ RunTime:0.001999s ]
INFO: [ app_begin ] --END-- [ RunTime:0.002310s ]
SQL: SHOW COLUMNS FROM `album_type` [ RunTime:0.007914s ]
SQL: SELECT * FROM `album_type` ORDER BY sort desc LIMIT 4   [ RunTime:0.001036s ]
SQL: SHOW COLUMNS FROM `album` [ RunTime:0.008520s ]
SQL: SELECT album.*,userinfo.nickname FROM `album` LEFT JOIN userinfo on album.uid=userinfo.id WHERE ( album.t_id=3 ) ORDER BY album.id desc LIMIT 4   [ RunTime:0.000910s ]
SQL: SELECT album.*,userinfo.nickname FROM `album` LEFT JOIN userinfo on album.uid=userinfo.id WHERE ( album.t_id=1 ) ORDER BY album.id desc LIMIT 4   [ RunTime:0.000979s ]
SQL: SELECT album.*,userinfo.nickname FROM `album` LEFT JOIN userinfo on album.uid=userinfo.id WHERE ( album.t_id=2 ) ORDER BY album.id desc LIMIT 4   [ RunTime:0.000784s ]
SQL: SELECT album.*,userinfo.nickname FROM `album` LEFT JOIN userinfo on album.uid=userinfo.id WHERE ( album.t_id=5 ) ORDER BY album.id desc LIMIT 4   [ RunTime:0.000816s ]
INFO: [ view_template ] --START--
INFO: Run LocationTemplate Behavior [ RunTime:0.001987s ]
INFO: [ view_template ] --END-- [ RunTime:0.002218s ]
INFO: [ view_parse ] --START--
NOTIC: [8] Undefined index: uname D:\wamp\www\oop\tp_t\home\Runtime\Cache\d046431aa157c89f3a1c30c426be003b.php 第 14 行.
INFO: Run ParseTemplate Behavior [ RunTime:0.028289s ]
INFO: [ view_parse ] --END-- [ RunTime:0.028501s ]
INFO: [ view_filter ] --START--
INFO: Run ContentReplace Behavior [ RunTime:0.001537s ]
INFO: Run TokenBuild Behavior [ RunTime:0.001496s ]
INFO: Run WriteHtmlCache Behavior [ RunTime:0.001176s ]
INFO: Run ShowRuntime Behavior [ RunTime:0.001681s ]
INFO: [ view_filter ] --END-- [ RunTime:0.006529s ]
INFO: [ view_end ] --START--
INFO: Run ShowPageTrace Behavior [ RunTime:0.001759s ]
INFO: [ view_end ] --END-- [ RunTime:0.001970s ]

[ 2015-05-28T16:05:48+08:00 ] 0.0.0.0 /oop/tp_t/
INFO: [ app_begin ] --START--
INFO: Run ReadHtmlCache Behavior [ RunTime:0.004337s ]
INFO: [ app_begin ] --END-- [ RunTime:0.004838s ]
SQL: SHOW COLUMNS FROM `album_type` [ RunTime:0.011535s ]
SQL: SELECT * FROM `album_type` ORDER BY sort desc LIMIT 4   [ RunTime:0.000874s ]
SQL: SHOW COLUMNS FROM `album` [ RunTime:0.012059s ]
SQL: SELECT album.*,userinfo.nickname FROM `album` LEFT JOIN userinfo on album.uid=userinfo.id WHERE ( album.t_id=3 ) ORDER BY album.id desc LIMIT 4   [ RunTime:0.001376s ]
SQL: SELECT album.*,userinfo.nickname FROM `album` LEFT JOIN userinfo on album.uid=userinfo.id WHERE ( album.t_id=1 ) ORDER BY album.id desc LIMIT 4   [ RunTime:0.001048s ]
SQL: SELECT album.*,userinfo.nickname FROM `album` LEFT JOIN userinfo on album.uid=userinfo.id WHERE ( album.t_id=2 ) ORDER BY album.id desc LIMIT 4   [ RunTime:0.000997s ]
SQL: SELECT album.*,userinfo.nickname FROM `album` LEFT JOIN userinfo on album.uid=userinfo.id WHERE ( album.t_id=5 ) ORDER BY album.id desc LIMIT 4   [ RunTime:0.000802s ]
INFO: [ view_template ] --START--
INFO: Run LocationTemplate Behavior [ RunTime:0.004362s ]
INFO: [ view_template ] --END-- [ RunTime:0.004714s ]
INFO: [ view_parse ] --START--
NOTIC: [8] Undefined index: uname D:\wamp\www\oop\tp_t\home\Runtime\Cache\d046431aa157c89f3a1c30c426be003b.php 第 14 行.
INFO: Run ParseTemplate Behavior [ RunTime:0.056648s ]
INFO: [ view_parse ] --END-- [ RunTime:0.056898s ]
INFO: [ view_filter ] --START--
INFO: Run ContentReplace Behavior [ RunTime:0.001599s ]
INFO: Run TokenBuild Behavior [ RunTime:0.001525s ]
INFO: Run WriteHtmlCache Behavior [ RunTime:0.001135s ]
INFO: Run ShowRuntime Behavior [ RunTime:0.004604s ]
INFO: [ view_filter ] --END-- [ RunTime:0.009534s ]
INFO: [ view_end ] --START--
INFO: Run ShowPageTrace Behavior [ RunTime:0.002428s ]
INFO: [ view_end ] --END-- [ RunTime:0.002682s ]

