[ 2015-05-27T08:24:40+08:00 ] 0.0.0.0 /oop/tp_t/
INFO: [ app_begin ] --START--
INFO: Run ReadHtmlCache Behavior [ RunTime:0.003777s ]
INFO: [ app_begin ] --END-- [ RunTime:0.004039s ]
SQL: SHOW COLUMNS FROM `album_type` [ RunTime:0.130559s ]
SQL: SELECT * FROM `album_type` ORDER BY sort desc LIMIT 4   [ RunTime:0.001126s ]
SQL: SHOW COLUMNS FROM `album` [ RunTime:0.061019s ]
SQL: SELECT album.*,userinfo.nickname FROM `album` LEFT JOIN userinfo on album.uid=userinfo.id WHERE ( album.t_id=3 ) ORDER BY album.id desc LIMIT 4   [ RunTime:0.016776s ]
SQL: SELECT album.*,userinfo.nickname FROM `album` LEFT JOIN userinfo on album.uid=userinfo.id WHERE ( album.t_id=1 ) ORDER BY album.id desc LIMIT 4   [ RunTime:0.000820s ]
SQL: SELECT album.*,userinfo.nickname FROM `album` LEFT JOIN userinfo on album.uid=userinfo.id WHERE ( album.t_id=2 ) ORDER BY album.id desc LIMIT 4   [ RunTime:0.000831s ]
SQL: SELECT album.*,userinfo.nickname FROM `album` LEFT JOIN userinfo on album.uid=userinfo.id WHERE ( album.t_id=5 ) ORDER BY album.id desc LIMIT 4   [ RunTime:0.000824s ]
INFO: [ view_template ] --START--
INFO: Run LocationTemplate Behavior [ RunTime:0.026337s ]
INFO: [ view_template ] --END-- [ RunTime:0.026645s ]
INFO: [ view_parse ] --START--
NOTIC: [8] Undefined index: uname D:\wamp\www\oop\tp_t\home\Runtime\Cache\d046431aa157c89f3a1c30c426be003b.php 第 14 行.
INFO: Run ParseTemplate Behavior [ RunTime:0.094227s ]
INFO: [ view_parse ] --END-- [ RunTime:0.094530s ]
INFO: [ view_filter ] --START--
INFO: Run ContentReplace Behavior [ RunTime:0.008538s ]
INFO: Run TokenBuild Behavior [ RunTime:0.002044s ]
INFO: Run WriteHtmlCache Behavior [ RunTime:0.001380s ]
INFO: Run ShowRuntime Behavior [ RunTime:0.002809s ]
INFO: [ view_filter ] --END-- [ RunTime:0.015381s ]
INFO: [ view_end ] --START--
INFO: Run ShowPageTrace Behavior [ RunTime:0.002262s ]
INFO: [ view_end ] --END-- [ RunTime:0.002467s ]

[ 2015-05-27T08:26:32+08:00 ] 0.0.0.0 /oop/tp_t/index.php/Public/login/
INFO: [ route_check ] --START--
INFO: Run CheckRoute Behavior [ RunTime:0.065951s ]
INFO: [ route_check ] --END-- [ RunTime:0.066296s ]
INFO: [ app_begin ] --START--
INFO: Run ReadHtmlCache Behavior [ RunTime:0.001620s ]
INFO: [ app_begin ] --END-- [ RunTime:0.001846s ]
INFO: [ view_template ] --START--
INFO: Run LocationTemplate Behavior [ RunTime:0.002271s ]
INFO: [ view_template ] --END-- [ RunTime:0.002559s ]
INFO: [ view_parse ] --START--
NOTIC: [8] Undefined index: uname D:\wamp\www\oop\tp_t\home\Runtime\Cache\dddf1b2d3634e21399753b7b65c08d54.php 第 17 行.
NOTIC: [8] Undefined variable: tname D:\wamp\www\oop\tp_t\home\Runtime\Cache\dddf1b2d3634e21399753b7b65c08d54.php 第 27 行.
INFO: Run ParseTemplate Behavior [ RunTime:0.037203s ]
INFO: [ view_parse ] --END-- [ RunTime:0.037414s ]
INFO: [ view_filter ] --START--
INFO: Run ContentReplace Behavior [ RunTime:0.001369s ]
INFO: Run TokenBuild Behavior [ RunTime:0.001218s ]
INFO: Run WriteHtmlCache Behavior [ RunTime:0.001047s ]
INFO: Run ShowRuntime Behavior [ RunTime:0.001862s ]
INFO: [ view_filter ] --END-- [ RunTime:0.006069s ]
INFO: [ view_end ] --START--
INFO: Run ShowPageTrace Behavior [ RunTime:0.002125s ]
INFO: [ view_end ] --END-- [ RunTime:0.002457s ]

[ 2015-05-27T08:28:29+08:00 ] 0.0.0.0 /oop/tp_t/index.php/Public/login/
INFO: [ route_check ] --START--
INFO: Run CheckRoute Behavior [ RunTime:0.002309s ]
INFO: [ route_check ] --END-- [ RunTime:0.002643s ]
INFO: [ app_begin ] --START--
INFO: Run ReadHtmlCache Behavior [ RunTime:0.002316s ]
INFO: [ app_begin ] --END-- [ RunTime:0.002786s ]
INFO: [ view_template ] --START--
INFO: Run LocationTemplate Behavior [ RunTime:0.001985s ]
INFO: [ view_template ] --END-- [ RunTime:0.002432s ]
INFO: [ view_parse ] --START--
NOTIC: [8] Undefined index: uname D:\wamp\www\oop\tp_t\home\Runtime\Cache\dddf1b2d3634e21399753b7b65c08d54.php 第 17 行.
NOTIC: [8] Undefined variable: tname D:\wamp\www\oop\tp_t\home\Runtime\Cache\dddf1b2d3634e21399753b7b65c08d54.php 第 27 行.
INFO: Run ParseTemplate Behavior [ RunTime:0.034390s ]
INFO: [ view_parse ] --END-- [ RunTime:0.034774s ]
INFO: [ view_filter ] --START--
INFO: Run ContentReplace Behavior [ RunTime:0.001577s ]
INFO: Run TokenBuild Behavior [ RunTime:0.001086s ]
INFO: Run WriteHtmlCache Behavior [ RunTime:0.000774s ]
INFO: Run ShowRuntime Behavior [ RunTime:0.001400s ]
INFO: [ view_filter ] --END-- [ RunTime:0.005506s ]
INFO: [ view_end ] --START--
INFO: Run ShowPageTrace Behavior [ RunTime:0.001707s ]
INFO: [ view_end ] --END-- [ RunTime:0.001950s ]

[ 2015-05-27T08:28:51+08:00 ] 0.0.0.0 /oop/tp_t/index.php/Public/login/
INFO: [ route_check ] --START--
INFO: Run CheckRoute Behavior [ RunTime:0.003296s ]
INFO: [ route_check ] --END-- [ RunTime:0.003625s ]
INFO: [ app_begin ] --START--
INFO: Run ReadHtmlCache Behavior [ RunTime:0.001484s ]
INFO: [ app_begin ] --END-- [ RunTime:0.001699s ]
INFO: [ view_template ] --START--
INFO: Run LocationTemplate Behavior [ RunTime:0.002360s ]
INFO: [ view_template ] --END-- [ RunTime:0.002619s ]
INFO: [ view_parse ] --START--
NOTIC: [8] Undefined index: uname D:\wamp\www\oop\tp_t\home\Runtime\Cache\dddf1b2d3634e21399753b7b65c08d54.php 第 17 行.
NOTIC: [8] Undefined variable: tname D:\wamp\www\oop\tp_t\home\Runtime\Cache\dddf1b2d3634e21399753b7b65c08d54.php 第 27 行.
INFO: Run ParseTemplate Behavior [ RunTime:0.025047s ]
INFO: [ view_parse ] --END-- [ RunTime:0.025373s ]
INFO: [ view_filter ] --START--
INFO: Run ContentReplace Behavior [ RunTime:0.002127s ]
INFO: Run TokenBuild Behavior [ RunTime:0.001729s ]
INFO: Run WriteHtmlCache Behavior [ RunTime:0.000993s ]
INFO: Run ShowRuntime Behavior [ RunTime:0.002767s ]
INFO: [ view_filter ] --END-- [ RunTime:0.008601s ]
INFO: [ view_end ] --START--
INFO: Run ShowPageTrace Behavior [ RunTime:0.003407s ]
INFO: [ view_end ] --END-- [ RunTime:0.003768s ]

[ 2015-05-27T08:28:55+08:00 ] 0.0.0.0 /oop/tp_t/index.php/Public/login/
INFO: [ route_check ] --START--
INFO: Run CheckRoute Behavior [ RunTime:0.002134s ]
INFO: [ route_check ] --END-- [ RunTime:0.002458s ]
INFO: [ app_begin ] --START--
INFO: Run ReadHtmlCache Behavior [ RunTime:0.001356s ]
INFO: [ app_begin ] --END-- [ RunTime:0.001612s ]
INFO: [ view_template ] --START--
INFO: Run LocationTemplate Behavior [ RunTime:0.001714s ]
INFO: [ view_template ] --END-- [ RunTime:0.002217s ]
INFO: [ view_parse ] --START--
NOTIC: [8] Undefined index: uname D:\wamp\www\oop\tp_t\home\Runtime\Cache\dddf1b2d3634e21399753b7b65c08d54.php 第 17 行.
NOTIC: [8] Undefined variable: tname D:\wamp\www\oop\tp_t\home\Runtime\Cache\dddf1b2d3634e21399753b7b65c08d54.php 第 27 行.
INFO: Run ParseTemplate Behavior [ RunTime:0.020157s ]
INFO: [ view_parse ] --END-- [ RunTime:0.020415s ]
INFO: [ view_filter ] --START--
INFO: Run ContentReplace Behavior [ RunTime:0.001168s ]
INFO: Run TokenBuild Behavior [ RunTime:0.001360s ]
INFO: Run WriteHtmlCache Behavior [ RunTime:0.000869s ]
INFO: Run ShowRuntime Behavior [ RunTime:0.001476s ]
INFO: [ view_filter ] --END-- [ RunTime:0.005598s ]
INFO: [ view_end ] --START--
INFO: Run ShowPageTrace Behavior [ RunTime:0.001681s ]
INFO: [ view_end ] --END-- [ RunTime:0.001941s ]

[ 2015-05-27T08:29:21+08:00 ] 0.0.0.0 /oop/tp_t/index.php/Public/login/
INFO: [ route_check ] --START--
INFO: Run CheckRoute Behavior [ RunTime:0.003139s ]
INFO: [ route_check ] --END-- [ RunTime:0.004067s ]
INFO: [ app_begin ] --START--
INFO: Run ReadHtmlCache Behavior [ RunTime:0.001398s ]
INFO: [ app_begin ] --END-- [ RunTime:0.001624s ]
INFO: [ view_template ] --START--
INFO: Run LocationTemplate Behavior [ RunTime:0.001449s ]
INFO: [ view_template ] --END-- [ RunTime:0.001721s ]
INFO: [ view_parse ] --START--
NOTIC: [8] Undefined index: uname D:\wamp\www\oop\tp_t\home\Runtime\Cache\dddf1b2d3634e21399753b7b65c08d54.php 第 17 行.
NOTIC: [8] Undefined variable: tname D:\wamp\www\oop\tp_t\home\Runtime\Cache\dddf1b2d3634e21399753b7b65c08d54.php 第 27 行.
INFO: Run ParseTemplate Behavior [ RunTime:0.018684s ]
INFO: [ view_parse ] --END-- [ RunTime:0.019119s ]
INFO: [ view_filter ] --START--
INFO: Run ContentReplace Behavior [ RunTime:0.001441s ]
INFO: Run TokenBuild Behavior [ RunTime:0.001540s ]
INFO: Run WriteHtmlCache Behavior [ RunTime:0.001181s ]
INFO: Run ShowRuntime Behavior [ RunTime:0.002372s ]
INFO: [ view_filter ] --END-- [ RunTime:0.007568s ]
INFO: [ view_end ] --START--
INFO: Run ShowPageTrace Behavior [ RunTime:0.006966s ]
INFO: [ view_end ] --END-- [ RunTime:0.007343s ]

[ 2015-05-27T08:29:28+08:00 ] 0.0.0.0 /oop/tp_t/index.php/Public/login/
INFO: [ route_check ] --START--
INFO: Run CheckRoute Behavior [ RunTime:0.001658s ]
INFO: [ route_check ] --END-- [ RunTime:0.001895s ]
INFO: [ app_begin ] --START--
INFO: Run ReadHtmlCache Behavior [ RunTime:0.001340s ]
INFO: [ app_begin ] --END-- [ RunTime:0.001549s ]
INFO: [ view_template ] --START--
INFO: Run LocationTemplate Behavior [ RunTime:0.001475s ]
INFO: [ view_template ] --END-- [ RunTime:0.001848s ]
INFO: [ view_parse ] --START--
NOTIC: [8] Undefined index: uname D:\wamp\www\oop\tp_t\home\Runtime\Cache\dddf1b2d3634e21399753b7b65c08d54.php 第 17 行.
NOTIC: [8] Undefined variable: tname D:\wamp\www\oop\tp_t\home\Runtime\Cache\dddf1b2d3634e21399753b7b65c08d54.php 第 27 行.
INFO: Run ParseTemplate Behavior [ RunTime:0.019563s ]
INFO: [ view_parse ] --END-- [ RunTime:0.019860s ]
INFO: [ view_filter ] --START--
INFO: Run ContentReplace Behavior [ RunTime:0.001598s ]
INFO: Run TokenBuild Behavior [ RunTime:0.001487s ]
INFO: Run WriteHtmlCache Behavior [ RunTime:0.000926s ]
INFO: Run ShowRuntime Behavior [ RunTime:0.001391s ]
INFO: [ view_filter ] --END-- [ RunTime:0.006106s ]
INFO: [ view_end ] --START--
INFO: Run ShowPageTrace Behavior [ RunTime:0.001540s ]
INFO: [ view_end ] --END-- [ RunTime:0.001779s ]

[ 2015-05-27T08:29:54+08:00 ] 0.0.0.0 /oop/tp_t/index.php/Public/login/
INFO: [ route_check ] --START--
INFO: Run CheckRoute Behavior [ RunTime:0.002006s ]
INFO: [ route_check ] --END-- [ RunTime:0.002261s ]
INFO: [ app_begin ] --START--
INFO: Run ReadHtmlCache Behavior [ RunTime:0.001353s ]
INFO: [ app_begin ] --END-- [ RunTime:0.001578s ]
INFO: [ view_template ] --START--
INFO: Run LocationTemplate Behavior [ RunTime:0.001271s ]
INFO: [ view_template ] --END-- [ RunTime:0.001505s ]
INFO: [ view_parse ] --START--
NOTIC: [8] Undefined index: uname D:\wamp\www\oop\tp_t\home\Runtime\Cache\dddf1b2d3634e21399753b7b65c08d54.php 第 17 行.
NOTIC: [8] Undefined variable: tname D:\wamp\www\oop\tp_t\home\Runtime\Cache\dddf1b2d3634e21399753b7b65c08d54.php 第 27 行.
INFO: Run ParseTemplate Behavior [ RunTime:0.019803s ]
INFO: [ view_parse ] --END-- [ RunTime:0.020062s ]
INFO: [ view_filter ] --START--
INFO: Run ContentReplace Behavior [ RunTime:0.001017s ]
INFO: Run TokenBuild Behavior [ RunTime:0.001334s ]
INFO: Run WriteHtmlCache Behavior [ RunTime:0.001096s ]
INFO: Run ShowRuntime Behavior [ RunTime:0.001563s ]
INFO: [ view_filter ] --END-- [ RunTime:0.005859s ]
INFO: [ view_end ] --START--
INFO: Run ShowPageTrace Behavior [ RunTime:0.001527s ]
INFO: [ view_end ] --END-- [ RunTime:0.001757s ]

[ 2015-05-27T08:30:13+08:00 ] 0.0.0.0 /oop/tp_t/index.php/Public/login/
INFO: [ route_check ] --START--
INFO: Run CheckRoute Behavior [ RunTime:0.009895s ]
INFO: [ route_check ] --END-- [ RunTime:0.010530s ]
INFO: [ app_begin ] --START--
INFO: Run ReadHtmlCache Behavior [ RunTime:0.001704s ]
INFO: [ app_begin ] --END-- [ RunTime:0.002105s ]
INFO: [ view_template ] --START--
INFO: Run LocationTemplate Behavior [ RunTime:0.003038s ]
INFO: [ view_template ] --END-- [ RunTime:0.003437s ]
INFO: [ view_parse ] --START--
NOTIC: [8] Undefined index: uname D:\wamp\www\oop\tp_t\home\Runtime\Cache\dddf1b2d3634e21399753b7b65c08d54.php 第 17 行.
NOTIC: [8] Undefined variable: tname D:\wamp\www\oop\tp_t\home\Runtime\Cache\dddf1b2d3634e21399753b7b65c08d54.php 第 27 行.
INFO: Run ParseTemplate Behavior [ RunTime:0.025010s ]
INFO: [ view_parse ] --END-- [ RunTime:0.025370s ]
INFO: [ view_filter ] --START--
INFO: Run ContentReplace Behavior [ RunTime:0.001123s ]
INFO: Run TokenBuild Behavior [ RunTime:0.001115s ]
INFO: Run WriteHtmlCache Behavior [ RunTime:0.000850s ]
INFO: Run ShowRuntime Behavior [ RunTime:0.001450s ]
INFO: [ view_filter ] --END-- [ RunTime:0.005098s ]
INFO: [ view_end ] --START--
INFO: Run ShowPageTrace Behavior [ RunTime:0.002483s ]
INFO: [ view_end ] --END-- [ RunTime:0.003035s ]

[ 2015-05-27T08:30:40+08:00 ] 0.0.0.0 /oop/tp_t/index.php/Public/login/
INFO: [ route_check ] --START--
INFO: Run CheckRoute Behavior [ RunTime:0.002514s ]
INFO: [ route_check ] --END-- [ RunTime:0.002895s ]
INFO: [ app_begin ] --START--
INFO: Run ReadHtmlCache Behavior [ RunTime:0.003624s ]
INFO: [ app_begin ] --END-- [ RunTime:0.004004s ]
INFO: [ view_template ] --START--
INFO: Run LocationTemplate Behavior [ RunTime:0.001308s ]
INFO: [ view_template ] --END-- [ RunTime:0.001586s ]
INFO: [ view_parse ] --START--
NOTIC: [8] Undefined index: uname D:\wamp\www\oop\tp_t\home\Runtime\Cache\dddf1b2d3634e21399753b7b65c08d54.php 第 17 行.
NOTIC: [8] Undefined variable: tname D:\wamp\www\oop\tp_t\home\Runtime\Cache\dddf1b2d3634e21399753b7b65c08d54.php 第 27 行.
INFO: Run ParseTemplate Behavior [ RunTime:0.018364s ]
INFO: [ view_parse ] --END-- [ RunTime:0.018593s ]
INFO: [ view_filter ] --START--
INFO: Run ContentReplace Behavior [ RunTime:0.001077s ]
INFO: Run TokenBuild Behavior [ RunTime:0.001110s ]
INFO: Run WriteHtmlCache Behavior [ RunTime:0.000925s ]
INFO: Run ShowRuntime Behavior [ RunTime:0.001554s ]
INFO: [ view_filter ] --END-- [ RunTime:0.005245s ]
INFO: [ view_end ] --START--
INFO: Run ShowPageTrace Behavior [ RunTime:0.001730s ]
INFO: [ view_end ] --END-- [ RunTime:0.001937s ]

[ 2015-05-27T08:30:52+08:00 ] 0.0.0.0 /oop/tp_t/index.php/Public/login/
INFO: [ route_check ] --START--
INFO: Run CheckRoute Behavior [ RunTime:0.003506s ]
INFO: [ route_check ] --END-- [ RunTime:0.003936s ]
INFO: [ app_begin ] --START--
INFO: Run ReadHtmlCache Behavior [ RunTime:0.001888s ]
INFO: [ app_begin ] --END-- [ RunTime:0.002203s ]
INFO: [ view_template ] --START--
INFO: Run LocationTemplate Behavior [ RunTime:0.001934s ]
INFO: [ view_template ] --END-- [ RunTime:0.002180s ]
INFO: [ view_parse ] --START--
NOTIC: [8] Undefined index: uname D:\wamp\www\oop\tp_t\home\Runtime\Cache\dddf1b2d3634e21399753b7b65c08d54.php 第 17 行.
NOTIC: [8] Undefined variable: tname D:\wamp\www\oop\tp_t\home\Runtime\Cache\dddf1b2d3634e21399753b7b65c08d54.php 第 27 行.
INFO: Run ParseTemplate Behavior [ RunTime:0.023429s ]
INFO: [ view_parse ] --END-- [ RunTime:0.023641s ]
INFO: [ view_filter ] --START--
INFO: Run ContentReplace Behavior [ RunTime:0.001575s ]
INFO: Run TokenBuild Behavior [ RunTime:0.001873s ]
INFO: Run WriteHtmlCache Behavior [ RunTime:0.000973s ]
INFO: Run ShowRuntime Behavior [ RunTime:0.001526s ]
INFO: [ view_filter ] --END-- [ RunTime:0.006683s ]
INFO: [ view_end ] --START--
INFO: Run ShowPageTrace Behavior [ RunTime:0.001566s ]
INFO: [ view_end ] --END-- [ RunTime:0.001795s ]

[ 2015-05-27T08:31:15+08:00 ] 0.0.0.0 /oop/tp_t/index.php/Public/register/
INFO: [ route_check ] --START--
INFO: Run CheckRoute Behavior [ RunTime:0.001801s ]
INFO: [ route_check ] --END-- [ RunTime:0.002127s ]
INFO: [ app_begin ] --START--
INFO: Run ReadHtmlCache Behavior [ RunTime:0.001250s ]
INFO: [ app_begin ] --END-- [ RunTime:0.001460s ]
INFO: [ view_template ] --START--
INFO: Run LocationTemplate Behavior [ RunTime:0.063055s ]
INFO: [ view_template ] --END-- [ RunTime:0.063362s ]
INFO: [ view_parse ] --START--
NOTIC: [8] Undefined index: uname D:\wamp\www\oop\tp_t\home\Runtime\Cache\f82d19cfc8984b5ca7bf785e4abd8c45.php 第 17 行.
NOTIC: [8] Undefined variable: tname D:\wamp\www\oop\tp_t\home\Runtime\Cache\f82d19cfc8984b5ca7bf785e4abd8c45.php 第 27 行.
INFO: Run ParseTemplate Behavior [ RunTime:0.045176s ]
INFO: [ view_parse ] --END-- [ RunTime:0.045559s ]
INFO: [ view_filter ] --START--
INFO: Run ContentReplace Behavior [ RunTime:0.001910s ]
INFO: Run TokenBuild Behavior [ RunTime:0.001256s ]
INFO: Run WriteHtmlCache Behavior [ RunTime:0.000843s ]
INFO: Run ShowRuntime Behavior [ RunTime:0.001414s ]
INFO: [ view_filter ] --END-- [ RunTime:0.006047s ]
INFO: [ view_end ] --START--
INFO: Run ShowPageTrace Behavior [ RunTime:0.001432s ]
INFO: [ view_end ] --END-- [ RunTime:0.001671s ]

[ 2015-05-27T08:31:41+08:00 ] 0.0.0.0 /oop/tp_t/index.php/Public/register/
INFO: [ route_check ] --START--
INFO: Run CheckRoute Behavior [ RunTime:0.002494s ]
INFO: [ route_check ] --END-- [ RunTime:0.002877s ]
INFO: [ app_begin ] --START--
INFO: Run ReadHtmlCache Behavior [ RunTime:0.004956s ]
INFO: [ app_begin ] --END-- [ RunTime:0.005469s ]
INFO: [ view_template ] --START--
INFO: Run LocationTemplate Behavior [ RunTime:0.001331s ]
INFO: [ view_template ] --END-- [ RunTime:0.001594s ]
INFO: [ view_parse ] --START--
NOTIC: [8] Undefined index: uname D:\wamp\www\oop\tp_t\home\Runtime\Cache\f82d19cfc8984b5ca7bf785e4abd8c45.php 第 17 行.
NOTIC: [8] Undefined variable: tname D:\wamp\www\oop\tp_t\home\Runtime\Cache\f82d19cfc8984b5ca7bf785e4abd8c45.php 第 27 行.
INFO: Run ParseTemplate Behavior [ RunTime:0.025026s ]
INFO: [ view_parse ] --END-- [ RunTime:0.025254s ]
INFO: [ view_filter ] --START--
INFO: Run ContentReplace Behavior [ RunTime:0.001314s ]
INFO: Run TokenBuild Behavior [ RunTime:0.001335s ]
INFO: Run WriteHtmlCache Behavior [ RunTime:0.001299s ]
INFO: Run ShowRuntime Behavior [ RunTime:0.002571s ]
INFO: [ view_filter ] --END-- [ RunTime:0.007438s ]
INFO: [ view_end ] --START--
INFO: Run ShowPageTrace Behavior [ RunTime:0.001881s ]
INFO: [ view_end ] --END-- [ RunTime:0.002295s ]

[ 2015-05-27T08:32:01+08:00 ] 0.0.0.0 /oop/tp_t/index.php/Public/register/
INFO: [ route_check ] --START--
INFO: Run CheckRoute Behavior [ RunTime:0.003041s ]
INFO: [ route_check ] --END-- [ RunTime:0.003452s ]
INFO: [ app_begin ] --START--
INFO: Run ReadHtmlCache Behavior [ RunTime:0.002198s ]
INFO: [ app_begin ] --END-- [ RunTime:0.002607s ]
INFO: [ view_template ] --START--
INFO: Run LocationTemplate Behavior [ RunTime:0.001228s ]
INFO: [ view_template ] --END-- [ RunTime:0.001497s ]
INFO: [ view_parse ] --START--
NOTIC: [8] Undefined index: uname D:\wamp\www\oop\tp_t\home\Runtime\Cache\f82d19cfc8984b5ca7bf785e4abd8c45.php 第 17 行.
NOTIC: [8] Undefined variable: tname D:\wamp\www\oop\tp_t\home\Runtime\Cache\f82d19cfc8984b5ca7bf785e4abd8c45.php 第 27 行.
INFO: Run ParseTemplate Behavior [ RunTime:0.028666s ]
INFO: [ view_parse ] --END-- [ RunTime:0.028905s ]
INFO: [ view_filter ] --START--
INFO: Run ContentReplace Behavior [ RunTime:0.001008s ]
INFO: Run TokenBuild Behavior [ RunTime:0.001001s ]
INFO: Run WriteHtmlCache Behavior [ RunTime:0.000705s ]
INFO: Run ShowRuntime Behavior [ RunTime:0.001447s ]
INFO: [ view_filter ] --END-- [ RunTime:0.004733s ]
INFO: [ view_end ] --START--
INFO: Run ShowPageTrace Behavior [ RunTime:0.001311s ]
INFO: [ view_end ] --END-- [ RunTime:0.001510s ]

[ 2015-05-27T08:32:12+08:00 ] 0.0.0.0 /oop/tp_t/index.php/Public/register/
INFO: [ route_check ] --START--
INFO: Run CheckRoute Behavior [ RunTime:0.001771s ]
INFO: [ route_check ] --END-- [ RunTime:0.002036s ]
INFO: [ app_begin ] --START--
INFO: Run ReadHtmlCache Behavior [ RunTime:0.001837s ]
INFO: [ app_begin ] --END-- [ RunTime:0.002082s ]
INFO: [ view_template ] --START--
INFO: Run LocationTemplate Behavior [ RunTime:0.001302s ]
INFO: [ view_template ] --END-- [ RunTime:0.001592s ]
INFO: [ view_parse ] --START--
NOTIC: [8] Undefined index: uname D:\wamp\www\oop\tp_t\home\Runtime\Cache\f82d19cfc8984b5ca7bf785e4abd8c45.php 第 17 行.
NOTIC: [8] Undefined variable: tname D:\wamp\www\oop\tp_t\home\Runtime\Cache\f82d19cfc8984b5ca7bf785e4abd8c45.php 第 27 行.
INFO: Run ParseTemplate Behavior [ RunTime:0.020349s ]
INFO: [ view_parse ] --END-- [ RunTime:0.020557s ]
INFO: [ view_filter ] --START--
INFO: Run ContentReplace Behavior [ RunTime:0.001644s ]
INFO: Run TokenBuild Behavior [ RunTime:0.001377s ]
INFO: Run WriteHtmlCache Behavior [ RunTime:0.000863s ]
INFO: Run ShowRuntime Behavior [ RunTime:0.001429s ]
INFO: [ view_filter ] --END-- [ RunTime:0.005972s ]
INFO: [ view_end ] --START--
INFO: Run ShowPageTrace Behavior [ RunTime:0.001699s ]
INFO: [ view_end ] --END-- [ RunTime:0.001918s ]

[ 2015-05-27T08:44:20+08:00 ] 0.0.0.0 /oop/tp_t/index.php/Public/register/
INFO: [ route_check ] --START--
INFO: Run CheckRoute Behavior [ RunTime:0.002177s ]
INFO: [ route_check ] --END-- [ RunTime:0.002487s ]
INFO: [ app_begin ] --START--
INFO: Run ReadHtmlCache Behavior [ RunTime:0.002029s ]
INFO: [ app_begin ] --END-- [ RunTime:0.002340s ]
INFO: [ view_template ] --START--
INFO: Run LocationTemplate Behavior [ RunTime:0.001977s ]
INFO: [ view_template ] --END-- [ RunTime:0.002226s ]
INFO: [ view_parse ] --START--
NOTIC: [8] Undefined index: uname D:\wamp\www\oop\tp_t\home\Runtime\Cache\f82d19cfc8984b5ca7bf785e4abd8c45.php 第 17 行.
NOTIC: [8] Undefined variable: tname D:\wamp\www\oop\tp_t\home\Runtime\Cache\f82d19cfc8984b5ca7bf785e4abd8c45.php 第 27 行.
INFO: Run ParseTemplate Behavior [ RunTime:0.022327s ]
INFO: [ view_parse ] --END-- [ RunTime:0.022534s ]
INFO: [ view_filter ] --START--
INFO: Run ContentReplace Behavior [ RunTime:0.001860s ]
INFO: Run TokenBuild Behavior [ RunTime:0.001353s ]
INFO: Run WriteHtmlCache Behavior [ RunTime:0.001297s ]
INFO: Run ShowRuntime Behavior [ RunTime:0.001645s ]
INFO: [ view_filter ] --END-- [ RunTime:0.006833s ]
INFO: [ view_end ] --START--
INFO: Run ShowPageTrace Behavior [ RunTime:0.001662s ]
INFO: [ view_end ] --END-- [ RunTime:0.001866s ]

[ 2015-05-27T08:44:27+08:00 ] 0.0.0.0 /oop/tp_t/index.php/Public/register/
INFO: [ route_check ] --START--
INFO: Run CheckRoute Behavior [ RunTime:0.002341s ]
INFO: [ route_check ] --END-- [ RunTime:0.002661s ]
INFO: [ app_begin ] --START--
INFO: Run ReadHtmlCache Behavior [ RunTime:0.002034s ]
INFO: [ app_begin ] --END-- [ RunTime:0.002362s ]
INFO: [ view_template ] --START--
INFO: Run LocationTemplate Behavior [ RunTime:0.001878s ]
INFO: [ view_template ] --END-- [ RunTime:0.002287s ]
INFO: [ view_parse ] --START--
NOTIC: [8] Undefined index: uname D:\wamp\www\oop\tp_t\home\Runtime\Cache\f82d19cfc8984b5ca7bf785e4abd8c45.php 第 17 行.
NOTIC: [8] Undefined variable: tname D:\wamp\www\oop\tp_t\home\Runtime\Cache\f82d19cfc8984b5ca7bf785e4abd8c45.php 第 27 行.
INFO: Run ParseTemplate Behavior [ RunTime:0.044383s ]
INFO: [ view_parse ] --END-- [ RunTime:0.044745s ]
INFO: [ view_filter ] --START--
INFO: Run ContentReplace Behavior [ RunTime:0.001449s ]
INFO: Run TokenBuild Behavior [ RunTime:0.001008s ]
INFO: Run WriteHtmlCache Behavior [ RunTime:0.000782s ]
INFO: Run ShowRuntime Behavior [ RunTime:0.002053s ]
INFO: [ view_filter ] --END-- [ RunTime:0.005958s ]
INFO: [ view_end ] --START--
INFO: Run ShowPageTrace Behavior [ RunTime:0.002463s ]
INFO: [ view_end ] --END-- [ RunTime:0.004071s ]

[ 2015-05-27T08:44:57+08:00 ] 0.0.0.0 /oop/tp_t/index.php/Public/register/
INFO: [ route_check ] --START--
INFO: Run CheckRoute Behavior [ RunTime:0.003027s ]
INFO: [ route_check ] --END-- [ RunTime:0.003375s ]
INFO: [ app_begin ] --START--
INFO: Run ReadHtmlCache Behavior [ RunTime:0.002324s ]
INFO: [ app_begin ] --END-- [ RunTime:0.002949s ]
INFO: [ view_template ] --START--
INFO: Run LocationTemplate Behavior [ RunTime:0.002619s ]
INFO: [ view_template ] --END-- [ RunTime:0.002985s ]
INFO: [ view_parse ] --START--
NOTIC: [8] Undefined index: uname D:\wamp\www\oop\tp_t\home\Runtime\Cache\f82d19cfc8984b5ca7bf785e4abd8c45.php 第 17 行.
NOTIC: [8] Undefined variable: tname D:\wamp\www\oop\tp_t\home\Runtime\Cache\f82d19cfc8984b5ca7bf785e4abd8c45.php 第 27 行.
INFO: Run ParseTemplate Behavior [ RunTime:0.026377s ]
INFO: [ view_parse ] --END-- [ RunTime:0.026666s ]
INFO: [ view_filter ] --START--
INFO: Run ContentReplace Behavior [ RunTime:0.001823s ]
INFO: Run TokenBuild Behavior [ RunTime:0.002376s ]
INFO: Run WriteHtmlCache Behavior [ RunTime:0.001289s ]
INFO: Run ShowRuntime Behavior [ RunTime:0.001582s ]
INFO: [ view_filter ] --END-- [ RunTime:0.007940s ]
INFO: [ view_end ] --START--
INFO: Run ShowPageTrace Behavior [ RunTime:0.003045s ]
INFO: [ view_end ] --END-- [ RunTime:0.003846s ]

[ 2015-05-27T08:45:48+08:00 ] 0.0.0.0 /oop/tp_t/index.php/Public/register/
INFO: [ route_check ] --START--
INFO: Run CheckRoute Behavior [ RunTime:0.001926s ]
INFO: [ route_check ] --END-- [ RunTime:0.002205s ]
INFO: [ app_begin ] --START--
INFO: Run ReadHtmlCache Behavior [ RunTime:0.002321s ]
INFO: [ app_begin ] --END-- [ RunTime:0.002679s ]
INFO: [ view_template ] --START--
INFO: Run LocationTemplate Behavior [ RunTime:0.001473s ]
INFO: [ view_template ] --END-- [ RunTime:0.001744s ]
INFO: [ view_parse ] --START--
NOTIC: [8] Undefined index: uname D:\wamp\www\oop\tp_t\home\Runtime\Cache\f82d19cfc8984b5ca7bf785e4abd8c45.php 第 17 行.
NOTIC: [8] Undefined variable: tname D:\wamp\www\oop\tp_t\home\Runtime\Cache\f82d19cfc8984b5ca7bf785e4abd8c45.php 第 27 行.
INFO: Run ParseTemplate Behavior [ RunTime:0.019795s ]
INFO: [ view_parse ] --END-- [ RunTime:0.020097s ]
INFO: [ view_filter ] --START--
INFO: Run ContentReplace Behavior [ RunTime:0.001159s ]
INFO: Run TokenBuild Behavior [ RunTime:0.001106s ]
INFO: Run WriteHtmlCache Behavior [ RunTime:0.000836s ]
INFO: Run ShowRuntime Behavior [ RunTime:0.001229s ]
INFO: [ view_filter ] --END-- [ RunTime:0.004890s ]
INFO: [ view_end ] --START--
INFO: Run ShowPageTrace Behavior [ RunTime:0.001370s ]
INFO: [ view_end ] --END-- [ RunTime:0.001584s ]

[ 2015-05-27T08:46:20+08:00 ] 0.0.0.0 /oop/tp_t/index.php/Public/register/
INFO: [ route_check ] --START--
INFO: Run CheckRoute Behavior [ RunTime:0.001635s ]
INFO: [ route_check ] --END-- [ RunTime:0.001876s ]
INFO: [ app_begin ] --START--
INFO: Run ReadHtmlCache Behavior [ RunTime:0.001485s ]
INFO: [ app_begin ] --END-- [ RunTime:0.001719s ]
INFO: [ view_template ] --START--
INFO: Run LocationTemplate Behavior [ RunTime:0.001495s ]
INFO: [ view_template ] --END-- [ RunTime:0.001825s ]
INFO: [ view_parse ] --START--
NOTIC: [8] Undefined index: uname D:\wamp\www\oop\tp_t\home\Runtime\Cache\f82d19cfc8984b5ca7bf785e4abd8c45.php 第 17 行.
NOTIC: [8] Undefined variable: tname D:\wamp\www\oop\tp_t\home\Runtime\Cache\f82d19cfc8984b5ca7bf785e4abd8c45.php 第 27 行.
INFO: Run ParseTemplate Behavior [ RunTime:0.022889s ]
INFO: [ view_parse ] --END-- [ RunTime:0.023164s ]
INFO: [ view_filter ] --START--
INFO: Run ContentReplace Behavior [ RunTime:0.001166s ]
INFO: Run TokenBuild Behavior [ RunTime:0.001153s ]
INFO: Run WriteHtmlCache Behavior [ RunTime:0.000880s ]
INFO: Run ShowRuntime Behavior [ RunTime:0.001377s ]
INFO: [ view_filter ] --END-- [ RunTime:0.005143s ]
INFO: [ view_end ] --START--
INFO: Run ShowPageTrace Behavior [ RunTime:0.001474s ]
INFO: [ view_end ] --END-- [ RunTime:0.001677s ]

[ 2015-05-27T08:46:42+08:00 ] 0.0.0.0 /oop/tp_t/index.php/Public/login/
INFO: [ route_check ] --START--
INFO: Run CheckRoute Behavior [ RunTime:0.001985s ]
INFO: [ route_check ] --END-- [ RunTime:0.002318s ]
INFO: [ app_begin ] --START--
INFO: Run ReadHtmlCache Behavior [ RunTime:0.001632s ]
INFO: [ app_begin ] --END-- [ RunTime:0.001918s ]
INFO: [ view_template ] --START--
INFO: Run LocationTemplate Behavior [ RunTime:0.002074s ]
INFO: [ view_template ] --END-- [ RunTime:0.002586s ]
INFO: [ view_parse ] --START--
NOTIC: [8] Undefined index: uname D:\wamp\www\oop\tp_t\home\Runtime\Cache\dddf1b2d3634e21399753b7b65c08d54.php 第 17 行.
NOTIC: [8] Undefined variable: tname D:\wamp\www\oop\tp_t\home\Runtime\Cache\dddf1b2d3634e21399753b7b65c08d54.php 第 27 行.
INFO: Run ParseTemplate Behavior [ RunTime:0.022296s ]
INFO: [ view_parse ] --END-- [ RunTime:0.022589s ]
INFO: [ view_filter ] --START--
INFO: Run ContentReplace Behavior [ RunTime:0.003786s ]
INFO: Run TokenBuild Behavior [ RunTime:0.002769s ]
INFO: Run WriteHtmlCache Behavior [ RunTime:0.001228s ]
INFO: Run ShowRuntime Behavior [ RunTime:0.001930s ]
INFO: [ view_filter ] --END-- [ RunTime:0.010896s ]
INFO: [ view_end ] --START--
INFO: Run ShowPageTrace Behavior [ RunTime:0.001395s ]
INFO: [ view_end ] --END-- [ RunTime:0.001608s ]

[ 2015-05-27T08:47:19+08:00 ] 0.0.0.0 /oop/tp_t/index.php/Public/register/
INFO: [ route_check ] --START--
INFO: Run CheckRoute Behavior [ RunTime:0.002120s ]
INFO: [ route_check ] --END-- [ RunTime:0.002446s ]
INFO: [ app_begin ] --START--
INFO: Run ReadHtmlCache Behavior [ RunTime:0.002000s ]
INFO: [ app_begin ] --END-- [ RunTime:0.002264s ]
INFO: [ view_template ] --START--
INFO: Run LocationTemplate Behavior [ RunTime:0.002459s ]
INFO: [ view_template ] --END-- [ RunTime:0.002768s ]
INFO: [ view_parse ] --START--
NOTIC: [8] Undefined index: uname D:\wamp\www\oop\tp_t\home\Runtime\Cache\f82d19cfc8984b5ca7bf785e4abd8c45.php 第 17 行.
NOTIC: [8] Undefined variable: tname D:\wamp\www\oop\tp_t\home\Runtime\Cache\f82d19cfc8984b5ca7bf785e4abd8c45.php 第 27 行.
INFO: Run ParseTemplate Behavior [ RunTime:0.025690s ]
INFO: [ view_parse ] --END-- [ RunTime:0.025902s ]
INFO: [ view_filter ] --START--
INFO: Run ContentReplace Behavior [ RunTime:0.001937s ]
INFO: Run TokenBuild Behavior [ RunTime:0.001466s ]
INFO: Run WriteHtmlCache Behavior [ RunTime:0.001388s ]
INFO: Run ShowRuntime Behavior [ RunTime:0.001469s ]
INFO: [ view_filter ] --END-- [ RunTime:0.007137s ]
INFO: [ view_end ] --START--
INFO: Run ShowPageTrace Behavior [ RunTime:0.002142s ]
INFO: [ view_end ] --END-- [ RunTime:0.002375s ]

[ 2015-05-27T08:47:28+08:00 ] 0.0.0.0 /oop/tp_t/index.php/Public/login/
INFO: [ route_check ] --START--
INFO: Run CheckRoute Behavior [ RunTime:0.001754s ]
INFO: [ route_check ] --END-- [ RunTime:0.001994s ]
INFO: [ app_begin ] --START--
INFO: Run ReadHtmlCache Behavior [ RunTime:0.001740s ]
INFO: [ app_begin ] --END-- [ RunTime:0.001985s ]
INFO: [ view_template ] --START--
INFO: Run LocationTemplate Behavior [ RunTime:0.001393s ]
INFO: [ view_template ] --END-- [ RunTime:0.001696s ]
INFO: [ view_parse ] --START--
NOTIC: [8] Undefined index: uname D:\wamp\www\oop\tp_t\home\Runtime\Cache\dddf1b2d3634e21399753b7b65c08d54.php 第 17 行.
NOTIC: [8] Undefined variable: tname D:\wamp\www\oop\tp_t\home\Runtime\Cache\dddf1b2d3634e21399753b7b65c08d54.php 第 27 行.
INFO: Run ParseTemplate Behavior [ RunTime:0.019552s ]
INFO: [ view_parse ] --END-- [ RunTime:0.019784s ]
INFO: [ view_filter ] --START--
INFO: Run ContentReplace Behavior [ RunTime:0.002266s ]
INFO: Run TokenBuild Behavior [ RunTime:0.001129s ]
INFO: Run WriteHtmlCache Behavior [ RunTime:0.000713s ]
INFO: Run ShowRuntime Behavior [ RunTime:0.001857s ]
INFO: [ view_filter ] --END-- [ RunTime:0.006847s ]
INFO: [ view_end ] --START--
INFO: Run ShowPageTrace Behavior [ RunTime:0.004229s ]
INFO: [ view_end ] --END-- [ RunTime:0.004596s ]

[ 2015-05-27T08:58:28+08:00 ] 0.0.0.0 /oop/tp_t/index.php/Public/login/
INFO: [ route_check ] --START--
INFO: Run CheckRoute Behavior [ RunTime:0.003781s ]
INFO: [ route_check ] --END-- [ RunTime:0.004209s ]
INFO: [ app_begin ] --START--
INFO: Run ReadHtmlCache Behavior [ RunTime:0.001940s ]
INFO: [ app_begin ] --END-- [ RunTime:0.002243s ]
INFO: [ view_template ] --START--
INFO: Run LocationTemplate Behavior [ RunTime:0.003285s ]
INFO: [ view_template ] --END-- [ RunTime:0.003725s ]
INFO: [ view_parse ] --START--
NOTIC: [8] Undefined index: uname D:\wamp\www\oop\tp_t\home\Runtime\Cache\dddf1b2d3634e21399753b7b65c08d54.php 第 17 行.
NOTIC: [8] Undefined variable: tname D:\wamp\www\oop\tp_t\home\Runtime\Cache\dddf1b2d3634e21399753b7b65c08d54.php 第 27 行.
INFO: Run ParseTemplate Behavior [ RunTime:0.032734s ]
INFO: [ view_parse ] --END-- [ RunTime:0.033111s ]
INFO: [ view_filter ] --START--
INFO: Run ContentReplace Behavior [ RunTime:0.002002s ]
INFO: Run TokenBuild Behavior [ RunTime:0.002021s ]
INFO: Run WriteHtmlCache Behavior [ RunTime:0.001452s ]
INFO: Run ShowRuntime Behavior [ RunTime:0.001573s ]
INFO: [ view_filter ] --END-- [ RunTime:0.007911s ]
INFO: [ view_end ] --START--
INFO: Run ShowPageTrace Behavior [ RunTime:0.001637s ]
INFO: [ view_end ] --END-- [ RunTime:0.001841s ]

[ 2015-05-27T17:18:35+08:00 ] 0.0.0.0 /oop/tp_t/
INFO: [ app_begin ] --START--
INFO: Run ReadHtmlCache Behavior [ RunTime:0.004492s ]
INFO: [ app_begin ] --END-- [ RunTime:0.004815s ]
SQL: SHOW COLUMNS FROM `album_type` [ RunTime:0.032266s ]
SQL: SELECT * FROM `album_type` ORDER BY sort desc LIMIT 4   [ RunTime:0.000915s ]
SQL: SHOW COLUMNS FROM `album` [ RunTime:0.010458s ]
SQL: SELECT album.*,userinfo.nickname FROM `album` LEFT JOIN userinfo on album.uid=userinfo.id WHERE ( album.t_id=3 ) ORDER BY album.id desc LIMIT 4   [ RunTime:0.001293s ]
SQL: SELECT album.*,userinfo.nickname FROM `album` LEFT JOIN userinfo on album.uid=userinfo.id WHERE ( album.t_id=1 ) ORDER BY album.id desc LIMIT 4   [ RunTime:0.000922s ]
SQL: SELECT album.*,userinfo.nickname FROM `album` LEFT JOIN userinfo on album.uid=userinfo.id WHERE ( album.t_id=2 ) ORDER BY album.id desc LIMIT 4   [ RunTime:0.000895s ]
SQL: SELECT album.*,userinfo.nickname FROM `album` LEFT JOIN userinfo on album.uid=userinfo.id WHERE ( album.t_id=5 ) ORDER BY album.id desc LIMIT 4   [ RunTime:0.001021s ]
INFO: [ view_template ] --START--
INFO: Run LocationTemplate Behavior [ RunTime:0.004344s ]
INFO: [ view_template ] --END-- [ RunTime:0.004730s ]
INFO: [ view_parse ] --START--
NOTIC: [8] Undefined index: uname D:\wamp\www\oop\tp_t\home\Runtime\Cache\d046431aa157c89f3a1c30c426be003b.php 第 14 行.
INFO: Run ParseTemplate Behavior [ RunTime:0.080867s ]
INFO: [ view_parse ] --END-- [ RunTime:0.081238s ]
INFO: [ view_filter ] --START--
INFO: Run ContentReplace Behavior [ RunTime:0.011905s ]
INFO: Run TokenBuild Behavior [ RunTime:0.003035s ]
INFO: Run WriteHtmlCache Behavior [ RunTime:0.002945s ]
INFO: Run ShowRuntime Behavior [ RunTime:0.004287s ]
INFO: [ view_filter ] --END-- [ RunTime:0.023306s ]
INFO: [ view_end ] --START--
INFO: Run ShowPageTrace Behavior [ RunTime:0.003871s ]
INFO: [ view_end ] --END-- [ RunTime:0.004219s ]

[ 2015-05-27T17:19:31+08:00 ] 0.0.0.0 /oop/tp_t/index.php/Album/lists/atype/3
INFO: [ route_check ] --START--
INFO: Run CheckRoute Behavior [ RunTime:0.003237s ]
INFO: [ route_check ] --END-- [ RunTime:0.003798s ]
INFO: [ app_begin ] --START--
INFO: Run ReadHtmlCache Behavior [ RunTime:0.002338s ]
INFO: [ app_begin ] --END-- [ RunTime:0.002747s ]
SQL: SHOW COLUMNS FROM `album_type` [ RunTime:0.007741s ]
SQL: SELECT * FROM `album_type` WHERE ( album_type.id=3 ) LIMIT 1   [ RunTime:0.000813s ]
SQL: SHOW COLUMNS FROM `album` [ RunTime:0.011109s ]
SQL: SELECT COUNT(*) AS tp_count FROM `album` WHERE ( album_type.id=3 ) LIMIT 1   [ RunTime:0.024762s ]
ERR: Unknown column 'album_type.id' in 'where clause'
 [ SQL语句 ] : SELECT COUNT(*) AS tp_count FROM `album` WHERE ( album_type.id=3 ) LIMIT 1  
SQL: SELECT album.*,album_type.t_name,userinfo.nickname FROM `album` LEFT JOIN album_type on album.t_id=album_type.id LEFT JOIN userinfo on album.uid=userinfo.id WHERE ( album_type.id=3 ) ORDER BY album.id desc LIMIT 0,4   [ RunTime:0.001178s ]
INFO: [ view_template ] --START--
INFO: Run LocationTemplate Behavior [ RunTime:0.002992s ]
INFO: [ view_template ] --END-- [ RunTime:0.003317s ]
INFO: [ view_parse ] --START--
NOTIC: [8] Undefined index: uname D:\wamp\www\oop\tp_t\home\Runtime\Cache\2300a791f02755d560f2faf87eb6cb45.php 第 17 行.
INFO: Run ParseTemplate Behavior [ RunTime:0.060865s ]
INFO: [ view_parse ] --END-- [ RunTime:0.061147s ]
INFO: [ view_filter ] --START--
INFO: Run ContentReplace Behavior [ RunTime:0.001657s ]
INFO: Run TokenBuild Behavior [ RunTime:0.002308s ]
INFO: Run WriteHtmlCache Behavior [ RunTime:0.001233s ]
INFO: Run ShowRuntime Behavior [ RunTime:0.001509s ]
INFO: [ view_filter ] --END-- [ RunTime:0.007299s ]
INFO: [ view_end ] --START--
INFO: Run ShowPageTrace Behavior [ RunTime:0.001584s ]
INFO: [ view_end ] --END-- [ RunTime:0.001780s ]

[ 2015-05-27T17:19:41+08:00 ] 0.0.0.0 /oop/tp_t/index.php/Album/album_photo/id/21
INFO: [ route_check ] --START--
INFO: Run CheckRoute Behavior [ RunTime:0.002613s ]
INFO: [ route_check ] --END-- [ RunTime:0.002960s ]
INFO: [ app_begin ] --START--
INFO: Run ReadHtmlCache Behavior [ RunTime:0.002134s ]
INFO: [ app_begin ] --END-- [ RunTime:0.002538s ]
SQL: SHOW COLUMNS FROM `album` [ RunTime:0.008102s ]
SQL: SELECT album.*,userinfo.nickname FROM `album` LEFT JOIN userinfo on album.uid=userinfo.id WHERE ( album.id=21 ) LIMIT 1   [ RunTime:0.000984s ]
SQL: SHOW COLUMNS FROM `photo` [ RunTime:0.148312s ]
SQL: SELECT * FROM `photo` WHERE ( photo.t_id=21 )  [ RunTime:0.001820s ]
INFO: [ view_template ] --START--
INFO: Run LocationTemplate Behavior [ RunTime:0.004709s ]
INFO: [ view_template ] --END-- [ RunTime:0.005114s ]
INFO: [ view_parse ] --START--
NOTIC: [8] Undefined index: uname D:\wamp\www\oop\tp_t\home\Runtime\Cache\02d69e70177c6eb2aaf9dab373f9b705.php 第 17 行.
NOTIC: [8] Undefined variable: page D:\wamp\www\oop\tp_t\home\Runtime\Cache\02d69e70177c6eb2aaf9dab373f9b705.php 第 44 行.
INFO: Run ParseTemplate Behavior [ RunTime:0.040844s ]
INFO: [ view_parse ] --END-- [ RunTime:0.041065s ]
INFO: [ view_filter ] --START--
INFO: Run ContentReplace Behavior [ RunTime:0.002288s ]
INFO: Run TokenBuild Behavior [ RunTime:0.002114s ]
INFO: Run WriteHtmlCache Behavior [ RunTime:0.001117s ]
INFO: Run ShowRuntime Behavior [ RunTime:0.001586s ]
INFO: [ view_filter ] --END-- [ RunTime:0.007788s ]
INFO: [ view_end ] --START--
INFO: Run ShowPageTrace Behavior [ RunTime:0.001646s ]
INFO: [ view_end ] --END-- [ RunTime:0.001843s ]

[ 2015-05-27T17:19:49+08:00 ] 0.0.0.0 /oop/tp_t/index.php/Album/photo_detail/id/39
INFO: [ route_check ] --START--
INFO: Run CheckRoute Behavior [ RunTime:0.002059s ]
INFO: [ route_check ] --END-- [ RunTime:0.002339s ]
INFO: [ app_begin ] --START--
INFO: Run ReadHtmlCache Behavior [ RunTime:0.001653s ]
INFO: [ app_begin ] --END-- [ RunTime:0.001867s ]
SQL: SHOW COLUMNS FROM `photo` [ RunTime:0.008653s ]
SQL: SELECT * FROM `photo` WHERE ( id=39 ) LIMIT 1   [ RunTime:0.001366s ]
INFO: [ view_template ] --START--
INFO: Run LocationTemplate Behavior [ RunTime:0.002274s ]
INFO: [ view_template ] --END-- [ RunTime:0.002491s ]
INFO: [ view_parse ] --START--
NOTIC: [8] Undefined index: uname D:\wamp\www\oop\tp_t\home\Runtime\Cache\ac9f65adab238f8a6b298290b301d97e.php 第 17 行.
NOTIC: [8] Undefined variable: tname D:\wamp\www\oop\tp_t\home\Runtime\Cache\ac9f65adab238f8a6b298290b301d97e.php 第 27 行.
INFO: Run ParseTemplate Behavior [ RunTime:0.103741s ]
INFO: [ view_parse ] --END-- [ RunTime:0.104022s ]
INFO: [ view_filter ] --START--
INFO: Run ContentReplace Behavior [ RunTime:0.001436s ]
INFO: Run TokenBuild Behavior [ RunTime:0.001328s ]
INFO: Run WriteHtmlCache Behavior [ RunTime:0.001208s ]
INFO: Run ShowRuntime Behavior [ RunTime:0.001644s ]
INFO: [ view_filter ] --END-- [ RunTime:0.006250s ]
INFO: [ view_end ] --START--
INFO: Run ShowPageTrace Behavior [ RunTime:0.001732s ]
INFO: [ view_end ] --END-- [ RunTime:0.001937s ]

[ 2015-05-27T17:20:13+08:00 ] 0.0.0.0 /oop/tp_t/index.php/Public/register/
INFO: [ route_check ] --START--
INFO: Run CheckRoute Behavior [ RunTime:0.003691s ]
INFO: [ route_check ] --END-- [ RunTime:0.003989s ]
INFO: [ app_begin ] --START--
INFO: Run ReadHtmlCache Behavior [ RunTime:0.001755s ]
INFO: [ app_begin ] --END-- [ RunTime:0.002052s ]
INFO: [ view_template ] --START--
INFO: Run LocationTemplate Behavior [ RunTime:0.003723s ]
INFO: [ view_template ] --END-- [ RunTime:0.004179s ]
INFO: [ view_parse ] --START--
NOTIC: [8] Undefined index: uname D:\wamp\www\oop\tp_t\home\Runtime\Cache\f82d19cfc8984b5ca7bf785e4abd8c45.php 第 17 行.
NOTIC: [8] Undefined variable: tname D:\wamp\www\oop\tp_t\home\Runtime\Cache\f82d19cfc8984b5ca7bf785e4abd8c45.php 第 27 行.
INFO: Run ParseTemplate Behavior [ RunTime:0.034345s ]
INFO: [ view_parse ] --END-- [ RunTime:0.034637s ]
INFO: [ view_filter ] --START--
INFO: Run ContentReplace Behavior [ RunTime:0.001346s ]
INFO: Run TokenBuild Behavior [ RunTime:0.001986s ]
INFO: Run WriteHtmlCache Behavior [ RunTime:0.001714s ]
INFO: Run ShowRuntime Behavior [ RunTime:0.002125s ]
INFO: [ view_filter ] --END-- [ RunTime:0.007944s ]
INFO: [ view_end ] --START--
INFO: Run ShowPageTrace Behavior [ RunTime:0.002133s ]
INFO: [ view_end ] --END-- [ RunTime:0.002414s ]

[ 2015-05-27T17:20:25+08:00 ] 0.0.0.0 /oop/tp_t/index.php/Public/checkuname/uname/xingfeng2015
INFO: [ route_check ] --START--
INFO: Run CheckRoute Behavior [ RunTime:0.002427s ]
INFO: [ route_check ] --END-- [ RunTime:0.002716s ]
INFO: [ app_begin ] --START--
INFO: Run ReadHtmlCache Behavior [ RunTime:0.001384s ]
INFO: [ app_begin ] --END-- [ RunTime:0.001606s ]
SQL: SHOW COLUMNS FROM `userinfo` [ RunTime:0.008435s ]
SQL: SELECT * FROM `userinfo` WHERE ( username='xingfeng2015' ) LIMIT 1   [ RunTime:0.000743s ]

[ 2015-05-27T17:20:33+08:00 ] 0.0.0.0 /oop/tp_t/index.php/Public/checkuname/uname/xingfeng2015
INFO: [ route_check ] --START--
INFO: Run CheckRoute Behavior [ RunTime:0.003299s ]
INFO: [ route_check ] --END-- [ RunTime:0.003687s ]
INFO: [ app_begin ] --START--
INFO: Run ReadHtmlCache Behavior [ RunTime:0.002359s ]
INFO: [ app_begin ] --END-- [ RunTime:0.002736s ]
SQL: SHOW COLUMNS FROM `userinfo` [ RunTime:0.009622s ]
SQL: SELECT * FROM `userinfo` WHERE ( username='xingfeng2015' ) LIMIT 1   [ RunTime:0.000732s ]

[ 2015-05-27T17:20:48+08:00 ] 0.0.0.0 /oop/tp_t/index.php/Public/checkuname/uname/xingfeng2015
INFO: [ route_check ] --START--
INFO: Run CheckRoute Behavior [ RunTime:0.001959s ]
INFO: [ route_check ] --END-- [ RunTime:0.002204s ]
INFO: [ app_begin ] --START--
INFO: Run ReadHtmlCache Behavior [ RunTime:0.001364s ]
INFO: [ app_begin ] --END-- [ RunTime:0.001578s ]
SQL: SHOW COLUMNS FROM `userinfo` [ RunTime:0.012506s ]
SQL: SELECT * FROM `userinfo` WHERE ( username='xingfeng2015' ) LIMIT 1   [ RunTime:0.000981s ]

[ 2015-05-27T17:20:54+08:00 ] 0.0.0.0 /oop/tp_t/index.php/Public/register/
INFO: [ route_check ] --START--
INFO: Run CheckRoute Behavior [ RunTime:0.002134s ]
INFO: [ route_check ] --END-- [ RunTime:0.002374s ]
INFO: [ app_begin ] --START--
INFO: Run ReadHtmlCache Behavior [ RunTime:0.001505s ]
INFO: [ app_begin ] --END-- [ RunTime:0.001718s ]
INFO: [ view_template ] --START--
INFO: Run LocationTemplate Behavior [ RunTime:0.002277s ]
INFO: [ view_template ] --END-- [ RunTime:0.002563s ]
INFO: [ view_parse ] --START--
NOTIC: [8] Undefined index: uname D:\wamp\www\oop\tp_t\home\Runtime\Cache\f82d19cfc8984b5ca7bf785e4abd8c45.php 第 17 行.
NOTIC: [8] Undefined variable: tname D:\wamp\www\oop\tp_t\home\Runtime\Cache\f82d19cfc8984b5ca7bf785e4abd8c45.php 第 27 行.
INFO: Run ParseTemplate Behavior [ RunTime:0.031913s ]
INFO: [ view_parse ] --END-- [ RunTime:0.032116s ]
INFO: [ view_filter ] --START--
INFO: Run ContentReplace Behavior [ RunTime:0.001822s ]
INFO: Run TokenBuild Behavior [ RunTime:0.001741s ]
INFO: Run WriteHtmlCache Behavior [ RunTime:0.001595s ]
INFO: Run ShowRuntime Behavior [ RunTime:0.001966s ]
INFO: [ view_filter ] --END-- [ RunTime:0.007924s ]
INFO: [ view_end ] --START--
INFO: Run ShowPageTrace Behavior [ RunTime:0.001836s ]
INFO: [ view_end ] --END-- [ RunTime:0.002038s ]

[ 2015-05-27T17:21:28+08:00 ] 0.0.0.0 /oop/tp_t/index.php/Public/login/
INFO: [ route_check ] --START--
INFO: Run CheckRoute Behavior [ RunTime:0.001885s ]
INFO: [ route_check ] --END-- [ RunTime:0.002129s ]
INFO: [ app_begin ] --START--
INFO: Run ReadHtmlCache Behavior [ RunTime:0.001343s ]
INFO: [ app_begin ] --END-- [ RunTime:0.001560s ]
INFO: [ view_template ] --START--
INFO: Run LocationTemplate Behavior [ RunTime:0.003427s ]
INFO: [ view_template ] --END-- [ RunTime:0.003884s ]
INFO: [ view_parse ] --START--
NOTIC: [8] Undefined index: uname D:\wamp\www\oop\tp_t\home\Runtime\Cache\dddf1b2d3634e21399753b7b65c08d54.php 第 17 行.
NOTIC: [8] Undefined variable: tname D:\wamp\www\oop\tp_t\home\Runtime\Cache\dddf1b2d3634e21399753b7b65c08d54.php 第 27 行.
INFO: Run ParseTemplate Behavior [ RunTime:0.043583s ]
INFO: [ view_parse ] --END-- [ RunTime:0.043830s ]
INFO: [ view_filter ] --START--
INFO: Run ContentReplace Behavior [ RunTime:0.001305s ]
INFO: Run TokenBuild Behavior [ RunTime:0.001557s ]
INFO: Run WriteHtmlCache Behavior [ RunTime:0.003736s ]
INFO: Run ShowRuntime Behavior [ RunTime:0.002602s ]
INFO: [ view_filter ] --END-- [ RunTime:0.010347s ]
INFO: [ view_end ] --START--
INFO: Run ShowPageTrace Behavior [ RunTime:0.002714s ]
INFO: [ view_end ] --END-- [ RunTime:0.003068s ]

[ 2015-05-27T17:21:42+08:00 ] 0.0.0.0 /oop/tp_t/index.php
INFO: [ app_begin ] --START--
INFO: Run ReadHtmlCache Behavior [ RunTime:0.002244s ]
INFO: [ app_begin ] --END-- [ RunTime:0.002668s ]
SQL: SHOW COLUMNS FROM `album_type` [ RunTime:0.010801s ]
SQL: SELECT * FROM `album_type` ORDER BY sort desc LIMIT 4   [ RunTime:0.001002s ]
SQL: SHOW COLUMNS FROM `album` [ RunTime:0.013165s ]
SQL: SELECT album.*,userinfo.nickname FROM `album` LEFT JOIN userinfo on album.uid=userinfo.id WHERE ( album.t_id=3 ) ORDER BY album.id desc LIMIT 4   [ RunTime:0.000938s ]
SQL: SELECT album.*,userinfo.nickname FROM `album` LEFT JOIN userinfo on album.uid=userinfo.id WHERE ( album.t_id=1 ) ORDER BY album.id desc LIMIT 4   [ RunTime:0.001265s ]
SQL: SELECT album.*,userinfo.nickname FROM `album` LEFT JOIN userinfo on album.uid=userinfo.id WHERE ( album.t_id=2 ) ORDER BY album.id desc LIMIT 4   [ RunTime:0.001037s ]
SQL: SELECT album.*,userinfo.nickname FROM `album` LEFT JOIN userinfo on album.uid=userinfo.id WHERE ( album.t_id=5 ) ORDER BY album.id desc LIMIT 4   [ RunTime:0.000931s ]
INFO: [ view_template ] --START--
INFO: Run LocationTemplate Behavior [ RunTime:0.002320s ]
INFO: [ view_template ] --END-- [ RunTime:0.002564s ]
INFO: [ view_parse ] --START--
INFO: Run ParseTemplate Behavior [ RunTime:0.047701s ]
INFO: [ view_parse ] --END-- [ RunTime:0.048038s ]
INFO: [ view_filter ] --START--
INFO: Run ContentReplace Behavior [ RunTime:0.002258s ]
INFO: Run TokenBuild Behavior [ RunTime:0.002785s ]
INFO: Run WriteHtmlCache Behavior [ RunTime:0.002167s ]
INFO: Run ShowRuntime Behavior [ RunTime:0.003537s ]
INFO: [ view_filter ] --END-- [ RunTime:0.011884s ]
INFO: [ view_end ] --START--
INFO: Run ShowPageTrace Behavior [ RunTime:0.002641s ]
INFO: [ view_end ] --END-- [ RunTime:0.003029s ]

[ 2015-05-27T17:22:02+08:00 ] 0.0.0.0 /oop/tp_t/index.php/User/index/
INFO: [ route_check ] --START--
INFO: Run CheckRoute Behavior [ RunTime:0.003591s ]
INFO: [ route_check ] --END-- [ RunTime:0.004151s ]
INFO: [ app_begin ] --START--
INFO: Run ReadHtmlCache Behavior [ RunTime:0.002478s ]
INFO: [ app_begin ] --END-- [ RunTime:0.002980s ]
NOTIC: [8] Undefined index: atype D:\wamp\www\oop\tp_t\home\Lib\Action\UserAction.class.php 第 13 行.
SQL: SHOW COLUMNS FROM `album` [ RunTime:0.009600s ]
SQL: SELECT COUNT(*) AS tp_count FROM `album` WHERE ( album.uid=1 ) LIMIT 1   [ RunTime:0.000893s ]
SQL: SELECT album.*,album_type.t_name FROM `album` LEFT JOIN album_type on album.t_id=album_type.id WHERE ( album.uid=1 ) ORDER BY id desc LIMIT 0,4   [ RunTime:0.001110s ]
INFO: [ view_template ] --START--
INFO: Run LocationTemplate Behavior [ RunTime:0.002792s ]
INFO: [ view_template ] --END-- [ RunTime:0.003076s ]
INFO: [ view_parse ] --START--
INFO: Run ParseTemplate Behavior [ RunTime:0.030774s ]
INFO: [ view_parse ] --END-- [ RunTime:0.031067s ]
INFO: [ view_filter ] --START--
INFO: Run ContentReplace Behavior [ RunTime:0.001523s ]
INFO: Run TokenBuild Behavior [ RunTime:0.001368s ]
INFO: Run WriteHtmlCache Behavior [ RunTime:0.001012s ]
INFO: Run ShowRuntime Behavior [ RunTime:0.001468s ]
INFO: [ view_filter ] --END-- [ RunTime:0.005940s ]
INFO: [ view_end ] --START--
INFO: Run ShowPageTrace Behavior [ RunTime:0.002385s ]
INFO: [ view_end ] --END-- [ RunTime:0.002645s ]

[ 2015-05-27T17:22:37+08:00 ] 0.0.0.0 /oop/tp_t/index.php/Album/lists/atype/3
INFO: [ route_check ] --START--
INFO: Run CheckRoute Behavior [ RunTime:0.003211s ]
INFO: [ route_check ] --END-- [ RunTime:0.004152s ]
INFO: [ app_begin ] --START--
INFO: Run ReadHtmlCache Behavior [ RunTime:0.001829s ]
INFO: [ app_begin ] --END-- [ RunTime:0.002148s ]
SQL: SHOW COLUMNS FROM `album_type` [ RunTime:0.008622s ]
SQL: SELECT * FROM `album_type` WHERE ( album_type.id=3 ) LIMIT 1   [ RunTime:0.001054s ]
SQL: SHOW COLUMNS FROM `album` [ RunTime:0.011105s ]
SQL: SELECT COUNT(*) AS tp_count FROM `album` WHERE ( album_type.id=3 ) LIMIT 1   [ RunTime:0.001175s ]
ERR: Unknown column 'album_type.id' in 'where clause'
 [ SQL语句 ] : SELECT COUNT(*) AS tp_count FROM `album` WHERE ( album_type.id=3 ) LIMIT 1  
SQL: SELECT album.*,album_type.t_name,userinfo.nickname FROM `album` LEFT JOIN album_type on album.t_id=album_type.id LEFT JOIN userinfo on album.uid=userinfo.id WHERE ( album_type.id=3 ) ORDER BY album.id desc LIMIT 0,4   [ RunTime:0.001678s ]
INFO: [ view_template ] --START--
INFO: Run LocationTemplate Behavior [ RunTime:0.002974s ]
INFO: [ view_template ] --END-- [ RunTime:0.003258s ]
INFO: [ view_parse ] --START--
INFO: Run ParseTemplate Behavior [ RunTime:0.034594s ]
INFO: [ view_parse ] --END-- [ RunTime:0.034976s ]
INFO: [ view_filter ] --START--
INFO: Run ContentReplace Behavior [ RunTime:0.002478s ]
INFO: Run TokenBuild Behavior [ RunTime:0.001777s ]
INFO: Run WriteHtmlCache Behavior [ RunTime:0.001382s ]
INFO: Run ShowRuntime Behavior [ RunTime:0.002739s ]
INFO: [ view_filter ] --END-- [ RunTime:0.009337s ]
INFO: [ view_end ] --START--
INFO: Run ShowPageTrace Behavior [ RunTime:0.002649s ]
INFO: [ view_end ] --END-- [ RunTime:0.002903s ]

[ 2015-05-27T17:22:54+08:00 ] 0.0.0.0 /oop/tp_t/index.php/User/add_album/
INFO: [ route_check ] --START--
INFO: Run CheckRoute Behavior [ RunTime:0.002659s ]
INFO: [ route_check ] --END-- [ RunTime:0.002984s ]
INFO: [ app_begin ] --START--
INFO: Run ReadHtmlCache Behavior [ RunTime:0.004010s ]
INFO: [ app_begin ] --END-- [ RunTime:0.004412s ]
SQL: SHOW COLUMNS FROM `album_type` [ RunTime:0.009377s ]
SQL: SELECT * FROM `album_type`  [ RunTime:0.001775s ]
INFO: [ view_template ] --START--
INFO: Run LocationTemplate Behavior [ RunTime:0.003370s ]
INFO: [ view_template ] --END-- [ RunTime:0.003859s ]
INFO: [ view_parse ] --START--
INFO: Run ParseTemplate Behavior [ RunTime:0.110148s ]
INFO: [ view_parse ] --END-- [ RunTime:0.110541s ]
INFO: [ view_filter ] --START--
INFO: Run ContentReplace Behavior [ RunTime:0.002135s ]
INFO: Run TokenBuild Behavior [ RunTime:0.001544s ]
INFO: Run WriteHtmlCache Behavior [ RunTime:0.001269s ]
INFO: Run ShowRuntime Behavior [ RunTime:0.001521s ]
INFO: [ view_filter ] --END-- [ RunTime:0.007197s ]
INFO: [ view_end ] --START--
INFO: Run ShowPageTrace Behavior [ RunTime:0.001639s ]
INFO: [ view_end ] --END-- [ RunTime:0.001844s ]

[ 2015-05-27T17:23:22+08:00 ] 0.0.0.0 /oop/tp_t/index.php/User/add_photo/
INFO: [ route_check ] --START--
INFO: Run CheckRoute Behavior [ RunTime:0.001672s ]
INFO: [ route_check ] --END-- [ RunTime:0.001921s ]
INFO: [ app_begin ] --START--
INFO: Run ReadHtmlCache Behavior [ RunTime:0.002025s ]
INFO: [ app_begin ] --END-- [ RunTime:0.002600s ]
SQL: SHOW COLUMNS FROM `album` [ RunTime:0.010282s ]
SQL: SELECT * FROM `album` ORDER BY id desc  [ RunTime:0.000937s ]
INFO: [ view_template ] --START--
INFO: Run LocationTemplate Behavior [ RunTime:0.001605s ]
INFO: [ view_template ] --END-- [ RunTime:0.001826s ]
INFO: [ view_parse ] --START--
INFO: Run ParseTemplate Behavior [ RunTime:0.049910s ]
INFO: [ view_parse ] --END-- [ RunTime:0.050156s ]
INFO: [ view_filter ] --START--
INFO: Run ContentReplace Behavior [ RunTime:0.001117s ]
INFO: Run TokenBuild Behavior [ RunTime:0.001199s ]
INFO: Run WriteHtmlCache Behavior [ RunTime:0.000828s ]
INFO: Run ShowRuntime Behavior [ RunTime:0.001286s ]
INFO: [ view_filter ] --END-- [ RunTime:0.004991s ]
INFO: [ view_end ] --START--
INFO: Run ShowPageTrace Behavior [ RunTime:0.001397s ]
INFO: [ view_end ] --END-- [ RunTime:0.001594s ]

