[ 2015-05-04T14:28:50+08:00 ] 0.0.0.0 /oop/tp_t/
INFO: [ app_begin ] --START--
INFO: Run ReadHtmlCache Behavior [ RunTime:0.004392s ]
INFO: [ app_begin ] --END-- [ RunTime:0.004681s ]
SQL: SHOW COLUMNS FROM `album_type` [ RunTime:0.184999s ]
SQL: SELECT * FROM `album_type` ORDER BY sort desc LIMIT 4   [ RunTime:0.012586s ]
SQL: SHOW COLUMNS FROM `album` [ RunTime:0.048772s ]
SQL: SELECT album.*,userinfo.nickname FROM `album` LEFT JOIN userinfo on album.uid=userinfo.id WHERE ( album.t_id=3 ) ORDER BY album.id desc LIMIT 4   [ RunTime:0.067495s ]
SQL: SELECT album.*,userinfo.nickname FROM `album` LEFT JOIN userinfo on album.uid=userinfo.id WHERE ( album.t_id=1 ) ORDER BY album.id desc LIMIT 4   [ RunTime:0.000784s ]
SQL: SELECT album.*,userinfo.nickname FROM `album` LEFT JOIN userinfo on album.uid=userinfo.id WHERE ( album.t_id=2 ) ORDER BY album.id desc LIMIT 4   [ RunTime:0.000879s ]
SQL: SELECT album.*,userinfo.nickname FROM `album` LEFT JOIN userinfo on album.uid=userinfo.id WHERE ( album.t_id=5 ) ORDER BY album.id desc LIMIT 4   [ RunTime:0.000731s ]
INFO: [ view_template ] --START--
INFO: Run LocationTemplate Behavior [ RunTime:0.032362s ]
INFO: [ view_template ] --END-- [ RunTime:0.032898s ]
INFO: [ view_parse ] --START--
NOTIC: [8] Undefined index: uname D:\wamp\www\oop\tp_t\home\Runtime\Cache\d046431aa157c89f3a1c30c426be003b.php 第 14 行.
INFO: Run ParseTemplate Behavior [ RunTime:0.081612s ]
INFO: [ view_parse ] --END-- [ RunTime:0.081991s ]
INFO: [ view_filter ] --START--
INFO: Run ContentReplace Behavior [ RunTime:0.020116s ]
INFO: Run TokenBuild Behavior [ RunTime:0.002809s ]
INFO: Run WriteHtmlCache Behavior [ RunTime:0.001888s ]
INFO: Run ShowRuntime Behavior [ RunTime:0.003476s ]
INFO: [ view_filter ] --END-- [ RunTime:0.029153s ]
INFO: [ view_end ] --START--
INFO: Run ShowPageTrace Behavior [ RunTime:0.003076s ]
INFO: [ view_end ] --END-- [ RunTime:0.003382s ]

[ 2015-05-04T14:28:56+08:00 ] 0.0.0.0 /oop/tp_t/index.php/Album/lists/atype/3
INFO: [ route_check ] --START--
INFO: Run CheckRoute Behavior [ RunTime:0.091053s ]
INFO: [ route_check ] --END-- [ RunTime:0.091479s ]
INFO: [ app_begin ] --START--
INFO: Run ReadHtmlCache Behavior [ RunTime:0.002649s ]
INFO: [ app_begin ] --END-- [ RunTime:0.003030s ]
SQL: SHOW COLUMNS FROM `album_type` [ RunTime:0.012391s ]
SQL: SELECT * FROM `album_type` WHERE ( album_type.id=3 ) LIMIT 1   [ RunTime:0.000852s ]
SQL: SHOW COLUMNS FROM `album` [ RunTime:0.008123s ]
SQL: SELECT COUNT(*) AS tp_count FROM `album` WHERE ( album_type.id=3 ) LIMIT 1   [ RunTime:0.048107s ]
ERR: Unknown column 'album_type.id' in 'where clause'
 [ SQL语句 ] : SELECT COUNT(*) AS tp_count FROM `album` WHERE ( album_type.id=3 ) LIMIT 1  
SQL: SELECT album.*,album_type.t_name,userinfo.nickname FROM `album` LEFT JOIN album_type on album.t_id=album_type.id LEFT JOIN userinfo on album.uid=userinfo.id WHERE ( album_type.id=3 ) ORDER BY album.id desc LIMIT 0,4   [ RunTime:0.001052s ]
INFO: [ view_template ] --START--
INFO: Run LocationTemplate Behavior [ RunTime:0.002767s ]
INFO: [ view_template ] --END-- [ RunTime:0.003054s ]
INFO: [ view_parse ] --START--
NOTIC: [8] Undefined index: uname D:\wamp\www\oop\tp_t\home\Runtime\Cache\2300a791f02755d560f2faf87eb6cb45.php 第 17 行.
INFO: Run ParseTemplate Behavior [ RunTime:0.056044s ]
INFO: [ view_parse ] --END-- [ RunTime:0.056309s ]
INFO: [ view_filter ] --START--
INFO: Run ContentReplace Behavior [ RunTime:0.002871s ]
INFO: Run TokenBuild Behavior [ RunTime:0.002184s ]
INFO: Run WriteHtmlCache Behavior [ RunTime:0.001212s ]
INFO: Run ShowRuntime Behavior [ RunTime:0.002502s ]
INFO: [ view_filter ] --END-- [ RunTime:0.009715s ]
INFO: [ view_end ] --START--
INFO: Run ShowPageTrace Behavior [ RunTime:0.002674s ]
INFO: [ view_end ] --END-- [ RunTime:0.003346s ]

