[ 2015-06-29T10:29:43+08:00 ] 0.0.0.0 /oop/tp_t/
INFO: [ app_begin ] --START--
INFO: Run ReadHtmlCache Behavior [ RunTime:0.001894s ]
INFO: [ app_begin ] --END-- [ RunTime:0.002244s ]
SQL: SHOW COLUMNS FROM `album_type` [ RunTime:0.077098s ]
SQL: SELECT * FROM `album_type` ORDER BY sort desc LIMIT 4   [ RunTime:0.065078s ]
SQL: SHOW COLUMNS FROM `album` [ RunTime:0.056424s ]
SQL: SELECT album.*,userinfo.nickname FROM `album` LEFT JOIN userinfo on album.uid=userinfo.id WHERE ( album.t_id=3 ) ORDER BY album.id desc LIMIT 4   [ RunTime:0.104338s ]
SQL: SELECT album.*,userinfo.nickname FROM `album` LEFT JOIN userinfo on album.uid=userinfo.id WHERE ( album.t_id=1 ) ORDER BY album.id desc LIMIT 4   [ RunTime:0.000937s ]
SQL: SELECT album.*,userinfo.nickname FROM `album` LEFT JOIN userinfo on album.uid=userinfo.id WHERE ( album.t_id=2 ) ORDER BY album.id desc LIMIT 4   [ RunTime:0.009482s ]
SQL: SELECT album.*,userinfo.nickname FROM `album` LEFT JOIN userinfo on album.uid=userinfo.id WHERE ( album.t_id=5 ) ORDER BY album.id desc LIMIT 4   [ RunTime:0.019467s ]
INFO: [ view_template ] --START--
INFO: Run LocationTemplate Behavior [ RunTime:0.015309s ]
INFO: [ view_template ] --END-- [ RunTime:0.015580s ]
INFO: [ view_parse ] --START--
NOTIC: [8] Undefined index: uname D:\wamp\www\oop\tp_t\home\Runtime\Cache\d046431aa157c89f3a1c30c426be003b.php 第 14 行.
INFO: Run ParseTemplate Behavior [ RunTime:0.110547s ]
INFO: [ view_parse ] --END-- [ RunTime:0.110773s ]
INFO: [ view_filter ] --START--
INFO: Run ContentReplace Behavior [ RunTime:0.001597s ]
INFO: Run TokenBuild Behavior [ RunTime:0.001448s ]
INFO: Run WriteHtmlCache Behavior [ RunTime:0.001275s ]
INFO: Run ShowRuntime Behavior [ RunTime:0.001712s ]
INFO: [ view_filter ] --END-- [ RunTime:0.006648s ]
INFO: [ view_end ] --START--
INFO: Run ShowPageTrace Behavior [ RunTime:0.001675s ]
INFO: [ view_end ] --END-- [ RunTime:0.001879s ]

[ 2015-06-29T10:29:46+08:00 ] 0.0.0.0 /oop/tp_t/index.php/Public/login/
INFO: [ route_check ] --START--
INFO: Run CheckRoute Behavior [ RunTime:0.002157s ]
INFO: [ route_check ] --END-- [ RunTime:0.002399s ]
INFO: [ app_begin ] --START--
INFO: Run ReadHtmlCache Behavior [ RunTime:0.001624s ]
INFO: [ app_begin ] --END-- [ RunTime:0.001868s ]
INFO: [ view_template ] --START--
INFO: Run LocationTemplate Behavior [ RunTime:0.002073s ]
INFO: [ view_template ] --END-- [ RunTime:0.002332s ]
INFO: [ view_parse ] --START--
NOTIC: [8] Undefined index: uname D:\wamp\www\oop\tp_t\home\Runtime\Cache\dddf1b2d3634e21399753b7b65c08d54.php 第 17 行.
NOTIC: [8] Undefined variable: tname D:\wamp\www\oop\tp_t\home\Runtime\Cache\dddf1b2d3634e21399753b7b65c08d54.php 第 28 行.
INFO: Run ParseTemplate Behavior [ RunTime:0.020218s ]
INFO: [ view_parse ] --END-- [ RunTime:0.020431s ]
INFO: [ view_filter ] --START--
INFO: Run ContentReplace Behavior [ RunTime:0.001336s ]
INFO: Run TokenBuild Behavior [ RunTime:0.001344s ]
INFO: Run WriteHtmlCache Behavior [ RunTime:0.001157s ]
INFO: Run ShowRuntime Behavior [ RunTime:0.001610s ]
INFO: [ view_filter ] --END-- [ RunTime:0.006063s ]
INFO: [ view_end ] --START--
INFO: Run ShowPageTrace Behavior [ RunTime:0.001650s ]
INFO: [ view_end ] --END-- [ RunTime:0.001874s ]

[ 2015-06-29T10:29:58+08:00 ] 0.0.0.0 /oop/tp_t/index.php
INFO: [ app_begin ] --START--
INFO: Run ReadHtmlCache Behavior [ RunTime:0.002096s ]
INFO: [ app_begin ] --END-- [ RunTime:0.002419s ]
SQL: SHOW COLUMNS FROM `album_type` [ RunTime:0.006085s ]
SQL: SELECT * FROM `album_type` ORDER BY sort desc LIMIT 4   [ RunTime:0.000855s ]
SQL: SHOW COLUMNS FROM `album` [ RunTime:0.006247s ]
SQL: SELECT album.*,userinfo.nickname FROM `album` LEFT JOIN userinfo on album.uid=userinfo.id WHERE ( album.t_id=3 ) ORDER BY album.id desc LIMIT 4   [ RunTime:0.001038s ]
SQL: SELECT album.*,userinfo.nickname FROM `album` LEFT JOIN userinfo on album.uid=userinfo.id WHERE ( album.t_id=1 ) ORDER BY album.id desc LIMIT 4   [ RunTime:0.000793s ]
SQL: SELECT album.*,userinfo.nickname FROM `album` LEFT JOIN userinfo on album.uid=userinfo.id WHERE ( album.t_id=2 ) ORDER BY album.id desc LIMIT 4   [ RunTime:0.000929s ]
SQL: SELECT album.*,userinfo.nickname FROM `album` LEFT JOIN userinfo on album.uid=userinfo.id WHERE ( album.t_id=5 ) ORDER BY album.id desc LIMIT 4   [ RunTime:0.000794s ]
INFO: [ view_template ] --START--
INFO: Run LocationTemplate Behavior [ RunTime:0.002083s ]
INFO: [ view_template ] --END-- [ RunTime:0.002298s ]
INFO: [ view_parse ] --START--
INFO: Run ParseTemplate Behavior [ RunTime:0.026437s ]
INFO: [ view_parse ] --END-- [ RunTime:0.026686s ]
INFO: [ view_filter ] --START--
INFO: Run ContentReplace Behavior [ RunTime:0.001525s ]
INFO: Run TokenBuild Behavior [ RunTime:0.001272s ]
INFO: Run WriteHtmlCache Behavior [ RunTime:0.001101s ]
INFO: Run ShowRuntime Behavior [ RunTime:0.001629s ]
INFO: [ view_filter ] --END-- [ RunTime:0.006103s ]
INFO: [ view_end ] --START--
INFO: Run ShowPageTrace Behavior [ RunTime:0.001730s ]
INFO: [ view_end ] --END-- [ RunTime:0.001940s ]

[ 2015-06-29T10:30:04+08:00 ] 0.0.0.0 /oop/tp_t/index.php/User/index/
INFO: [ route_check ] --START--
INFO: Run CheckRoute Behavior [ RunTime:0.002079s ]
INFO: [ route_check ] --END-- [ RunTime:0.002333s ]
INFO: [ app_begin ] --START--
INFO: Run ReadHtmlCache Behavior [ RunTime:0.001570s ]
INFO: [ app_begin ] --END-- [ RunTime:0.001784s ]
NOTIC: [8] Undefined index: atype D:\wamp\www\oop\tp_t\home\Lib\Action\UserAction.class.php 第 13 行.
SQL: SHOW COLUMNS FROM `album` [ RunTime:0.006282s ]
SQL: SELECT COUNT(*) AS tp_count FROM `album` WHERE ( album.uid=1 ) LIMIT 1   [ RunTime:0.000892s ]
SQL: SELECT album.*,album_type.t_name FROM `album` LEFT JOIN album_type on album.t_id=album_type.id WHERE ( album.uid=1 ) ORDER BY id desc LIMIT 0,4   [ RunTime:0.066141s ]
INFO: [ view_template ] --START--
INFO: Run LocationTemplate Behavior [ RunTime:0.015110s ]
INFO: [ view_template ] --END-- [ RunTime:0.015441s ]
INFO: [ view_parse ] --START--
INFO: Run ParseTemplate Behavior [ RunTime:0.045840s ]
INFO: [ view_parse ] --END-- [ RunTime:0.046199s ]
INFO: [ view_filter ] --START--
INFO: Run ContentReplace Behavior [ RunTime:0.001740s ]
INFO: Run TokenBuild Behavior [ RunTime:0.001602s ]
INFO: Run WriteHtmlCache Behavior [ RunTime:0.001040s ]
INFO: Run ShowRuntime Behavior [ RunTime:0.001502s ]
INFO: [ view_filter ] --END-- [ RunTime:0.006585s ]
INFO: [ view_end ] --START--
INFO: Run ShowPageTrace Behavior [ RunTime:0.001663s ]
INFO: [ view_end ] --END-- [ RunTime:0.001871s ]

[ 2015-06-29T10:30:07+08:00 ] 0.0.0.0 /oop/tp_t/index.php/User/add_photo/
INFO: [ route_check ] --START--
INFO: Run CheckRoute Behavior [ RunTime:0.002034s ]
INFO: [ route_check ] --END-- [ RunTime:0.002275s ]
INFO: [ app_begin ] --START--
INFO: Run ReadHtmlCache Behavior [ RunTime:0.001551s ]
INFO: [ app_begin ] --END-- [ RunTime:0.001773s ]
SQL: SHOW COLUMNS FROM `album` [ RunTime:0.007581s ]
SQL: SELECT * FROM `album` ORDER BY id desc  [ RunTime:0.001058s ]
INFO: [ view_template ] --START--
INFO: Run LocationTemplate Behavior [ RunTime:0.002131s ]
INFO: [ view_template ] --END-- [ RunTime:0.002371s ]
INFO: [ view_parse ] --START--
INFO: Run ParseTemplate Behavior [ RunTime:0.057771s ]
INFO: [ view_parse ] --END-- [ RunTime:0.058032s ]
INFO: [ view_filter ] --START--
INFO: Run ContentReplace Behavior [ RunTime:0.001416s ]
INFO: Run TokenBuild Behavior [ RunTime:0.001364s ]
INFO: Run WriteHtmlCache Behavior [ RunTime:0.001193s ]
INFO: Run ShowRuntime Behavior [ RunTime:0.001585s ]
INFO: [ view_filter ] --END-- [ RunTime:0.006133s ]
INFO: [ view_end ] --START--
INFO: Run ShowPageTrace Behavior [ RunTime:0.001614s ]
INFO: [ view_end ] --END-- [ RunTime:0.001828s ]

[ 2015-06-29T10:30:52+08:00 ] 0.0.0.0 /oop/tp_t/index.php/User/index
INFO: [ route_check ] --START--
INFO: Run CheckRoute Behavior [ RunTime:0.002866s ]
INFO: [ route_check ] --END-- [ RunTime:0.003147s ]
INFO: [ app_begin ] --START--
INFO: Run ReadHtmlCache Behavior [ RunTime:0.001850s ]
INFO: [ app_begin ] --END-- [ RunTime:0.002099s ]
NOTIC: [8] Undefined index: atype D:\wamp\www\oop\tp_t\home\Lib\Action\UserAction.class.php 第 13 行.
SQL: SHOW COLUMNS FROM `album` [ RunTime:0.007166s ]
SQL: SELECT COUNT(*) AS tp_count FROM `album` WHERE ( album.uid=1 ) LIMIT 1   [ RunTime:0.000806s ]
SQL: SELECT album.*,album_type.t_name FROM `album` LEFT JOIN album_type on album.t_id=album_type.id WHERE ( album.uid=1 ) ORDER BY id desc LIMIT 0,4   [ RunTime:0.000798s ]
INFO: [ view_template ] --START--
INFO: Run LocationTemplate Behavior [ RunTime:0.002445s ]
INFO: [ view_template ] --END-- [ RunTime:0.002662s ]
INFO: [ view_parse ] --START--
INFO: Run ParseTemplate Behavior [ RunTime:0.029435s ]
INFO: [ view_parse ] --END-- [ RunTime:0.029698s ]
INFO: [ view_filter ] --START--
INFO: Run ContentReplace Behavior [ RunTime:0.001801s ]
INFO: Run TokenBuild Behavior [ RunTime:0.001427s ]
INFO: Run WriteHtmlCache Behavior [ RunTime:0.001767s ]
INFO: Run ShowRuntime Behavior [ RunTime:0.002384s ]
INFO: [ view_filter ] --END-- [ RunTime:0.008104s ]
INFO: [ view_end ] --START--
INFO: Run ShowPageTrace Behavior [ RunTime:0.001890s ]
INFO: [ view_end ] --END-- [ RunTime:0.002173s ]

[ 2015-06-29T10:31:12+08:00 ] 0.0.0.0 /oop/tp_t/index.php/Album/album_photo/id/26
INFO: [ route_check ] --START--
INFO: Run CheckRoute Behavior [ RunTime:0.002506s ]
INFO: [ route_check ] --END-- [ RunTime:0.002759s ]
INFO: [ app_begin ] --START--
INFO: Run ReadHtmlCache Behavior [ RunTime:0.001738s ]
INFO: [ app_begin ] --END-- [ RunTime:0.001954s ]
SQL: SHOW COLUMNS FROM `album` [ RunTime:0.006089s ]
SQL: SELECT album.*,userinfo.nickname FROM `album` LEFT JOIN userinfo on album.uid=userinfo.id WHERE ( album.id=26 ) LIMIT 1   [ RunTime:0.015804s ]
SQL: SHOW COLUMNS FROM `photo` [ RunTime:0.006050s ]
SQL: SELECT * FROM `photo` WHERE ( photo.t_id=26 )  [ RunTime:0.000912s ]
INFO: [ view_template ] --START--
INFO: Run LocationTemplate Behavior [ RunTime:0.002533s ]
INFO: [ view_template ] --END-- [ RunTime:0.002754s ]
INFO: [ view_parse ] --START--
NOTIC: [8] Undefined variable: page D:\wamp\www\oop\tp_t\home\Runtime\Cache\02d69e70177c6eb2aaf9dab373f9b705.php 第 46 行.
INFO: Run ParseTemplate Behavior [ RunTime:0.044742s ]
INFO: [ view_parse ] --END-- [ RunTime:0.044953s ]
INFO: [ view_filter ] --START--
INFO: Run ContentReplace Behavior [ RunTime:0.001533s ]
INFO: Run TokenBuild Behavior [ RunTime:0.001510s ]
INFO: Run WriteHtmlCache Behavior [ RunTime:0.001241s ]
INFO: Run ShowRuntime Behavior [ RunTime:0.001721s ]
INFO: [ view_filter ] --END-- [ RunTime:0.006575s ]
INFO: [ view_end ] --START--
INFO: Run ShowPageTrace Behavior [ RunTime:0.001840s ]
INFO: [ view_end ] --END-- [ RunTime:0.002044s ]

