[ 2015-04-30T08:43:56+08:00 ] 0.0.0.0 /oop/tp_t/
INFO: [ app_begin ] --START--
INFO: Run ReadHtmlCache Behavior [ RunTime:0.005959s ]
INFO: [ app_begin ] --END-- [ RunTime:0.023316s ]
SQL: SHOW COLUMNS FROM `album_type` [ RunTime:0.059214s ]
SQL: SELECT * FROM `album_type` ORDER BY sort desc LIMIT 4   [ RunTime:0.006759s ]
SQL: SHOW COLUMNS FROM `album` [ RunTime:0.009998s ]
SQL: SELECT album.*,userinfo.nickname FROM `album` LEFT JOIN userinfo on album.uid=userinfo.id WHERE ( album.t_id=3 ) ORDER BY album.id desc LIMIT 4   [ RunTime:0.015579s ]
SQL: SELECT album.*,userinfo.nickname FROM `album` LEFT JOIN userinfo on album.uid=userinfo.id WHERE ( album.t_id=1 ) ORDER BY album.id desc LIMIT 4   [ RunTime:0.000916s ]
SQL: SELECT album.*,userinfo.nickname FROM `album` LEFT JOIN userinfo on album.uid=userinfo.id WHERE ( album.t_id=2 ) ORDER BY album.id desc LIMIT 4   [ RunTime:0.000957s ]
SQL: SELECT album.*,userinfo.nickname FROM `album` LEFT JOIN userinfo on album.uid=userinfo.id WHERE ( album.t_id=5 ) ORDER BY album.id desc LIMIT 4   [ RunTime:0.000839s ]
INFO: [ view_template ] --START--
INFO: Run LocationTemplate Behavior [ RunTime:0.033645s ]
INFO: [ view_template ] --END-- [ RunTime:0.033946s ]
INFO: [ view_parse ] --START--
NOTIC: [8] Undefined index: uname D:\wamp\www\oop\tp_t\home\Runtime\Cache\d046431aa157c89f3a1c30c426be003b.php 第 14 行.
INFO: Run ParseTemplate Behavior [ RunTime:0.167216s ]
INFO: [ view_parse ] --END-- [ RunTime:0.167497s ]
INFO: [ view_filter ] --START--
INFO: Run ContentReplace Behavior [ RunTime:0.017643s ]
INFO: Run TokenBuild Behavior [ RunTime:0.002398s ]
INFO: Run WriteHtmlCache Behavior [ RunTime:0.001779s ]
INFO: Run ShowRuntime Behavior [ RunTime:0.002690s ]
INFO: [ view_filter ] --END-- [ RunTime:0.025130s ]
INFO: [ view_end ] --START--
INFO: Run ShowPageTrace Behavior [ RunTime:0.002267s ]
INFO: [ view_end ] --END-- [ RunTime:0.002475s ]

[ 2015-04-30T08:48:30+08:00 ] 0.0.0.0 /oop/tp_t/index.php/Album/album_photo/id/10
INFO: [ route_check ] --START--
INFO: Run CheckRoute Behavior [ RunTime:0.002364s ]
INFO: [ route_check ] --END-- [ RunTime:0.002688s ]
INFO: [ app_begin ] --START--
INFO: Run ReadHtmlCache Behavior [ RunTime:0.002011s ]
INFO: [ app_begin ] --END-- [ RunTime:0.002280s ]
SQL: SHOW COLUMNS FROM `album` [ RunTime:0.007995s ]
SQL: SELECT album.*,userinfo.nickname FROM `album` LEFT JOIN userinfo on album.uid=userinfo.id WHERE ( album.id=10 ) LIMIT 1   [ RunTime:0.000990s ]
SQL: SHOW COLUMNS FROM `photo` [ RunTime:0.202132s ]
SQL: SELECT * FROM `photo` WHERE ( photo.t_id=10 )  [ RunTime:0.000717s ]
INFO: [ view_template ] --START--
INFO: Run LocationTemplate Behavior [ RunTime:0.002537s ]
INFO: [ view_template ] --END-- [ RunTime:0.002770s ]
INFO: [ view_parse ] --START--
NOTIC: [8] Undefined index: uname D:\wamp\www\oop\tp_t\home\Runtime\Cache\02d69e70177c6eb2aaf9dab373f9b705.php 第 17 行.
NOTIC: [8] Undefined variable: page D:\wamp\www\oop\tp_t\home\Runtime\Cache\02d69e70177c6eb2aaf9dab373f9b705.php 第 44 行.
INFO: Run ParseTemplate Behavior [ RunTime:0.044502s ]
INFO: [ view_parse ] --END-- [ RunTime:0.044800s ]
INFO: [ view_filter ] --START--
INFO: Run ContentReplace Behavior [ RunTime:0.002201s ]
INFO: Run TokenBuild Behavior [ RunTime:0.001843s ]
INFO: Run WriteHtmlCache Behavior [ RunTime:0.001120s ]
INFO: Run ShowRuntime Behavior [ RunTime:0.001550s ]
INFO: [ view_filter ] --END-- [ RunTime:0.007388s ]
INFO: [ view_end ] --START--
INFO: Run ShowPageTrace Behavior [ RunTime:0.002085s ]
INFO: [ view_end ] --END-- [ RunTime:0.002293s ]

[ 2015-04-30T08:48:56+08:00 ] 0.0.0.0 /oop/tp_t/index.php/Album/photo_detail/id/23
INFO: [ route_check ] --START--
INFO: Run CheckRoute Behavior [ RunTime:0.002537s ]
INFO: [ route_check ] --END-- [ RunTime:0.002895s ]
INFO: [ app_begin ] --START--
INFO: Run ReadHtmlCache Behavior [ RunTime:0.002009s ]
INFO: [ app_begin ] --END-- [ RunTime:0.002383s ]
SQL: SHOW COLUMNS FROM `photo` [ RunTime:0.006894s ]
SQL: SELECT * FROM `photo` WHERE ( id=23 ) LIMIT 1   [ RunTime:0.000810s ]
INFO: [ view_template ] --START--
INFO: Run LocationTemplate Behavior [ RunTime:0.002511s ]
INFO: [ view_template ] --END-- [ RunTime:0.002728s ]
INFO: [ view_parse ] --START--
NOTIC: [8] Undefined index: uname D:\wamp\www\oop\tp_t\home\Runtime\Cache\ac9f65adab238f8a6b298290b301d97e.php 第 17 行.
NOTIC: [8] Undefined variable: tname D:\wamp\www\oop\tp_t\home\Runtime\Cache\ac9f65adab238f8a6b298290b301d97e.php 第 27 行.
INFO: Run ParseTemplate Behavior [ RunTime:0.025041s ]
INFO: [ view_parse ] --END-- [ RunTime:0.025348s ]
INFO: [ view_filter ] --START--
INFO: Run ContentReplace Behavior [ RunTime:0.002459s ]
INFO: Run TokenBuild Behavior [ RunTime:0.002104s ]
INFO: Run WriteHtmlCache Behavior [ RunTime:0.001758s ]
INFO: Run ShowRuntime Behavior [ RunTime:0.001854s ]
INFO: [ view_filter ] --END-- [ RunTime:0.008984s ]
INFO: [ view_end ] --START--
INFO: Run ShowPageTrace Behavior [ RunTime:0.001806s ]
INFO: [ view_end ] --END-- [ RunTime:0.002006s ]

[ 2015-04-30T08:49:21+08:00 ] 0.0.0.0 /oop/tp_t/index.php/Public/login/
INFO: [ route_check ] --START--
INFO: Run CheckRoute Behavior [ RunTime:0.001726s ]
INFO: [ route_check ] --END-- [ RunTime:0.001960s ]
INFO: [ app_begin ] --START--
INFO: Run ReadHtmlCache Behavior [ RunTime:0.001554s ]
INFO: [ app_begin ] --END-- [ RunTime:0.001847s ]
INFO: [ view_template ] --START--
INFO: Run LocationTemplate Behavior [ RunTime:0.002490s ]
INFO: [ view_template ] --END-- [ RunTime:0.002742s ]
INFO: [ view_parse ] --START--
NOTIC: [8] Undefined index: uname D:\wamp\www\oop\tp_t\home\Runtime\Cache\dddf1b2d3634e21399753b7b65c08d54.php 第 17 行.
NOTIC: [8] Undefined variable: tname D:\wamp\www\oop\tp_t\home\Runtime\Cache\dddf1b2d3634e21399753b7b65c08d54.php 第 27 行.
INFO: Run ParseTemplate Behavior [ RunTime:0.028406s ]
INFO: [ view_parse ] --END-- [ RunTime:0.028616s ]
INFO: [ view_filter ] --START--
INFO: Run ContentReplace Behavior [ RunTime:0.001628s ]
INFO: Run TokenBuild Behavior [ RunTime:0.001536s ]
INFO: Run WriteHtmlCache Behavior [ RunTime:0.001220s ]
INFO: Run ShowRuntime Behavior [ RunTime:0.002398s ]
INFO: [ view_filter ] --END-- [ RunTime:0.007533s ]
INFO: [ view_end ] --START--
INFO: Run ShowPageTrace Behavior [ RunTime:0.001772s ]
INFO: [ view_end ] --END-- [ RunTime:0.001973s ]

[ 2015-04-30T08:49:27+08:00 ] 0.0.0.0 /oop/tp_t/index.php/Public/register/
INFO: [ route_check ] --START--
INFO: Run CheckRoute Behavior [ RunTime:0.002392s ]
INFO: [ route_check ] --END-- [ RunTime:0.002704s ]
INFO: [ app_begin ] --START--
INFO: Run ReadHtmlCache Behavior [ RunTime:0.001828s ]
INFO: [ app_begin ] --END-- [ RunTime:0.002114s ]
INFO: [ view_template ] --START--
INFO: Run LocationTemplate Behavior [ RunTime:0.018350s ]
INFO: [ view_template ] --END-- [ RunTime:0.018700s ]
INFO: [ view_parse ] --START--
NOTIC: [8] Undefined index: uname D:\wamp\www\oop\tp_t\home\Runtime\Cache\f82d19cfc8984b5ca7bf785e4abd8c45.php 第 17 行.
NOTIC: [8] Undefined variable: tname D:\wamp\www\oop\tp_t\home\Runtime\Cache\f82d19cfc8984b5ca7bf785e4abd8c45.php 第 27 行.
INFO: Run ParseTemplate Behavior [ RunTime:0.046352s ]
INFO: [ view_parse ] --END-- [ RunTime:0.046624s ]
INFO: [ view_filter ] --START--
INFO: Run ContentReplace Behavior [ RunTime:0.002131s ]
INFO: Run TokenBuild Behavior [ RunTime:0.002443s ]
INFO: Run WriteHtmlCache Behavior [ RunTime:0.001693s ]
INFO: Run ShowRuntime Behavior [ RunTime:0.006677s ]
INFO: [ view_filter ] --END-- [ RunTime:0.014569s ]
INFO: [ view_end ] --START--
INFO: Run ShowPageTrace Behavior [ RunTime:0.006277s ]
INFO: [ view_end ] --END-- [ RunTime:0.006699s ]

[ 2015-04-30T08:49:42+08:00 ] 0.0.0.0 /oop/tp_t/index.php/Public/login/
INFO: [ route_check ] --START--
INFO: Run CheckRoute Behavior [ RunTime:0.001712s ]
INFO: [ route_check ] --END-- [ RunTime:0.001950s ]
INFO: [ app_begin ] --START--
INFO: Run ReadHtmlCache Behavior [ RunTime:0.002189s ]
INFO: [ app_begin ] --END-- [ RunTime:0.002582s ]
INFO: [ view_template ] --START--
INFO: Run LocationTemplate Behavior [ RunTime:0.003874s ]
INFO: [ view_template ] --END-- [ RunTime:0.004297s ]
INFO: [ view_parse ] --START--
NOTIC: [8] Undefined index: uname D:\wamp\www\oop\tp_t\home\Runtime\Cache\dddf1b2d3634e21399753b7b65c08d54.php 第 17 行.
NOTIC: [8] Undefined variable: tname D:\wamp\www\oop\tp_t\home\Runtime\Cache\dddf1b2d3634e21399753b7b65c08d54.php 第 27 行.
INFO: Run ParseTemplate Behavior [ RunTime:0.027351s ]
INFO: [ view_parse ] --END-- [ RunTime:0.027629s ]
INFO: [ view_filter ] --START--
INFO: Run ContentReplace Behavior [ RunTime:0.001510s ]
INFO: Run TokenBuild Behavior [ RunTime:0.002229s ]
INFO: Run WriteHtmlCache Behavior [ RunTime:0.001216s ]
INFO: Run ShowRuntime Behavior [ RunTime:0.001595s ]
INFO: [ view_filter ] --END-- [ RunTime:0.007160s ]
INFO: [ view_end ] --START--
INFO: Run ShowPageTrace Behavior [ RunTime:0.002205s ]
INFO: [ view_end ] --END-- [ RunTime:0.002458s ]

[ 2015-04-30T08:50:07+08:00 ] 0.0.0.0 /oop/tp_t/index.php
INFO: [ app_begin ] --START--
INFO: Run ReadHtmlCache Behavior [ RunTime:0.001259s ]
INFO: [ app_begin ] --END-- [ RunTime:0.001490s ]
SQL: SHOW COLUMNS FROM `album_type` [ RunTime:0.006955s ]
SQL: SELECT * FROM `album_type` ORDER BY sort desc LIMIT 4   [ RunTime:0.000847s ]
SQL: SHOW COLUMNS FROM `album` [ RunTime:0.006954s ]
SQL: SELECT album.*,userinfo.nickname FROM `album` LEFT JOIN userinfo on album.uid=userinfo.id WHERE ( album.t_id=3 ) ORDER BY album.id desc LIMIT 4   [ RunTime:0.000890s ]
SQL: SELECT album.*,userinfo.nickname FROM `album` LEFT JOIN userinfo on album.uid=userinfo.id WHERE ( album.t_id=1 ) ORDER BY album.id desc LIMIT 4   [ RunTime:0.000772s ]
SQL: SELECT album.*,userinfo.nickname FROM `album` LEFT JOIN userinfo on album.uid=userinfo.id WHERE ( album.t_id=2 ) ORDER BY album.id desc LIMIT 4   [ RunTime:0.000778s ]
SQL: SELECT album.*,userinfo.nickname FROM `album` LEFT JOIN userinfo on album.uid=userinfo.id WHERE ( album.t_id=5 ) ORDER BY album.id desc LIMIT 4   [ RunTime:0.000774s ]
INFO: [ view_template ] --START--
INFO: Run LocationTemplate Behavior [ RunTime:0.002445s ]
INFO: [ view_template ] --END-- [ RunTime:0.002658s ]
INFO: [ view_parse ] --START--
INFO: Run ParseTemplate Behavior [ RunTime:0.029342s ]
INFO: [ view_parse ] --END-- [ RunTime:0.029585s ]
INFO: [ view_filter ] --START--
INFO: Run ContentReplace Behavior [ RunTime:0.001661s ]
INFO: Run TokenBuild Behavior [ RunTime:0.001574s ]
INFO: Run WriteHtmlCache Behavior [ RunTime:0.001313s ]
INFO: Run ShowRuntime Behavior [ RunTime:0.001996s ]
INFO: [ view_filter ] --END-- [ RunTime:0.007135s ]
INFO: [ view_end ] --START--
INFO: Run ShowPageTrace Behavior [ RunTime:0.002126s ]
INFO: [ view_end ] --END-- [ RunTime:0.002340s ]

[ 2015-04-30T08:50:21+08:00 ] 0.0.0.0 /oop/tp_t/index.php/User/index/
INFO: [ route_check ] --START--
INFO: Run CheckRoute Behavior [ RunTime:0.002397s ]
INFO: [ route_check ] --END-- [ RunTime:0.002731s ]
INFO: [ app_begin ] --START--
INFO: Run ReadHtmlCache Behavior [ RunTime:0.001415s ]
INFO: [ app_begin ] --END-- [ RunTime:0.001627s ]
NOTIC: [8] Undefined index: atype D:\wamp\www\oop\tp_t\home\Lib\Action\UserAction.class.php 第 13 行.
SQL: SHOW COLUMNS FROM `album` [ RunTime:0.007698s ]
SQL: SELECT COUNT(*) AS tp_count FROM `album` WHERE ( album.uid=1 ) LIMIT 1   [ RunTime:0.006689s ]
SQL: SELECT album.*,album_type.t_name FROM `album` LEFT JOIN album_type on album.t_id=album_type.id WHERE ( album.uid=1 ) ORDER BY id desc LIMIT 0,4   [ RunTime:0.000767s ]
INFO: [ view_template ] --START--
INFO: Run LocationTemplate Behavior [ RunTime:0.002621s ]
INFO: [ view_template ] --END-- [ RunTime:0.002841s ]
INFO: [ view_parse ] --START--
INFO: Run ParseTemplate Behavior [ RunTime:0.059128s ]
INFO: [ view_parse ] --END-- [ RunTime:0.059381s ]
INFO: [ view_filter ] --START--
INFO: Run ContentReplace Behavior [ RunTime:0.001583s ]
INFO: Run TokenBuild Behavior [ RunTime:0.001437s ]
INFO: Run WriteHtmlCache Behavior [ RunTime:0.001099s ]
INFO: Run ShowRuntime Behavior [ RunTime:0.001531s ]
INFO: [ view_filter ] --END-- [ RunTime:0.006206s ]
INFO: [ view_end ] --START--
INFO: Run ShowPageTrace Behavior [ RunTime:0.001670s ]
INFO: [ view_end ] --END-- [ RunTime:0.001870s ]

[ 2015-04-30T08:51:07+08:00 ] 0.0.0.0 /oop/tp_t/index.php/User/add_album/
INFO: [ route_check ] --START--
INFO: Run CheckRoute Behavior [ RunTime:0.003703s ]
INFO: [ route_check ] --END-- [ RunTime:0.004108s ]
INFO: [ app_begin ] --START--
INFO: Run ReadHtmlCache Behavior [ RunTime:0.002181s ]
INFO: [ app_begin ] --END-- [ RunTime:0.002570s ]
SQL: SHOW COLUMNS FROM `album_type` [ RunTime:0.006960s ]
SQL: SELECT * FROM `album_type`  [ RunTime:0.000780s ]
INFO: [ view_template ] --START--
INFO: Run LocationTemplate Behavior [ RunTime:0.002617s ]
INFO: [ view_template ] --END-- [ RunTime:0.002830s ]
INFO: [ view_parse ] --START--
INFO: Run ParseTemplate Behavior [ RunTime:0.088253s ]
INFO: [ view_parse ] --END-- [ RunTime:0.088485s ]
INFO: [ view_filter ] --START--
INFO: Run ContentReplace Behavior [ RunTime:0.001580s ]
INFO: Run TokenBuild Behavior [ RunTime:0.001470s ]
INFO: Run WriteHtmlCache Behavior [ RunTime:0.001126s ]
INFO: Run ShowRuntime Behavior [ RunTime:0.002260s ]
INFO: [ view_filter ] --END-- [ RunTime:0.007095s ]
INFO: [ view_end ] --START--
INFO: Run ShowPageTrace Behavior [ RunTime:0.006418s ]
INFO: [ view_end ] --END-- [ RunTime:0.006796s ]

[ 2015-04-30T08:51:46+08:00 ] 0.0.0.0 /oop/tp_t/index.php/User/add_album/
INFO: [ route_check ] --START--
INFO: Run CheckRoute Behavior [ RunTime:0.002607s ]
INFO: [ route_check ] --END-- [ RunTime:0.003021s ]
INFO: [ app_begin ] --START--
INFO: Run ReadHtmlCache Behavior [ RunTime:0.002134s ]
INFO: [ app_begin ] --END-- [ RunTime:0.002520s ]
SQL: SHOW COLUMNS FROM `album_type` [ RunTime:0.012804s ]
SQL: SELECT * FROM `album_type`  [ RunTime:0.001167s ]
INFO: [ view_template ] --START--
INFO: Run LocationTemplate Behavior [ RunTime:0.003182s ]
INFO: [ view_template ] --END-- [ RunTime:0.003542s ]
INFO: [ view_parse ] --START--
INFO: Run ParseTemplate Behavior [ RunTime:0.027420s ]
INFO: [ view_parse ] --END-- [ RunTime:0.027708s ]
INFO: [ view_filter ] --START--
INFO: Run ContentReplace Behavior [ RunTime:0.001568s ]
INFO: Run TokenBuild Behavior [ RunTime:0.001543s ]
INFO: Run WriteHtmlCache Behavior [ RunTime:0.001276s ]
INFO: Run ShowRuntime Behavior [ RunTime:0.001719s ]
INFO: [ view_filter ] --END-- [ RunTime:0.006684s ]
INFO: [ view_end ] --START--
INFO: Run ShowPageTrace Behavior [ RunTime:0.002435s ]
INFO: [ view_end ] --END-- [ RunTime:0.002675s ]

[ 2015-04-30T08:53:06+08:00 ] 0.0.0.0 /oop/tp_t/index.php/User/index
INFO: [ route_check ] --START--
INFO: Run CheckRoute Behavior [ RunTime:0.002821s ]
INFO: [ route_check ] --END-- [ RunTime:0.003198s ]
INFO: [ app_begin ] --START--
INFO: Run ReadHtmlCache Behavior [ RunTime:0.003017s ]
INFO: [ app_begin ] --END-- [ RunTime:0.004311s ]
NOTIC: [8] Undefined index: atype D:\wamp\www\oop\tp_t\home\Lib\Action\UserAction.class.php 第 13 行.
SQL: SHOW COLUMNS FROM `album` [ RunTime:0.009954s ]
SQL: SELECT COUNT(*) AS tp_count FROM `album` WHERE ( album.uid=1 ) LIMIT 1   [ RunTime:0.000855s ]
SQL: SELECT album.*,album_type.t_name FROM `album` LEFT JOIN album_type on album.t_id=album_type.id WHERE ( album.uid=1 ) ORDER BY id desc LIMIT 0,4   [ RunTime:0.000939s ]
INFO: [ view_template ] --START--
INFO: Run LocationTemplate Behavior [ RunTime:0.002899s ]
INFO: [ view_template ] --END-- [ RunTime:0.003240s ]
INFO: [ view_parse ] --START--
INFO: Run ParseTemplate Behavior [ RunTime:0.027955s ]
INFO: [ view_parse ] --END-- [ RunTime:0.028220s ]
INFO: [ view_filter ] --START--
INFO: Run ContentReplace Behavior [ RunTime:0.001727s ]
INFO: Run TokenBuild Behavior [ RunTime:0.001357s ]
INFO: Run WriteHtmlCache Behavior [ RunTime:0.001102s ]
INFO: Run ShowRuntime Behavior [ RunTime:0.001883s ]
INFO: [ view_filter ] --END-- [ RunTime:0.006948s ]
INFO: [ view_end ] --START--
INFO: Run ShowPageTrace Behavior [ RunTime:0.004039s ]
INFO: [ view_end ] --END-- [ RunTime:0.004402s ]

[ 2015-04-30T08:53:21+08:00 ] 0.0.0.0 /oop/tp_t/index.php/Album/lists
INFO: [ route_check ] --START--
INFO: Run CheckRoute Behavior [ RunTime:0.001988s ]
INFO: [ route_check ] --END-- [ RunTime:0.002317s ]
INFO: [ app_begin ] --START--
INFO: Run ReadHtmlCache Behavior [ RunTime:0.001518s ]
INFO: [ app_begin ] --END-- [ RunTime:0.001749s ]
NOTIC: [8] Undefined index: atype D:\wamp\www\oop\tp_t\home\Lib\Action\AlbumAction.class.php 第 7 行.
SQL: SHOW COLUMNS FROM `album` [ RunTime:0.008610s ]
NOTIC: [2] Invalid argument supplied for foreach() D:\wamp\www\oop\tp_t\ThinkPHP\Lib\Core\Db.class.php 第 391 行.
SQL: SELECT COUNT(*) AS tp_count FROM `album` LIMIT 1   [ RunTime:0.000789s ]
NOTIC: [2] Invalid argument supplied for foreach() D:\wamp\www\oop\tp_t\ThinkPHP\Lib\Core\Db.class.php 第 391 行.
SQL: SELECT album.*,album_type.t_name,userinfo.nickname FROM `album` LEFT JOIN album_type on album.t_id=album_type.id LEFT JOIN userinfo on album.uid=userinfo.id ORDER BY album.id desc LIMIT 0,4   [ RunTime:0.001053s ]
INFO: [ view_template ] --START--
INFO: Run LocationTemplate Behavior [ RunTime:0.001947s ]
INFO: [ view_template ] --END-- [ RunTime:0.002218s ]
INFO: [ view_parse ] --START--
INFO: Run ParseTemplate Behavior [ RunTime:0.114333s ]
INFO: [ view_parse ] --END-- [ RunTime:0.114588s ]
INFO: [ view_filter ] --START--
INFO: Run ContentReplace Behavior [ RunTime:0.001064s ]
INFO: Run TokenBuild Behavior [ RunTime:0.001145s ]
INFO: Run WriteHtmlCache Behavior [ RunTime:0.000971s ]
INFO: Run ShowRuntime Behavior [ RunTime:0.001222s ]
INFO: [ view_filter ] --END-- [ RunTime:0.005195s ]
INFO: [ view_end ] --START--
INFO: Run ShowPageTrace Behavior [ RunTime:0.001277s ]
INFO: [ view_end ] --END-- [ RunTime:0.001470s ]

[ 2015-04-30T08:53:48+08:00 ] 0.0.0.0 /oop/tp_t/index.php/Album/lists
INFO: [ route_check ] --START--
INFO: Run CheckRoute Behavior [ RunTime:0.001746s ]
INFO: [ route_check ] --END-- [ RunTime:0.001982s ]
INFO: [ app_begin ] --START--
INFO: Run ReadHtmlCache Behavior [ RunTime:0.001223s ]
INFO: [ app_begin ] --END-- [ RunTime:0.001425s ]
NOTIC: [8] Undefined index: atype D:\wamp\www\oop\tp_t\home\Lib\Action\AlbumAction.class.php 第 7 行.
SQL: SHOW COLUMNS FROM `album` [ RunTime:0.007588s ]
NOTIC: [2] Invalid argument supplied for foreach() D:\wamp\www\oop\tp_t\ThinkPHP\Lib\Core\Db.class.php 第 391 行.
SQL: SELECT COUNT(*) AS tp_count FROM `album` LIMIT 1   [ RunTime:0.000672s ]
NOTIC: [2] Invalid argument supplied for foreach() D:\wamp\www\oop\tp_t\ThinkPHP\Lib\Core\Db.class.php 第 391 行.
SQL: SELECT album.*,album_type.t_name,userinfo.nickname FROM `album` LEFT JOIN album_type on album.t_id=album_type.id LEFT JOIN userinfo on album.uid=userinfo.id ORDER BY album.id desc LIMIT 0,4   [ RunTime:0.000845s ]
INFO: [ view_template ] --START--
INFO: Run LocationTemplate Behavior [ RunTime:0.001531s ]
INFO: [ view_template ] --END-- [ RunTime:0.001740s ]
INFO: [ view_parse ] --START--
INFO: Run ParseTemplate Behavior [ RunTime:0.024844s ]
INFO: [ view_parse ] --END-- [ RunTime:0.025150s ]
INFO: [ view_filter ] --START--
INFO: Run ContentReplace Behavior [ RunTime:0.001510s ]
INFO: Run TokenBuild Behavior [ RunTime:0.002904s ]
INFO: Run WriteHtmlCache Behavior [ RunTime:0.001229s ]
INFO: Run ShowRuntime Behavior [ RunTime:0.001377s ]
INFO: [ view_filter ] --END-- [ RunTime:0.008046s ]
INFO: [ view_end ] --START--
INFO: Run ShowPageTrace Behavior [ RunTime:0.001667s ]
INFO: [ view_end ] --END-- [ RunTime:0.001935s ]

[ 2015-04-30T08:53:56+08:00 ] 0.0.0.0 /oop/tp_t/index.php/User/index/
INFO: [ route_check ] --START--
INFO: Run CheckRoute Behavior [ RunTime:0.002505s ]
INFO: [ route_check ] --END-- [ RunTime:0.002919s ]
INFO: [ app_begin ] --START--
INFO: Run ReadHtmlCache Behavior [ RunTime:0.001884s ]
INFO: [ app_begin ] --END-- [ RunTime:0.002266s ]
NOTIC: [8] Undefined index: atype D:\wamp\www\oop\tp_t\home\Lib\Action\UserAction.class.php 第 13 行.
SQL: SHOW COLUMNS FROM `album` [ RunTime:0.007279s ]
SQL: SELECT COUNT(*) AS tp_count FROM `album` WHERE ( album.uid=1 ) LIMIT 1   [ RunTime:0.000749s ]
SQL: SELECT album.*,album_type.t_name FROM `album` LEFT JOIN album_type on album.t_id=album_type.id WHERE ( album.uid=1 ) ORDER BY id desc LIMIT 0,4   [ RunTime:0.001190s ]
INFO: [ view_template ] --START--
INFO: Run LocationTemplate Behavior [ RunTime:0.002184s ]
INFO: [ view_template ] --END-- [ RunTime:0.002488s ]
INFO: [ view_parse ] --START--
INFO: Run ParseTemplate Behavior [ RunTime:0.032522s ]
INFO: [ view_parse ] --END-- [ RunTime:0.032907s ]
INFO: [ view_filter ] --START--
INFO: Run ContentReplace Behavior [ RunTime:0.001600s ]
INFO: Run TokenBuild Behavior [ RunTime:0.001651s ]
INFO: Run WriteHtmlCache Behavior [ RunTime:0.000838s ]
INFO: Run ShowRuntime Behavior [ RunTime:0.001466s ]
INFO: [ view_filter ] --END-- [ RunTime:0.006319s ]
INFO: [ view_end ] --START--
INFO: Run ShowPageTrace Behavior [ RunTime:0.001578s ]
INFO: [ view_end ] --END-- [ RunTime:0.001846s ]

[ 2015-04-30T08:54:00+08:00 ] 0.0.0.0 /oop/tp_t/index.php/User/add_photo/
INFO: [ route_check ] --START--
INFO: Run CheckRoute Behavior [ RunTime:0.001611s ]
INFO: [ route_check ] --END-- [ RunTime:0.001849s ]
INFO: [ app_begin ] --START--
INFO: Run ReadHtmlCache Behavior [ RunTime:0.002391s ]
INFO: [ app_begin ] --END-- [ RunTime:0.002790s ]
SQL: SHOW COLUMNS FROM `album` [ RunTime:0.008633s ]
SQL: SELECT * FROM `album` ORDER BY id desc  [ RunTime:0.000907s ]
INFO: [ view_template ] --START--
INFO: Run LocationTemplate Behavior [ RunTime:0.002215s ]
INFO: [ view_template ] --END-- [ RunTime:0.002447s ]
INFO: [ view_parse ] --START--
INFO: Run ParseTemplate Behavior [ RunTime:0.080851s ]
INFO: [ view_parse ] --END-- [ RunTime:0.081088s ]
INFO: [ view_filter ] --START--
INFO: Run ContentReplace Behavior [ RunTime:0.001249s ]
INFO: Run TokenBuild Behavior [ RunTime:0.001104s ]
INFO: Run WriteHtmlCache Behavior [ RunTime:0.000704s ]
INFO: Run ShowRuntime Behavior [ RunTime:0.001136s ]
INFO: [ view_filter ] --END-- [ RunTime:0.004765s ]
INFO: [ view_end ] --START--
INFO: Run ShowPageTrace Behavior [ RunTime:0.001283s ]
INFO: [ view_end ] --END-- [ RunTime:0.001478s ]

[ 2015-04-30T08:55:43+08:00 ] 0.0.0.0 /oop/tp_t/index.php/User/index
INFO: [ route_check ] --START--
INFO: Run CheckRoute Behavior [ RunTime:0.003168s ]
INFO: [ route_check ] --END-- [ RunTime:0.003444s ]
INFO: [ app_begin ] --START--
INFO: Run ReadHtmlCache Behavior [ RunTime:0.002632s ]
INFO: [ app_begin ] --END-- [ RunTime:0.002851s ]
NOTIC: [8] Undefined index: atype D:\wamp\www\oop\tp_t\home\Lib\Action\UserAction.class.php 第 13 行.
SQL: SHOW COLUMNS FROM `album` [ RunTime:0.009037s ]
SQL: SELECT COUNT(*) AS tp_count FROM `album` WHERE ( album.uid=1 ) LIMIT 1   [ RunTime:0.000740s ]
SQL: SELECT album.*,album_type.t_name FROM `album` LEFT JOIN album_type on album.t_id=album_type.id WHERE ( album.uid=1 ) ORDER BY id desc LIMIT 0,4   [ RunTime:0.000788s ]
INFO: [ view_template ] --START--
INFO: Run LocationTemplate Behavior [ RunTime:0.003155s ]
INFO: [ view_template ] --END-- [ RunTime:0.003367s ]
INFO: [ view_parse ] --START--
INFO: Run ParseTemplate Behavior [ RunTime:0.033467s ]
INFO: [ view_parse ] --END-- [ RunTime:0.033712s ]
INFO: [ view_filter ] --START--
INFO: Run ContentReplace Behavior [ RunTime:0.002246s ]
INFO: Run TokenBuild Behavior [ RunTime:0.002190s ]
INFO: Run WriteHtmlCache Behavior [ RunTime:0.002480s ]
INFO: Run ShowRuntime Behavior [ RunTime:0.003452s ]
INFO: [ view_filter ] --END-- [ RunTime:0.011067s ]
INFO: [ view_end ] --START--
INFO: Run ShowPageTrace Behavior [ RunTime:0.003864s ]
INFO: [ view_end ] --END-- [ RunTime:0.004141s ]

[ 2015-04-30T08:55:48+08:00 ] 0.0.0.0 /oop/tp_t/index.php/Album/album_photo/id/25
INFO: [ route_check ] --START--
INFO: Run CheckRoute Behavior [ RunTime:0.003276s ]
INFO: [ route_check ] --END-- [ RunTime:0.003628s ]
INFO: [ app_begin ] --START--
INFO: Run ReadHtmlCache Behavior [ RunTime:0.003523s ]
INFO: [ app_begin ] --END-- [ RunTime:0.003904s ]
SQL: SHOW COLUMNS FROM `album` [ RunTime:0.011111s ]
SQL: SELECT album.*,userinfo.nickname FROM `album` LEFT JOIN userinfo on album.uid=userinfo.id WHERE ( album.id=25 ) LIMIT 1   [ RunTime:0.001198s ]
SQL: SHOW COLUMNS FROM `photo` [ RunTime:0.008566s ]
SQL: SELECT * FROM `photo` WHERE ( photo.t_id=25 )  [ RunTime:0.001460s ]
INFO: [ view_template ] --START--
INFO: Run LocationTemplate Behavior [ RunTime:0.003927s ]
INFO: [ view_template ] --END-- [ RunTime:0.004250s ]
INFO: [ view_parse ] --START--
NOTIC: [8] Undefined variable: page D:\wamp\www\oop\tp_t\home\Runtime\Cache\02d69e70177c6eb2aaf9dab373f9b705.php 第 44 行.
INFO: Run ParseTemplate Behavior [ RunTime:0.043422s ]
INFO: [ view_parse ] --END-- [ RunTime:0.043780s ]
INFO: [ view_filter ] --START--
INFO: Run ContentReplace Behavior [ RunTime:0.003272s ]
INFO: Run TokenBuild Behavior [ RunTime:0.003139s ]
INFO: Run WriteHtmlCache Behavior [ RunTime:0.002669s ]
INFO: Run ShowRuntime Behavior [ RunTime:0.003645s ]
INFO: [ view_filter ] --END-- [ RunTime:0.013657s ]
INFO: [ view_end ] --START--
INFO: Run ShowPageTrace Behavior [ RunTime:0.004749s ]
INFO: [ view_end ] --END-- [ RunTime:0.005226s ]

[ 2015-04-30T08:56:11+08:00 ] 0.0.0.0 /oop/tp_t/index.php/Album/album_photo/id/25
INFO: [ route_check ] --START--
INFO: Run CheckRoute Behavior [ RunTime:0.002939s ]
INFO: [ route_check ] --END-- [ RunTime:0.003223s ]
INFO: [ app_begin ] --START--
INFO: Run ReadHtmlCache Behavior [ RunTime:0.002375s ]
INFO: [ app_begin ] --END-- [ RunTime:0.002592s ]
SQL: SHOW COLUMNS FROM `album` [ RunTime:0.013586s ]
SQL: SELECT album.*,userinfo.nickname FROM `album` LEFT JOIN userinfo on album.uid=userinfo.id WHERE ( album.id=25 ) LIMIT 1   [ RunTime:0.002227s ]
SQL: SHOW COLUMNS FROM `photo` [ RunTime:0.010016s ]
SQL: SELECT * FROM `photo` WHERE ( photo.t_id=25 )  [ RunTime:0.000713s ]
INFO: [ view_template ] --START--
INFO: Run LocationTemplate Behavior [ RunTime:0.004024s ]
INFO: [ view_template ] --END-- [ RunTime:0.004279s ]
INFO: [ view_parse ] --START--
NOTIC: [8] Undefined variable: page D:\wamp\www\oop\tp_t\home\Runtime\Cache\02d69e70177c6eb2aaf9dab373f9b705.php 第 44 行.
INFO: Run ParseTemplate Behavior [ RunTime:0.031041s ]
INFO: [ view_parse ] --END-- [ RunTime:0.031249s ]
INFO: [ view_filter ] --START--
INFO: Run ContentReplace Behavior [ RunTime:0.002093s ]
INFO: Run TokenBuild Behavior [ RunTime:0.002100s ]
INFO: Run WriteHtmlCache Behavior [ RunTime:0.002334s ]
INFO: Run ShowRuntime Behavior [ RunTime:0.003577s ]
INFO: [ view_filter ] --END-- [ RunTime:0.011035s ]
INFO: [ view_end ] --START--
INFO: Run ShowPageTrace Behavior [ RunTime:0.002527s ]
INFO: [ view_end ] --END-- [ RunTime:0.002753s ]

[ 2015-04-30T08:56:16+08:00 ] 0.0.0.0 /oop/tp_t/index.php/Album/photo_detail/id/36
INFO: [ route_check ] --START--
INFO: Run CheckRoute Behavior [ RunTime:0.002764s ]
INFO: [ route_check ] --END-- [ RunTime:0.003007s ]
INFO: [ app_begin ] --START--
INFO: Run ReadHtmlCache Behavior [ RunTime:0.002309s ]
INFO: [ app_begin ] --END-- [ RunTime:0.002529s ]
SQL: SHOW COLUMNS FROM `photo` [ RunTime:0.007916s ]
SQL: SELECT * FROM `photo` WHERE ( id=36 ) LIMIT 1   [ RunTime:0.000738s ]
INFO: [ view_template ] --START--
INFO: Run LocationTemplate Behavior [ RunTime:0.004383s ]
INFO: [ view_template ] --END-- [ RunTime:0.004717s ]
INFO: [ view_parse ] --START--
NOTIC: [8] Undefined variable: tname D:\wamp\www\oop\tp_t\home\Runtime\Cache\ac9f65adab238f8a6b298290b301d97e.php 第 27 行.
INFO: Run ParseTemplate Behavior [ RunTime:0.031125s ]
INFO: [ view_parse ] --END-- [ RunTime:0.031453s ]
INFO: [ view_filter ] --START--
INFO: Run ContentReplace Behavior [ RunTime:0.002543s ]
INFO: Run TokenBuild Behavior [ RunTime:0.002513s ]
INFO: Run WriteHtmlCache Behavior [ RunTime:0.002183s ]
INFO: Run ShowRuntime Behavior [ RunTime:0.002754s ]
INFO: [ view_filter ] --END-- [ RunTime:0.010754s ]
INFO: [ view_end ] --START--
INFO: Run ShowPageTrace Behavior [ RunTime:0.003538s ]
INFO: [ view_end ] --END-- [ RunTime:0.003869s ]

[ 2015-04-30T08:56:29+08:00 ] 0.0.0.0 /oop/tp_t/index.php/User/index/
INFO: [ route_check ] --START--
INFO: Run CheckRoute Behavior [ RunTime:0.003119s ]
INFO: [ route_check ] --END-- [ RunTime:0.003369s ]
INFO: [ app_begin ] --START--
INFO: Run ReadHtmlCache Behavior [ RunTime:0.002599s ]
INFO: [ app_begin ] --END-- [ RunTime:0.002855s ]
NOTIC: [8] Undefined index: atype D:\wamp\www\oop\tp_t\home\Lib\Action\UserAction.class.php 第 13 行.
SQL: SHOW COLUMNS FROM `album` [ RunTime:0.011267s ]
SQL: SELECT COUNT(*) AS tp_count FROM `album` WHERE ( album.uid=1 ) LIMIT 1   [ RunTime:0.001451s ]
SQL: SELECT album.*,album_type.t_name FROM `album` LEFT JOIN album_type on album.t_id=album_type.id WHERE ( album.uid=1 ) ORDER BY id desc LIMIT 0,4   [ RunTime:0.001368s ]
INFO: [ view_template ] --START--
INFO: Run LocationTemplate Behavior [ RunTime:0.003232s ]
INFO: [ view_template ] --END-- [ RunTime:0.003452s ]
INFO: [ view_parse ] --START--
INFO: Run ParseTemplate Behavior [ RunTime:0.035793s ]
INFO: [ view_parse ] --END-- [ RunTime:0.036050s ]
INFO: [ view_filter ] --START--
INFO: Run ContentReplace Behavior [ RunTime:0.002371s ]
INFO: Run TokenBuild Behavior [ RunTime:0.002307s ]
INFO: Run WriteHtmlCache Behavior [ RunTime:0.001961s ]
INFO: Run ShowRuntime Behavior [ RunTime:0.002371s ]
INFO: [ view_filter ] --END-- [ RunTime:0.009599s ]
INFO: [ view_end ] --START--
INFO: Run ShowPageTrace Behavior [ RunTime:0.002475s ]
INFO: [ view_end ] --END-- [ RunTime:0.002673s ]

[ 2015-04-30T08:56:35+08:00 ] 0.0.0.0 /oop/tp_t/index.php/User/index/
INFO: [ route_check ] --START--
INFO: Run CheckRoute Behavior [ RunTime:0.004358s ]
INFO: [ route_check ] --END-- [ RunTime:0.004787s ]
INFO: [ app_begin ] --START--
INFO: Run ReadHtmlCache Behavior [ RunTime:0.006530s ]
INFO: [ app_begin ] --END-- [ RunTime:0.006960s ]
NOTIC: [8] Undefined index: atype D:\wamp\www\oop\tp_t\home\Lib\Action\UserAction.class.php 第 13 行.
SQL: SHOW COLUMNS FROM `album` [ RunTime:0.007009s ]
SQL: SELECT COUNT(*) AS tp_count FROM `album` WHERE ( album.uid=1 ) LIMIT 1   [ RunTime:0.000750s ]
SQL: SELECT album.*,album_type.t_name FROM `album` LEFT JOIN album_type on album.t_id=album_type.id WHERE ( album.uid=1 ) ORDER BY id desc LIMIT 0,4   [ RunTime:0.001133s ]
INFO: [ view_template ] --START--
INFO: Run LocationTemplate Behavior [ RunTime:0.003674s ]
INFO: [ view_template ] --END-- [ RunTime:0.003910s ]
INFO: [ view_parse ] --START--
INFO: Run ParseTemplate Behavior [ RunTime:0.031059s ]
INFO: [ view_parse ] --END-- [ RunTime:0.031312s ]
INFO: [ view_filter ] --START--
INFO: Run ContentReplace Behavior [ RunTime:0.002166s ]
INFO: Run TokenBuild Behavior [ RunTime:0.002496s ]
INFO: Run WriteHtmlCache Behavior [ RunTime:0.001837s ]
INFO: Run ShowRuntime Behavior [ RunTime:0.002887s ]
INFO: [ view_filter ] --END-- [ RunTime:0.010178s ]
INFO: [ view_end ] --START--
INFO: Run ShowPageTrace Behavior [ RunTime:0.003994s ]
INFO: [ view_end ] --END-- [ RunTime:0.004354s ]

[ 2015-04-30T08:56:43+08:00 ] 0.0.0.0 /oop/tp_t/index.php/User/index/p/2
INFO: [ route_check ] --START--
INFO: Run CheckRoute Behavior [ RunTime:0.002702s ]
INFO: [ route_check ] --END-- [ RunTime:0.002945s ]
INFO: [ app_begin ] --START--
INFO: Run ReadHtmlCache Behavior [ RunTime:0.002432s ]
INFO: [ app_begin ] --END-- [ RunTime:0.002652s ]
NOTIC: [8] Undefined index: atype D:\wamp\www\oop\tp_t\home\Lib\Action\UserAction.class.php 第 13 行.
SQL: SHOW COLUMNS FROM `album` [ RunTime:0.007307s ]
SQL: SELECT COUNT(*) AS tp_count FROM `album` WHERE ( album.uid=1 ) LIMIT 1   [ RunTime:0.000753s ]
SQL: SELECT album.*,album_type.t_name FROM `album` LEFT JOIN album_type on album.t_id=album_type.id WHERE ( album.uid=1 ) ORDER BY id desc LIMIT 4,4   [ RunTime:0.109113s ]
INFO: [ view_template ] --START--
INFO: Run LocationTemplate Behavior [ RunTime:0.003575s ]
INFO: [ view_template ] --END-- [ RunTime:0.003813s ]
INFO: [ view_parse ] --START--
INFO: Run ParseTemplate Behavior [ RunTime:0.032800s ]
INFO: [ view_parse ] --END-- [ RunTime:0.033141s ]
INFO: [ view_filter ] --START--
INFO: Run ContentReplace Behavior [ RunTime:0.002360s ]
INFO: Run TokenBuild Behavior [ RunTime:0.002168s ]
INFO: Run WriteHtmlCache Behavior [ RunTime:0.001910s ]
INFO: Run ShowRuntime Behavior [ RunTime:0.002553s ]
INFO: [ view_filter ] --END-- [ RunTime:0.009555s ]
INFO: [ view_end ] --START--
INFO: Run ShowPageTrace Behavior [ RunTime:0.002411s ]
INFO: [ view_end ] --END-- [ RunTime:0.002607s ]

[ 2015-04-30T08:56:49+08:00 ] 0.0.0.0 /oop/tp_t/index.php
INFO: [ app_begin ] --START--
INFO: Run ReadHtmlCache Behavior [ RunTime:0.003085s ]
INFO: [ app_begin ] --END-- [ RunTime:0.003386s ]
SQL: SHOW COLUMNS FROM `album_type` [ RunTime:0.008682s ]
SQL: SELECT * FROM `album_type` ORDER BY sort desc LIMIT 4   [ RunTime:0.000781s ]
SQL: SHOW COLUMNS FROM `album` [ RunTime:0.007836s ]
SQL: SELECT album.*,userinfo.nickname FROM `album` LEFT JOIN userinfo on album.uid=userinfo.id WHERE ( album.t_id=3 ) ORDER BY album.id desc LIMIT 4   [ RunTime:0.000827s ]
SQL: SELECT album.*,userinfo.nickname FROM `album` LEFT JOIN userinfo on album.uid=userinfo.id WHERE ( album.t_id=1 ) ORDER BY album.id desc LIMIT 4   [ RunTime:0.000668s ]
SQL: SELECT album.*,userinfo.nickname FROM `album` LEFT JOIN userinfo on album.uid=userinfo.id WHERE ( album.t_id=2 ) ORDER BY album.id desc LIMIT 4   [ RunTime:0.000733s ]
SQL: SELECT album.*,userinfo.nickname FROM `album` LEFT JOIN userinfo on album.uid=userinfo.id WHERE ( album.t_id=5 ) ORDER BY album.id desc LIMIT 4   [ RunTime:0.000981s ]
INFO: [ view_template ] --START--
INFO: Run LocationTemplate Behavior [ RunTime:0.004165s ]
INFO: [ view_template ] --END-- [ RunTime:0.004469s ]
INFO: [ view_parse ] --START--
INFO: Run ParseTemplate Behavior [ RunTime:0.034594s ]
INFO: [ view_parse ] --END-- [ RunTime:0.034966s ]
INFO: [ view_filter ] --START--
INFO: Run ContentReplace Behavior [ RunTime:0.002236s ]
INFO: Run TokenBuild Behavior [ RunTime:0.002373s ]
INFO: Run WriteHtmlCache Behavior [ RunTime:0.001573s ]
INFO: Run ShowRuntime Behavior [ RunTime:0.002232s ]
INFO: [ view_filter ] --END-- [ RunTime:0.009085s ]
INFO: [ view_end ] --START--
INFO: Run ShowPageTrace Behavior [ RunTime:0.002030s ]
INFO: [ view_end ] --END-- [ RunTime:0.002229s ]

[ 2015-04-30T08:56:55+08:00 ] 0.0.0.0 /oop/tp_t/index.php/Album/lists/atype/3
INFO: [ route_check ] --START--
INFO: Run CheckRoute Behavior [ RunTime:0.004655s ]
INFO: [ route_check ] --END-- [ RunTime:0.005178s ]
INFO: [ app_begin ] --START--
INFO: Run ReadHtmlCache Behavior [ RunTime:0.002791s ]
INFO: [ app_begin ] --END-- [ RunTime:0.003110s ]
SQL: SHOW COLUMNS FROM `album_type` [ RunTime:0.067145s ]
SQL: SELECT * FROM `album_type` WHERE ( album_type.id=3 ) LIMIT 1   [ RunTime:0.000835s ]
SQL: SHOW COLUMNS FROM `album` [ RunTime:0.009119s ]
SQL: SELECT COUNT(*) AS tp_count FROM `album` WHERE ( album_type.id=3 ) LIMIT 1   [ RunTime:0.009927s ]
ERR: Unknown column 'album_type.id' in 'where clause'
 [ SQL语句 ] : SELECT COUNT(*) AS tp_count FROM `album` WHERE ( album_type.id=3 ) LIMIT 1  
SQL: SELECT album.*,album_type.t_name,userinfo.nickname FROM `album` LEFT JOIN album_type on album.t_id=album_type.id LEFT JOIN userinfo on album.uid=userinfo.id WHERE ( album_type.id=3 ) ORDER BY album.id desc LIMIT 0,4   [ RunTime:0.000906s ]
INFO: [ view_template ] --START--
INFO: Run LocationTemplate Behavior [ RunTime:0.002911s ]
INFO: [ view_template ] --END-- [ RunTime:0.003188s ]
INFO: [ view_parse ] --START--
INFO: Run ParseTemplate Behavior [ RunTime:0.035174s ]
INFO: [ view_parse ] --END-- [ RunTime:0.035645s ]
INFO: [ view_filter ] --START--
INFO: Run ContentReplace Behavior [ RunTime:0.001763s ]
INFO: Run TokenBuild Behavior [ RunTime:0.001697s ]
INFO: Run WriteHtmlCache Behavior [ RunTime:0.002769s ]
INFO: Run ShowRuntime Behavior [ RunTime:0.002341s ]
INFO: [ view_filter ] --END-- [ RunTime:0.009297s ]
INFO: [ view_end ] --START--
INFO: Run ShowPageTrace Behavior [ RunTime:0.002142s ]
INFO: [ view_end ] --END-- [ RunTime:0.002374s ]

[ 2015-04-30T08:57:00+08:00 ] 0.0.0.0 /oop/tp_t/index.php/User/index/
INFO: [ route_check ] --START--
INFO: Run CheckRoute Behavior [ RunTime:0.002274s ]
INFO: [ route_check ] --END-- [ RunTime:0.002518s ]
INFO: [ app_begin ] --START--
INFO: Run ReadHtmlCache Behavior [ RunTime:0.003016s ]
INFO: [ app_begin ] --END-- [ RunTime:0.003411s ]
NOTIC: [8] Undefined index: atype D:\wamp\www\oop\tp_t\home\Lib\Action\UserAction.class.php 第 13 行.
SQL: SHOW COLUMNS FROM `album` [ RunTime:0.007317s ]
SQL: SELECT COUNT(*) AS tp_count FROM `album` WHERE ( album.uid=1 ) LIMIT 1   [ RunTime:0.000672s ]
SQL: SELECT album.*,album_type.t_name FROM `album` LEFT JOIN album_type on album.t_id=album_type.id WHERE ( album.uid=1 ) ORDER BY id desc LIMIT 0,4   [ RunTime:0.000766s ]
INFO: [ view_template ] --START--
INFO: Run LocationTemplate Behavior [ RunTime:0.002683s ]
INFO: [ view_template ] --END-- [ RunTime:0.002899s ]
INFO: [ view_parse ] --START--
INFO: Run ParseTemplate Behavior [ RunTime:0.033494s ]
INFO: [ view_parse ] --END-- [ RunTime:0.033756s ]
INFO: [ view_filter ] --START--
INFO: Run ContentReplace Behavior [ RunTime:0.001682s ]
INFO: Run TokenBuild Behavior [ RunTime:0.002000s ]
INFO: Run WriteHtmlCache Behavior [ RunTime:0.001872s ]
INFO: Run ShowRuntime Behavior [ RunTime:0.002305s ]
INFO: [ view_filter ] --END-- [ RunTime:0.008785s ]
INFO: [ view_end ] --START--
INFO: Run ShowPageTrace Behavior [ RunTime:0.001965s ]
INFO: [ view_end ] --END-- [ RunTime:0.002166s ]

[ 2015-04-30T08:57:47+08:00 ] 0.0.0.0 /oop/tp_t/index.php
INFO: [ app_begin ] --START--
INFO: Run ReadHtmlCache Behavior [ RunTime:0.001863s ]
INFO: [ app_begin ] --END-- [ RunTime:0.002100s ]
SQL: SHOW COLUMNS FROM `album_type` [ RunTime:0.068347s ]
SQL: SELECT * FROM `album_type` ORDER BY sort desc LIMIT 4   [ RunTime:0.000873s ]
SQL: SHOW COLUMNS FROM `album` [ RunTime:0.009475s ]
SQL: SELECT album.*,userinfo.nickname FROM `album` LEFT JOIN userinfo on album.uid=userinfo.id WHERE ( album.t_id=3 ) ORDER BY album.id desc LIMIT 4   [ RunTime:0.000921s ]
SQL: SELECT album.*,userinfo.nickname FROM `album` LEFT JOIN userinfo on album.uid=userinfo.id WHERE ( album.t_id=1 ) ORDER BY album.id desc LIMIT 4   [ RunTime:0.000913s ]
SQL: SELECT album.*,userinfo.nickname FROM `album` LEFT JOIN userinfo on album.uid=userinfo.id WHERE ( album.t_id=2 ) ORDER BY album.id desc LIMIT 4   [ RunTime:0.000782s ]
SQL: SELECT album.*,userinfo.nickname FROM `album` LEFT JOIN userinfo on album.uid=userinfo.id WHERE ( album.t_id=5 ) ORDER BY album.id desc LIMIT 4   [ RunTime:0.000785s ]
INFO: [ view_template ] --START--
INFO: Run LocationTemplate Behavior [ RunTime:0.005364s ]
INFO: [ view_template ] --END-- [ RunTime:0.005903s ]
INFO: [ view_parse ] --START--
INFO: Run ParseTemplate Behavior [ RunTime:0.031507s ]
INFO: [ view_parse ] --END-- [ RunTime:0.031851s ]
INFO: [ view_filter ] --START--
INFO: Run ContentReplace Behavior [ RunTime:0.002113s ]
INFO: Run TokenBuild Behavior [ RunTime:0.001491s ]
INFO: Run WriteHtmlCache Behavior [ RunTime:0.001173s ]
INFO: Run ShowRuntime Behavior [ RunTime:0.001621s ]
INFO: [ view_filter ] --END-- [ RunTime:0.006992s ]
INFO: [ view_end ] --START--
INFO: Run ShowPageTrace Behavior [ RunTime:0.001756s ]
INFO: [ view_end ] --END-- [ RunTime:0.001957s ]

[ 2015-04-30T08:58:10+08:00 ] 0.0.0.0 /oop/tp_t/index.php/User/index/
INFO: [ route_check ] --START--
INFO: Run CheckRoute Behavior [ RunTime:0.003532s ]
INFO: [ route_check ] --END-- [ RunTime:0.003914s ]
INFO: [ app_begin ] --START--
INFO: Run ReadHtmlCache Behavior [ RunTime:0.002374s ]
INFO: [ app_begin ] --END-- [ RunTime:0.002729s ]
NOTIC: [8] Undefined index: atype D:\wamp\www\oop\tp_t\home\Lib\Action\UserAction.class.php 第 13 行.
SQL: SHOW COLUMNS FROM `album` [ RunTime:0.009463s ]
SQL: SELECT COUNT(*) AS tp_count FROM `album` WHERE ( album.uid=1 ) LIMIT 1   [ RunTime:0.000817s ]
SQL: SELECT album.*,album_type.t_name FROM `album` LEFT JOIN album_type on album.t_id=album_type.id WHERE ( album.uid=1 ) ORDER BY id desc LIMIT 0,4   [ RunTime:0.000978s ]
INFO: [ view_template ] --START--
INFO: Run LocationTemplate Behavior [ RunTime:0.002660s ]
INFO: [ view_template ] --END-- [ RunTime:0.002874s ]
INFO: [ view_parse ] --START--
INFO: Run ParseTemplate Behavior [ RunTime:0.028318s ]
INFO: [ view_parse ] --END-- [ RunTime:0.028567s ]
INFO: [ view_filter ] --START--
INFO: Run ContentReplace Behavior [ RunTime:0.001498s ]
INFO: Run TokenBuild Behavior [ RunTime:0.001431s ]
INFO: Run WriteHtmlCache Behavior [ RunTime:0.001082s ]
INFO: Run ShowRuntime Behavior [ RunTime:0.001519s ]
INFO: [ view_filter ] --END-- [ RunTime:0.006085s ]
INFO: [ view_end ] --START--
INFO: Run ShowPageTrace Behavior [ RunTime:0.001674s ]
INFO: [ view_end ] --END-- [ RunTime:0.001873s ]

[ 2015-04-30T08:58:24+08:00 ] 0.0.0.0 /oop/tp_t/index.php/User/index/p/2
INFO: [ route_check ] --START--
INFO: Run CheckRoute Behavior [ RunTime:0.003283s ]
INFO: [ route_check ] --END-- [ RunTime:0.003700s ]
INFO: [ app_begin ] --START--
INFO: Run ReadHtmlCache Behavior [ RunTime:0.002532s ]
INFO: [ app_begin ] --END-- [ RunTime:0.002901s ]
NOTIC: [8] Undefined index: atype D:\wamp\www\oop\tp_t\home\Lib\Action\UserAction.class.php 第 13 行.
SQL: SHOW COLUMNS FROM `album` [ RunTime:0.008920s ]
SQL: SELECT COUNT(*) AS tp_count FROM `album` WHERE ( album.uid=1 ) LIMIT 1   [ RunTime:0.000864s ]
SQL: SELECT album.*,album_type.t_name FROM `album` LEFT JOIN album_type on album.t_id=album_type.id WHERE ( album.uid=1 ) ORDER BY id desc LIMIT 4,4   [ RunTime:0.001128s ]
INFO: [ view_template ] --START--
INFO: Run LocationTemplate Behavior [ RunTime:0.002685s ]
INFO: [ view_template ] --END-- [ RunTime:0.002896s ]
INFO: [ view_parse ] --START--
INFO: Run ParseTemplate Behavior [ RunTime:0.028905s ]
INFO: [ view_parse ] --END-- [ RunTime:0.029151s ]
INFO: [ view_filter ] --START--
INFO: Run ContentReplace Behavior [ RunTime:0.001546s ]
INFO: Run TokenBuild Behavior [ RunTime:0.001515s ]
INFO: Run WriteHtmlCache Behavior [ RunTime:0.001164s ]
INFO: Run ShowRuntime Behavior [ RunTime:0.001904s ]
INFO: [ view_filter ] --END-- [ RunTime:0.006710s ]
INFO: [ view_end ] --START--
INFO: Run ShowPageTrace Behavior [ RunTime:0.002117s ]
INFO: [ view_end ] --END-- [ RunTime:0.002331s ]

[ 2015-04-30T08:59:53+08:00 ] 0.0.0.0 /oop/tp_t/index.php
INFO: [ app_begin ] --START--
INFO: Run ReadHtmlCache Behavior [ RunTime:0.001841s ]
INFO: [ app_begin ] --END-- [ RunTime:0.002093s ]
SQL: SHOW COLUMNS FROM `album_type` [ RunTime:0.074841s ]
SQL: SELECT * FROM `album_type` ORDER BY sort desc LIMIT 4   [ RunTime:0.000888s ]
SQL: SHOW COLUMNS FROM `album` [ RunTime:0.007384s ]
SQL: SELECT album.*,userinfo.nickname FROM `album` LEFT JOIN userinfo on album.uid=userinfo.id WHERE ( album.t_id=3 ) ORDER BY album.id desc LIMIT 4   [ RunTime:0.000968s ]
SQL: SELECT album.*,userinfo.nickname FROM `album` LEFT JOIN userinfo on album.uid=userinfo.id WHERE ( album.t_id=1 ) ORDER BY album.id desc LIMIT 4   [ RunTime:0.000907s ]
SQL: SELECT album.*,userinfo.nickname FROM `album` LEFT JOIN userinfo on album.uid=userinfo.id WHERE ( album.t_id=2 ) ORDER BY album.id desc LIMIT 4   [ RunTime:0.001400s ]
SQL: SELECT album.*,userinfo.nickname FROM `album` LEFT JOIN userinfo on album.uid=userinfo.id WHERE ( album.t_id=5 ) ORDER BY album.id desc LIMIT 4   [ RunTime:0.005160s ]
INFO: [ view_template ] --START--
INFO: Run LocationTemplate Behavior [ RunTime:0.003888s ]
INFO: [ view_template ] --END-- [ RunTime:0.004290s ]
INFO: [ view_parse ] --START--
INFO: Run ParseTemplate Behavior [ RunTime:0.034862s ]
INFO: [ view_parse ] --END-- [ RunTime:0.035188s ]
INFO: [ view_filter ] --START--
INFO: Run ContentReplace Behavior [ RunTime:0.001960s ]
INFO: Run TokenBuild Behavior [ RunTime:0.001934s ]
INFO: Run WriteHtmlCache Behavior [ RunTime:0.001203s ]
INFO: Run ShowRuntime Behavior [ RunTime:0.001618s ]
INFO: [ view_filter ] --END-- [ RunTime:0.007432s ]
INFO: [ view_end ] --START--
INFO: Run ShowPageTrace Behavior [ RunTime:0.002710s ]
INFO: [ view_end ] --END-- [ RunTime:0.003004s ]

[ 2015-04-30T09:11:56+08:00 ] 0.0.0.0 /oop/tp_t/index.php/User/index/
INFO: [ route_check ] --START--
INFO: Run CheckRoute Behavior [ RunTime:0.002668s ]
INFO: [ route_check ] --END-- [ RunTime:0.003076s ]
INFO: [ app_begin ] --START--
INFO: Run ReadHtmlCache Behavior [ RunTime:0.001808s ]
INFO: [ app_begin ] --END-- [ RunTime:0.002164s ]
NOTIC: [8] Undefined index: atype D:\wamp\www\oop\tp_t\home\Lib\Action\UserAction.class.php 第 13 行.
SQL: SHOW COLUMNS FROM `album` [ RunTime:0.010883s ]
SQL: SELECT COUNT(*) AS tp_count FROM `album` WHERE ( album.uid=1 ) LIMIT 1   [ RunTime:0.000852s ]
SQL: SELECT album.*,album_type.t_name FROM `album` LEFT JOIN album_type on album.t_id=album_type.id WHERE ( album.uid=1 ) ORDER BY id desc LIMIT 0,4   [ RunTime:0.001178s ]
INFO: [ view_template ] --START--
INFO: Run LocationTemplate Behavior [ RunTime:0.002685s ]
INFO: [ view_template ] --END-- [ RunTime:0.002923s ]
INFO: [ view_parse ] --START--
INFO: Run ParseTemplate Behavior [ RunTime:0.030066s ]
INFO: [ view_parse ] --END-- [ RunTime:0.030493s ]
INFO: [ view_filter ] --START--
INFO: Run ContentReplace Behavior [ RunTime:0.002010s ]
INFO: Run TokenBuild Behavior [ RunTime:0.001629s ]
INFO: Run WriteHtmlCache Behavior [ RunTime:0.001117s ]
INFO: Run ShowRuntime Behavior [ RunTime:0.002115s ]
INFO: [ view_filter ] --END-- [ RunTime:0.007844s ]
INFO: [ view_end ] --START--
INFO: Run ShowPageTrace Behavior [ RunTime:0.001849s ]
INFO: [ view_end ] --END-- [ RunTime:0.002189s ]

[ 2015-04-30T09:11:59+08:00 ] 0.0.0.0 /oop/tp_t/index.php/User/add_photo/
INFO: [ route_check ] --START--
INFO: Run CheckRoute Behavior [ RunTime:0.002079s ]
INFO: [ route_check ] --END-- [ RunTime:0.002449s ]
INFO: [ app_begin ] --START--
INFO: Run ReadHtmlCache Behavior [ RunTime:0.002262s ]
INFO: [ app_begin ] --END-- [ RunTime:0.002611s ]
SQL: SHOW COLUMNS FROM `album` [ RunTime:0.007367s ]
SQL: SELECT * FROM `album` ORDER BY id desc  [ RunTime:0.001595s ]
INFO: [ view_template ] --START--
INFO: Run LocationTemplate Behavior [ RunTime:0.002169s ]
INFO: [ view_template ] --END-- [ RunTime:0.002560s ]
INFO: [ view_parse ] --START--
INFO: Run ParseTemplate Behavior [ RunTime:0.035012s ]
INFO: [ view_parse ] --END-- [ RunTime:0.035300s ]
INFO: [ view_filter ] --START--
INFO: Run ContentReplace Behavior [ RunTime:0.001098s ]
INFO: Run TokenBuild Behavior [ RunTime:0.001115s ]
INFO: Run WriteHtmlCache Behavior [ RunTime:0.000870s ]
INFO: Run ShowRuntime Behavior [ RunTime:0.001315s ]
INFO: [ view_filter ] --END-- [ RunTime:0.005027s ]
INFO: [ view_end ] --START--
INFO: Run ShowPageTrace Behavior [ RunTime:0.001459s ]
INFO: [ view_end ] --END-- [ RunTime:0.001662s ]

