[ 2015-06-05T08:41:31+08:00 ] 0.0.0.0 /oop/tp_t/
INFO: [ app_begin ] --START--
INFO: Run ReadHtmlCache Behavior [ RunTime:0.002158s ]
INFO: [ app_begin ] --END-- [ RunTime:0.002597s ]
SQL: SHOW COLUMNS FROM `album_type` [ RunTime:0.015359s ]
SQL: SELECT * FROM `album_type` ORDER BY sort desc LIMIT 4   [ RunTime:0.000898s ]
SQL: SHOW COLUMNS FROM `album` [ RunTime:0.006353s ]
SQL: SELECT album.*,userinfo.nickname FROM `album` LEFT JOIN userinfo on album.uid=userinfo.id WHERE ( album.t_id=3 ) ORDER BY album.id desc LIMIT 4   [ RunTime:0.001105s ]
SQL: SELECT album.*,userinfo.nickname FROM `album` LEFT JOIN userinfo on album.uid=userinfo.id WHERE ( album.t_id=1 ) ORDER BY album.id desc LIMIT 4   [ RunTime:0.000813s ]
SQL: SELECT album.*,userinfo.nickname FROM `album` LEFT JOIN userinfo on album.uid=userinfo.id WHERE ( album.t_id=2 ) ORDER BY album.id desc LIMIT 4   [ RunTime:0.000802s ]
SQL: SELECT album.*,userinfo.nickname FROM `album` LEFT JOIN userinfo on album.uid=userinfo.id WHERE ( album.t_id=5 ) ORDER BY album.id desc LIMIT 4   [ RunTime:0.000777s ]
INFO: [ view_template ] --START--
INFO: Run LocationTemplate Behavior [ RunTime:0.002050s ]
INFO: [ view_template ] --END-- [ RunTime:0.002268s ]
INFO: [ view_parse ] --START--
NOTIC: [8] Undefined index: uname D:\wamp\www\oop\tp_t\home\Runtime\Cache\d046431aa157c89f3a1c30c426be003b.php 第 14 行.
INFO: Run ParseTemplate Behavior [ RunTime:0.048859s ]
INFO: [ view_parse ] --END-- [ RunTime:0.049066s ]
INFO: [ view_filter ] --START--
INFO: Run ContentReplace Behavior [ RunTime:0.001446s ]
INFO: Run TokenBuild Behavior [ RunTime:0.001410s ]
INFO: Run WriteHtmlCache Behavior [ RunTime:0.001065s ]
INFO: Run ShowRuntime Behavior [ RunTime:0.001749s ]
INFO: [ view_filter ] --END-- [ RunTime:0.006327s ]
INFO: [ view_end ] --START--
INFO: Run ShowPageTrace Behavior [ RunTime:0.001576s ]
INFO: [ view_end ] --END-- [ RunTime:0.001781s ]

