[ 2015-05-30T07:19:54+08:00 ] 0.0.0.0 /oop/tp_t/index.php/Public/login/
INFO: [ route_check ] --START--
INFO: Run CheckRoute Behavior [ RunTime:0.003459s ]
INFO: [ route_check ] --END-- [ RunTime:0.003770s ]
INFO: [ app_begin ] --START--
INFO: Run ReadHtmlCache Behavior [ RunTime:0.002797s ]
INFO: [ app_begin ] --END-- [ RunTime:0.003183s ]
INFO: [ view_template ] --START--
INFO: Run LocationTemplate Behavior [ RunTime:0.002843s ]
INFO: [ view_template ] --END-- [ RunTime:0.003419s ]
INFO: [ view_parse ] --START--
NOTIC: [8] Undefined index: uname D:\wamp\www\oop\tp_t\home\Runtime\Cache\dddf1b2d3634e21399753b7b65c08d54.php 第 17 行.
NOTIC: [8] Undefined variable: tname D:\wamp\www\oop\tp_t\home\Runtime\Cache\dddf1b2d3634e21399753b7b65c08d54.php 第 28 行.
INFO: Run ParseTemplate Behavior [ RunTime:0.026377s ]
INFO: [ view_parse ] --END-- [ RunTime:0.026623s ]
INFO: [ view_filter ] --START--
INFO: Run ContentReplace Behavior [ RunTime:0.001709s ]
INFO: Run TokenBuild Behavior [ RunTime:0.001759s ]
INFO: Run WriteHtmlCache Behavior [ RunTime:0.001727s ]
INFO: Run ShowRuntime Behavior [ RunTime:0.003176s ]
INFO: [ view_filter ] --END-- [ RunTime:0.009282s ]
INFO: [ view_end ] --START--
INFO: Run ShowPageTrace Behavior [ RunTime:0.002986s ]
INFO: [ view_end ] --END-- [ RunTime:0.003375s ]

