[ 2015-05-07T15:05:28+08:00 ] 0.0.0.0 /oop/tp_t/
INFO: [ app_begin ] --START--
INFO: Run ReadHtmlCache Behavior [ RunTime:0.003674s ]
INFO: [ app_begin ] --END-- [ RunTime:0.015294s ]
SQL: SHOW COLUMNS FROM `album_type` [ RunTime:0.167656s ]
SQL: SELECT * FROM `album_type` ORDER BY sort desc LIMIT 4   [ RunTime:0.104828s ]
SQL: SHOW COLUMNS FROM `album` [ RunTime:0.032576s ]
SQL: SELECT album.*,userinfo.nickname FROM `album` LEFT JOIN userinfo on album.uid=userinfo.id WHERE ( album.t_id=3 ) ORDER BY album.id desc LIMIT 4   [ RunTime:0.051112s ]
SQL: SELECT album.*,userinfo.nickname FROM `album` LEFT JOIN userinfo on album.uid=userinfo.id WHERE ( album.t_id=1 ) ORDER BY album.id desc LIMIT 4   [ RunTime:0.000855s ]
SQL: SELECT album.*,userinfo.nickname FROM `album` LEFT JOIN userinfo on album.uid=userinfo.id WHERE ( album.t_id=2 ) ORDER BY album.id desc LIMIT 4   [ RunTime:0.000799s ]
SQL: SELECT album.*,userinfo.nickname FROM `album` LEFT JOIN userinfo on album.uid=userinfo.id WHERE ( album.t_id=5 ) ORDER BY album.id desc LIMIT 4   [ RunTime:0.000779s ]
INFO: [ view_template ] --START--
INFO: Run LocationTemplate Behavior [ RunTime:0.025490s ]
INFO: [ view_template ] --END-- [ RunTime:0.025836s ]
INFO: [ view_parse ] --START--
NOTIC: [8] Undefined index: uname D:\wamp\www\oop\tp_t\home\Runtime\Cache\d046431aa157c89f3a1c30c426be003b.php 第 14 行.
INFO: Run ParseTemplate Behavior [ RunTime:0.132505s ]
INFO: [ view_parse ] --END-- [ RunTime:0.132825s ]
INFO: [ view_filter ] --START--
INFO: Run ContentReplace Behavior [ RunTime:0.014132s ]
INFO: Run TokenBuild Behavior [ RunTime:0.002959s ]
INFO: Run WriteHtmlCache Behavior [ RunTime:0.001633s ]
INFO: Run ShowRuntime Behavior [ RunTime:0.003226s ]
INFO: [ view_filter ] --END-- [ RunTime:0.022656s ]
INFO: [ view_end ] --START--
INFO: Run ShowPageTrace Behavior [ RunTime:0.002930s ]
INFO: [ view_end ] --END-- [ RunTime:0.003157s ]

[ 2015-05-07T15:46:58+08:00 ] 0.0.0.0 /oop/tp_t/
INFO: [ app_begin ] --START--
INFO: Run ReadHtmlCache Behavior [ RunTime:0.002072s ]
INFO: [ app_begin ] --END-- [ RunTime:0.002318s ]
SQL: SHOW COLUMNS FROM `album_type` [ RunTime:0.007402s ]
SQL: SELECT * FROM `album_type` ORDER BY sort desc LIMIT 4   [ RunTime:0.000826s ]
SQL: SHOW COLUMNS FROM `album` [ RunTime:0.007831s ]
SQL: SELECT album.*,userinfo.nickname FROM `album` LEFT JOIN userinfo on album.uid=userinfo.id WHERE ( album.t_id=3 ) ORDER BY album.id desc LIMIT 4   [ RunTime:0.001025s ]
SQL: SELECT album.*,userinfo.nickname FROM `album` LEFT JOIN userinfo on album.uid=userinfo.id WHERE ( album.t_id=1 ) ORDER BY album.id desc LIMIT 4   [ RunTime:0.000736s ]
SQL: SELECT album.*,userinfo.nickname FROM `album` LEFT JOIN userinfo on album.uid=userinfo.id WHERE ( album.t_id=2 ) ORDER BY album.id desc LIMIT 4   [ RunTime:0.000728s ]
SQL: SELECT album.*,userinfo.nickname FROM `album` LEFT JOIN userinfo on album.uid=userinfo.id WHERE ( album.t_id=5 ) ORDER BY album.id desc LIMIT 4   [ RunTime:0.000802s ]
INFO: [ view_template ] --START--
INFO: Run LocationTemplate Behavior [ RunTime:0.001884s ]
INFO: [ view_template ] --END-- [ RunTime:0.002125s ]
INFO: [ view_parse ] --START--
NOTIC: [8] Undefined index: uname D:\wamp\www\oop\tp_t\home\Runtime\Cache\d046431aa157c89f3a1c30c426be003b.php 第 14 行.
INFO: Run ParseTemplate Behavior [ RunTime:0.028962s ]
INFO: [ view_parse ] --END-- [ RunTime:0.029175s ]
INFO: [ view_filter ] --START--
INFO: Run ContentReplace Behavior [ RunTime:0.001243s ]
INFO: Run TokenBuild Behavior [ RunTime:0.001247s ]
INFO: Run WriteHtmlCache Behavior [ RunTime:0.000850s ]
INFO: Run ShowRuntime Behavior [ RunTime:0.001277s ]
INFO: [ view_filter ] --END-- [ RunTime:0.005205s ]
INFO: [ view_end ] --START--
INFO: Run ShowPageTrace Behavior [ RunTime:0.001471s ]
INFO: [ view_end ] --END-- [ RunTime:0.001705s ]

[ 2015-05-07T15:52:07+08:00 ] 0.0.0.0 /oop/tp_t/index.php/Public/login/
INFO: [ route_check ] --START--
INFO: Run CheckRoute Behavior [ RunTime:0.001795s ]
INFO: [ route_check ] --END-- [ RunTime:0.002036s ]
INFO: [ app_begin ] --START--
INFO: Run ReadHtmlCache Behavior [ RunTime:0.001359s ]
INFO: [ app_begin ] --END-- [ RunTime:0.001570s ]
INFO: [ view_template ] --START--
INFO: Run LocationTemplate Behavior [ RunTime:0.002588s ]
INFO: [ view_template ] --END-- [ RunTime:0.002856s ]
INFO: [ view_parse ] --START--
NOTIC: [8] Undefined index: uname D:\wamp\www\oop\tp_t\home\Runtime\Cache\dddf1b2d3634e21399753b7b65c08d54.php 第 17 行.
NOTIC: [8] Undefined variable: tname D:\wamp\www\oop\tp_t\home\Runtime\Cache\dddf1b2d3634e21399753b7b65c08d54.php 第 27 行.
INFO: Run ParseTemplate Behavior [ RunTime:0.025154s ]
INFO: [ view_parse ] --END-- [ RunTime:0.025362s ]
INFO: [ view_filter ] --START--
INFO: Run ContentReplace Behavior [ RunTime:0.001362s ]
INFO: Run TokenBuild Behavior [ RunTime:0.001155s ]
INFO: Run WriteHtmlCache Behavior [ RunTime:0.000839s ]
INFO: Run ShowRuntime Behavior [ RunTime:0.001326s ]
INFO: [ view_filter ] --END-- [ RunTime:0.005315s ]
INFO: [ view_end ] --START--
INFO: Run ShowPageTrace Behavior [ RunTime:0.001425s ]
INFO: [ view_end ] --END-- [ RunTime:0.001657s ]

[ 2015-05-07T15:52:23+08:00 ] 0.0.0.0 /oop/tp_t/index.php
INFO: [ app_begin ] --START--
INFO: Run ReadHtmlCache Behavior [ RunTime:0.001351s ]
INFO: [ app_begin ] --END-- [ RunTime:0.001600s ]
SQL: SHOW COLUMNS FROM `album_type` [ RunTime:0.007588s ]
SQL: SELECT * FROM `album_type` ORDER BY sort desc LIMIT 4   [ RunTime:0.000816s ]
SQL: SHOW COLUMNS FROM `album` [ RunTime:0.007362s ]
SQL: SELECT album.*,userinfo.nickname FROM `album` LEFT JOIN userinfo on album.uid=userinfo.id WHERE ( album.t_id=3 ) ORDER BY album.id desc LIMIT 4   [ RunTime:0.000897s ]
SQL: SELECT album.*,userinfo.nickname FROM `album` LEFT JOIN userinfo on album.uid=userinfo.id WHERE ( album.t_id=1 ) ORDER BY album.id desc LIMIT 4   [ RunTime:0.000765s ]
SQL: SELECT album.*,userinfo.nickname FROM `album` LEFT JOIN userinfo on album.uid=userinfo.id WHERE ( album.t_id=2 ) ORDER BY album.id desc LIMIT 4   [ RunTime:0.000982s ]
SQL: SELECT album.*,userinfo.nickname FROM `album` LEFT JOIN userinfo on album.uid=userinfo.id WHERE ( album.t_id=5 ) ORDER BY album.id desc LIMIT 4   [ RunTime:0.000822s ]
INFO: [ view_template ] --START--
INFO: Run LocationTemplate Behavior [ RunTime:0.002306s ]
INFO: [ view_template ] --END-- [ RunTime:0.002529s ]
INFO: [ view_parse ] --START--
INFO: Run ParseTemplate Behavior [ RunTime:0.030927s ]
INFO: [ view_parse ] --END-- [ RunTime:0.031257s ]
INFO: [ view_filter ] --START--
INFO: Run ContentReplace Behavior [ RunTime:0.001173s ]
INFO: Run TokenBuild Behavior [ RunTime:0.000978s ]
INFO: Run WriteHtmlCache Behavior [ RunTime:0.000760s ]
INFO: Run ShowRuntime Behavior [ RunTime:0.001255s ]
INFO: [ view_filter ] --END-- [ RunTime:0.004762s ]
INFO: [ view_end ] --START--
INFO: Run ShowPageTrace Behavior [ RunTime:0.001379s ]
INFO: [ view_end ] --END-- [ RunTime:0.001605s ]

[ 2015-05-07T15:52:27+08:00 ] 0.0.0.0 /oop/tp_t/index.php/User/index/
INFO: [ route_check ] --START--
INFO: Run CheckRoute Behavior [ RunTime:0.001908s ]
INFO: [ route_check ] --END-- [ RunTime:0.002221s ]
INFO: [ app_begin ] --START--
INFO: Run ReadHtmlCache Behavior [ RunTime:0.001348s ]
INFO: [ app_begin ] --END-- [ RunTime:0.001585s ]
NOTIC: [8] Undefined index: atype D:\wamp\www\oop\tp_t\home\Lib\Action\UserAction.class.php 第 13 行.
SQL: SHOW COLUMNS FROM `album` [ RunTime:0.007495s ]
SQL: SELECT COUNT(*) AS tp_count FROM `album` WHERE ( album.uid=1 ) LIMIT 1   [ RunTime:0.001594s ]
SQL: SELECT album.*,album_type.t_name FROM `album` LEFT JOIN album_type on album.t_id=album_type.id WHERE ( album.uid=1 ) ORDER BY id desc LIMIT 0,4   [ RunTime:0.000749s ]
INFO: [ view_template ] --START--
INFO: Run LocationTemplate Behavior [ RunTime:0.006342s ]
INFO: [ view_template ] --END-- [ RunTime:0.006801s ]
INFO: [ view_parse ] --START--
INFO: Run ParseTemplate Behavior [ RunTime:0.099066s ]
INFO: [ view_parse ] --END-- [ RunTime:0.099534s ]
INFO: [ view_filter ] --START--
INFO: Run ContentReplace Behavior [ RunTime:0.001378s ]
INFO: Run TokenBuild Behavior [ RunTime:0.001163s ]
INFO: Run WriteHtmlCache Behavior [ RunTime:0.000854s ]
INFO: Run ShowRuntime Behavior [ RunTime:0.001422s ]
INFO: [ view_filter ] --END-- [ RunTime:0.005474s ]
INFO: [ view_end ] --START--
INFO: Run ShowPageTrace Behavior [ RunTime:0.001496s ]
INFO: [ view_end ] --END-- [ RunTime:0.001705s ]

[ 2015-05-07T15:52:33+08:00 ] 0.0.0.0 /oop/tp_t/index.php/User/add_photo/
INFO: [ route_check ] --START--
INFO: Run CheckRoute Behavior [ RunTime:0.001710s ]
INFO: [ route_check ] --END-- [ RunTime:0.001954s ]
INFO: [ app_begin ] --START--
INFO: Run ReadHtmlCache Behavior [ RunTime:0.001418s ]
INFO: [ app_begin ] --END-- [ RunTime:0.001631s ]
SQL: SHOW COLUMNS FROM `album` [ RunTime:0.006940s ]
SQL: SELECT * FROM `album` ORDER BY id desc  [ RunTime:0.000962s ]
INFO: [ view_template ] --START--
INFO: Run LocationTemplate Behavior [ RunTime:0.002339s ]
INFO: [ view_template ] --END-- [ RunTime:0.002593s ]
INFO: [ view_parse ] --START--
INFO: Run ParseTemplate Behavior [ RunTime:0.053328s ]
INFO: [ view_parse ] --END-- [ RunTime:0.053556s ]
INFO: [ view_filter ] --START--
INFO: Run ContentReplace Behavior [ RunTime:0.001125s ]
INFO: Run TokenBuild Behavior [ RunTime:0.001102s ]
INFO: Run WriteHtmlCache Behavior [ RunTime:0.000837s ]
INFO: Run ShowRuntime Behavior [ RunTime:0.001425s ]
INFO: [ view_filter ] --END-- [ RunTime:0.005051s ]
INFO: [ view_end ] --START--
INFO: Run ShowPageTrace Behavior [ RunTime:0.001511s ]
INFO: [ view_end ] --END-- [ RunTime:0.001714s ]

[ 2015-05-07T16:11:04+08:00 ] 0.0.0.0 /oop/tp_t/index.php/User/add_photo/
INFO: [ route_check ] --START--
INFO: Run CheckRoute Behavior [ RunTime:0.001848s ]
INFO: [ route_check ] --END-- [ RunTime:0.002144s ]
INFO: [ app_begin ] --START--
INFO: Run ReadHtmlCache Behavior [ RunTime:0.001433s ]
INFO: [ app_begin ] --END-- [ RunTime:0.001644s ]
SQL: SHOW COLUMNS FROM `album` [ RunTime:0.009877s ]
SQL: SELECT * FROM `album` ORDER BY id desc  [ RunTime:0.001633s ]
INFO: [ view_template ] --START--
INFO: Run LocationTemplate Behavior [ RunTime:0.003208s ]
INFO: [ view_template ] --END-- [ RunTime:0.003612s ]
INFO: [ view_parse ] --START--
INFO: Run ParseTemplate Behavior [ RunTime:0.037838s ]
INFO: [ view_parse ] --END-- [ RunTime:0.038241s ]
INFO: [ view_filter ] --START--
INFO: Run ContentReplace Behavior [ RunTime:0.001563s ]
INFO: Run TokenBuild Behavior [ RunTime:0.001788s ]
INFO: Run WriteHtmlCache Behavior [ RunTime:0.001115s ]
INFO: Run ShowRuntime Behavior [ RunTime:0.001837s ]
INFO: [ view_filter ] --END-- [ RunTime:0.007545s ]
INFO: [ view_end ] --START--
INFO: Run ShowPageTrace Behavior [ RunTime:0.002163s ]
INFO: [ view_end ] --END-- [ RunTime:0.002694s ]

[ 2015-05-07T16:12:55+08:00 ] 0.0.0.0 /oop/tp_t/index.php/User/index
INFO: [ route_check ] --START--
INFO: Run CheckRoute Behavior [ RunTime:0.003380s ]
INFO: [ route_check ] --END-- [ RunTime:0.003649s ]
INFO: [ app_begin ] --START--
INFO: Run ReadHtmlCache Behavior [ RunTime:0.003699s ]
INFO: [ app_begin ] --END-- [ RunTime:0.004031s ]
NOTIC: [8] Undefined index: atype D:\wamp\www\oop\tp_t\home\Lib\Action\UserAction.class.php 第 13 行.
SQL: SHOW COLUMNS FROM `album` [ RunTime:0.007698s ]
SQL: SELECT COUNT(*) AS tp_count FROM `album` WHERE ( album.uid=1 ) LIMIT 1   [ RunTime:0.000807s ]
SQL: SELECT album.*,album_type.t_name FROM `album` LEFT JOIN album_type on album.t_id=album_type.id WHERE ( album.uid=1 ) ORDER BY id desc LIMIT 0,4   [ RunTime:0.000815s ]
INFO: [ view_template ] --START--
INFO: Run LocationTemplate Behavior [ RunTime:0.003471s ]
INFO: [ view_template ] --END-- [ RunTime:0.003697s ]
INFO: [ view_parse ] --START--
INFO: Run ParseTemplate Behavior [ RunTime:0.029928s ]
INFO: [ view_parse ] --END-- [ RunTime:0.030191s ]
INFO: [ view_filter ] --START--
INFO: Run ContentReplace Behavior [ RunTime:0.002154s ]
INFO: Run TokenBuild Behavior [ RunTime:0.002184s ]
INFO: Run WriteHtmlCache Behavior [ RunTime:0.002166s ]
INFO: Run ShowRuntime Behavior [ RunTime:0.002836s ]
INFO: [ view_filter ] --END-- [ RunTime:0.009986s ]
INFO: [ view_end ] --START--
INFO: Run ShowPageTrace Behavior [ RunTime:0.002696s ]
INFO: [ view_end ] --END-- [ RunTime:0.002957s ]

[ 2015-05-07T16:13:05+08:00 ] 0.0.0.0 /oop/tp_t/index.php
INFO: [ app_begin ] --START--
INFO: Run ReadHtmlCache Behavior [ RunTime:0.002356s ]
INFO: [ app_begin ] --END-- [ RunTime:0.002589s ]
SQL: SHOW COLUMNS FROM `album_type` [ RunTime:0.008319s ]
SQL: SELECT * FROM `album_type` ORDER BY sort desc LIMIT 4   [ RunTime:0.000972s ]
SQL: SHOW COLUMNS FROM `album` [ RunTime:0.007935s ]
SQL: SELECT album.*,userinfo.nickname FROM `album` LEFT JOIN userinfo on album.uid=userinfo.id WHERE ( album.t_id=3 ) ORDER BY album.id desc LIMIT 4   [ RunTime:0.000855s ]
SQL: SELECT album.*,userinfo.nickname FROM `album` LEFT JOIN userinfo on album.uid=userinfo.id WHERE ( album.t_id=1 ) ORDER BY album.id desc LIMIT 4   [ RunTime:0.000933s ]
SQL: SELECT album.*,userinfo.nickname FROM `album` LEFT JOIN userinfo on album.uid=userinfo.id WHERE ( album.t_id=2 ) ORDER BY album.id desc LIMIT 4   [ RunTime:0.000903s ]
SQL: SELECT album.*,userinfo.nickname FROM `album` LEFT JOIN userinfo on album.uid=userinfo.id WHERE ( album.t_id=5 ) ORDER BY album.id desc LIMIT 4   [ RunTime:0.000981s ]
INFO: [ view_template ] --START--
INFO: Run LocationTemplate Behavior [ RunTime:0.003212s ]
INFO: [ view_template ] --END-- [ RunTime:0.003445s ]
INFO: [ view_parse ] --START--
INFO: Run ParseTemplate Behavior [ RunTime:0.031480s ]
INFO: [ view_parse ] --END-- [ RunTime:0.031737s ]
INFO: [ view_filter ] --START--
INFO: Run ContentReplace Behavior [ RunTime:0.002402s ]
INFO: Run TokenBuild Behavior [ RunTime:0.001921s ]
INFO: Run WriteHtmlCache Behavior [ RunTime:0.001678s ]
INFO: Run ShowRuntime Behavior [ RunTime:0.002071s ]
INFO: [ view_filter ] --END-- [ RunTime:0.008745s ]
INFO: [ view_end ] --START--
INFO: Run ShowPageTrace Behavior [ RunTime:0.002248s ]
INFO: [ view_end ] --END-- [ RunTime:0.002453s ]

[ 2015-05-07T16:14:44+08:00 ] 0.0.0.0 /oop/tp_t/index.php
INFO: [ app_begin ] --START--
INFO: Run ReadHtmlCache Behavior [ RunTime:0.002190s ]
INFO: [ app_begin ] --END-- [ RunTime:0.002425s ]
SQL: SHOW COLUMNS FROM `album_type` [ RunTime:0.008847s ]
SQL: SELECT * FROM `album_type` ORDER BY sort desc LIMIT 4   [ RunTime:0.000871s ]
SQL: SHOW COLUMNS FROM `album` [ RunTime:0.007092s ]
SQL: SELECT album.*,userinfo.nickname FROM `album` LEFT JOIN userinfo on album.uid=userinfo.id WHERE ( album.t_id=3 ) ORDER BY album.id desc LIMIT 4   [ RunTime:0.000933s ]
SQL: SELECT album.*,userinfo.nickname FROM `album` LEFT JOIN userinfo on album.uid=userinfo.id WHERE ( album.t_id=1 ) ORDER BY album.id desc LIMIT 4   [ RunTime:0.000776s ]
SQL: SELECT album.*,userinfo.nickname FROM `album` LEFT JOIN userinfo on album.uid=userinfo.id WHERE ( album.t_id=2 ) ORDER BY album.id desc LIMIT 4   [ RunTime:0.000808s ]
SQL: SELECT album.*,userinfo.nickname FROM `album` LEFT JOIN userinfo on album.uid=userinfo.id WHERE ( album.t_id=5 ) ORDER BY album.id desc LIMIT 4   [ RunTime:0.000790s ]
INFO: [ view_template ] --START--
INFO: Run LocationTemplate Behavior [ RunTime:0.002925s ]
INFO: [ view_template ] --END-- [ RunTime:0.003147s ]
INFO: [ view_parse ] --START--
INFO: Run ParseTemplate Behavior [ RunTime:0.032359s ]
INFO: [ view_parse ] --END-- [ RunTime:0.032645s ]
INFO: [ view_filter ] --START--
INFO: Run ContentReplace Behavior [ RunTime:0.002186s ]
INFO: Run TokenBuild Behavior [ RunTime:0.001987s ]
INFO: Run WriteHtmlCache Behavior [ RunTime:0.001714s ]
INFO: Run ShowRuntime Behavior [ RunTime:0.002200s ]
INFO: [ view_filter ] --END-- [ RunTime:0.008706s ]
INFO: [ view_end ] --START--
INFO: Run ShowPageTrace Behavior [ RunTime:0.002238s ]
INFO: [ view_end ] --END-- [ RunTime:0.002451s ]

[ 2015-05-07T16:15:12+08:00 ] 0.0.0.0 /oop/tp_t/index.php/Album/lists
INFO: [ route_check ] --START--
INFO: Run CheckRoute Behavior [ RunTime:0.002982s ]
INFO: [ route_check ] --END-- [ RunTime:0.003369s ]
INFO: [ app_begin ] --START--
INFO: Run ReadHtmlCache Behavior [ RunTime:0.001937s ]
INFO: [ app_begin ] --END-- [ RunTime:0.002201s ]
NOTIC: [8] Undefined index: atype D:\wamp\www\oop\tp_t\home\Lib\Action\AlbumAction.class.php 第 7 行.
SQL: SHOW COLUMNS FROM `album` [ RunTime:0.008028s ]
NOTIC: [2] Invalid argument supplied for foreach() D:\wamp\www\oop\tp_t\ThinkPHP\Lib\Core\Db.class.php 第 391 行.
SQL: SELECT COUNT(*) AS tp_count FROM `album` LIMIT 1   [ RunTime:0.000740s ]
NOTIC: [2] Invalid argument supplied for foreach() D:\wamp\www\oop\tp_t\ThinkPHP\Lib\Core\Db.class.php 第 391 行.
SQL: SELECT album.*,album_type.t_name,userinfo.nickname FROM `album` LEFT JOIN album_type on album.t_id=album_type.id LEFT JOIN userinfo on album.uid=userinfo.id ORDER BY album.id desc LIMIT 0,4   [ RunTime:0.000838s ]
INFO: [ view_template ] --START--
INFO: Run LocationTemplate Behavior [ RunTime:0.003675s ]
INFO: [ view_template ] --END-- [ RunTime:0.004036s ]
INFO: [ view_parse ] --START--
INFO: Run ParseTemplate Behavior [ RunTime:0.075599s ]
INFO: [ view_parse ] --END-- [ RunTime:0.076048s ]
INFO: [ view_filter ] --START--
INFO: Run ContentReplace Behavior [ RunTime:0.001953s ]
INFO: Run TokenBuild Behavior [ RunTime:0.001827s ]
INFO: Run WriteHtmlCache Behavior [ RunTime:0.001413s ]
INFO: Run ShowRuntime Behavior [ RunTime:0.002480s ]
INFO: [ view_filter ] --END-- [ RunTime:0.008350s ]
INFO: [ view_end ] --START--
INFO: Run ShowPageTrace Behavior [ RunTime:0.003390s ]
INFO: [ view_end ] --END-- [ RunTime:0.003705s ]

[ 2015-05-07T16:15:51+08:00 ] 0.0.0.0 /oop/tp_t/index.php/User/index/
INFO: [ route_check ] --START--
INFO: Run CheckRoute Behavior [ RunTime:0.004122s ]
INFO: [ route_check ] --END-- [ RunTime:0.004599s ]
INFO: [ app_begin ] --START--
INFO: Run ReadHtmlCache Behavior [ RunTime:0.002558s ]
INFO: [ app_begin ] --END-- [ RunTime:0.002879s ]
NOTIC: [8] Undefined index: atype D:\wamp\www\oop\tp_t\home\Lib\Action\UserAction.class.php 第 13 行.
SQL: SHOW COLUMNS FROM `album` [ RunTime:0.128355s ]
SQL: SELECT COUNT(*) AS tp_count FROM `album` WHERE ( album.uid=1 ) LIMIT 1   [ RunTime:0.000829s ]
SQL: SELECT album.*,album_type.t_name FROM `album` LEFT JOIN album_type on album.t_id=album_type.id WHERE ( album.uid=1 ) ORDER BY id desc LIMIT 0,4   [ RunTime:0.001018s ]
INFO: [ view_template ] --START--
INFO: Run LocationTemplate Behavior [ RunTime:0.002840s ]
INFO: [ view_template ] --END-- [ RunTime:0.003066s ]
INFO: [ view_parse ] --START--
INFO: Run ParseTemplate Behavior [ RunTime:0.029297s ]
INFO: [ view_parse ] --END-- [ RunTime:0.029589s ]
INFO: [ view_filter ] --START--
INFO: Run ContentReplace Behavior [ RunTime:0.002048s ]
INFO: Run TokenBuild Behavior [ RunTime:0.001862s ]
INFO: Run WriteHtmlCache Behavior [ RunTime:0.001590s ]
INFO: Run ShowRuntime Behavior [ RunTime:0.002015s ]
INFO: [ view_filter ] --END-- [ RunTime:0.008125s ]
INFO: [ view_end ] --START--
INFO: Run ShowPageTrace Behavior [ RunTime:0.002166s ]
INFO: [ view_end ] --END-- [ RunTime:0.002381s ]

[ 2015-05-07T16:15:55+08:00 ] 0.0.0.0 /oop/tp_t/index.php/User/add_photo/
INFO: [ route_check ] --START--
INFO: Run CheckRoute Behavior [ RunTime:0.003267s ]
INFO: [ route_check ] --END-- [ RunTime:0.003516s ]
INFO: [ app_begin ] --START--
INFO: Run ReadHtmlCache Behavior [ RunTime:0.002033s ]
INFO: [ app_begin ] --END-- [ RunTime:0.002267s ]
SQL: SHOW COLUMNS FROM `album` [ RunTime:0.007806s ]
SQL: SELECT * FROM `album` ORDER BY id desc  [ RunTime:0.001057s ]
INFO: [ view_template ] --START--
INFO: Run LocationTemplate Behavior [ RunTime:0.003037s ]
INFO: [ view_template ] --END-- [ RunTime:0.003293s ]
INFO: [ view_parse ] --START--
INFO: Run ParseTemplate Behavior [ RunTime:0.032049s ]
INFO: [ view_parse ] --END-- [ RunTime:0.032419s ]
INFO: [ view_filter ] --START--
INFO: Run ContentReplace Behavior [ RunTime:0.001871s ]
INFO: Run TokenBuild Behavior [ RunTime:0.001764s ]
INFO: Run WriteHtmlCache Behavior [ RunTime:0.002118s ]
INFO: Run ShowRuntime Behavior [ RunTime:0.002461s ]
INFO: [ view_filter ] --END-- [ RunTime:0.008963s ]
INFO: [ view_end ] --START--
INFO: Run ShowPageTrace Behavior [ RunTime:0.002447s ]
INFO: [ view_end ] --END-- [ RunTime:0.002739s ]

[ 2015-05-07T16:17:30+08:00 ] 0.0.0.0 /oop/tp_t/index.php/User/index
INFO: [ route_check ] --START--
INFO: Run CheckRoute Behavior [ RunTime:0.003586s ]
INFO: [ route_check ] --END-- [ RunTime:0.003970s ]
INFO: [ app_begin ] --START--
INFO: Run ReadHtmlCache Behavior [ RunTime:0.002056s ]
INFO: [ app_begin ] --END-- [ RunTime:0.002282s ]
NOTIC: [8] Undefined index: atype D:\wamp\www\oop\tp_t\home\Lib\Action\UserAction.class.php 第 13 行.
SQL: SHOW COLUMNS FROM `album` [ RunTime:0.007158s ]
SQL: SELECT COUNT(*) AS tp_count FROM `album` WHERE ( album.uid=1 ) LIMIT 1   [ RunTime:0.000694s ]
SQL: SELECT album.*,album_type.t_name FROM `album` LEFT JOIN album_type on album.t_id=album_type.id WHERE ( album.uid=1 ) ORDER BY id desc LIMIT 0,4   [ RunTime:0.001059s ]
INFO: [ view_template ] --START--
INFO: Run LocationTemplate Behavior [ RunTime:0.004026s ]
INFO: [ view_template ] --END-- [ RunTime:0.004412s ]
INFO: [ view_parse ] --START--
INFO: Run ParseTemplate Behavior [ RunTime:0.028785s ]
INFO: [ view_parse ] --END-- [ RunTime:0.029044s ]
INFO: [ view_filter ] --START--
INFO: Run ContentReplace Behavior [ RunTime:0.001910s ]
INFO: Run TokenBuild Behavior [ RunTime:0.001866s ]
INFO: Run WriteHtmlCache Behavior [ RunTime:0.001585s ]
INFO: Run ShowRuntime Behavior [ RunTime:0.002372s ]
INFO: [ view_filter ] --END-- [ RunTime:0.008308s ]
INFO: [ view_end ] --START--
INFO: Run ShowPageTrace Behavior [ RunTime:0.002119s ]
INFO: [ view_end ] --END-- [ RunTime:0.002373s ]

[ 2015-05-07T16:17:42+08:00 ] 0.0.0.0 /oop/tp_t/index.php/Album/album_photo/id/21
INFO: [ route_check ] --START--
INFO: Run CheckRoute Behavior [ RunTime:0.002430s ]
INFO: [ route_check ] --END-- [ RunTime:0.002672s ]
INFO: [ app_begin ] --START--
INFO: Run ReadHtmlCache Behavior [ RunTime:0.002961s ]
INFO: [ app_begin ] --END-- [ RunTime:0.003288s ]
SQL: SHOW COLUMNS FROM `album` [ RunTime:0.006933s ]
SQL: SELECT album.*,userinfo.nickname FROM `album` LEFT JOIN userinfo on album.uid=userinfo.id WHERE ( album.id=21 ) LIMIT 1   [ RunTime:0.001011s ]
SQL: SHOW COLUMNS FROM `photo` [ RunTime:0.009659s ]
SQL: SELECT * FROM `photo` WHERE ( photo.t_id=21 )  [ RunTime:0.001058s ]
INFO: [ view_template ] --START--
INFO: Run LocationTemplate Behavior [ RunTime:0.003802s ]
INFO: [ view_template ] --END-- [ RunTime:0.004174s ]
INFO: [ view_parse ] --START--
NOTIC: [8] Undefined variable: page D:\wamp\www\oop\tp_t\home\Runtime\Cache\02d69e70177c6eb2aaf9dab373f9b705.php 第 44 行.
INFO: Run ParseTemplate Behavior [ RunTime:0.105584s ]
INFO: [ view_parse ] --END-- [ RunTime:0.105943s ]
INFO: [ view_filter ] --START--
INFO: Run ContentReplace Behavior [ RunTime:0.002295s ]
INFO: Run TokenBuild Behavior [ RunTime:0.002734s ]
INFO: Run WriteHtmlCache Behavior [ RunTime:0.002625s ]
INFO: Run ShowRuntime Behavior [ RunTime:0.003368s ]
INFO: [ view_filter ] --END-- [ RunTime:0.012132s ]
INFO: [ view_end ] --START--
INFO: Run ShowPageTrace Behavior [ RunTime:0.002864s ]
INFO: [ view_end ] --END-- [ RunTime:0.003163s ]

[ 2015-05-07T16:17:49+08:00 ] 0.0.0.0 /oop/tp_t/index.php/Album/photo_detail/id/39
INFO: [ route_check ] --START--
INFO: Run CheckRoute Behavior [ RunTime:0.002450s ]
INFO: [ route_check ] --END-- [ RunTime:0.002720s ]
INFO: [ app_begin ] --START--
INFO: Run ReadHtmlCache Behavior [ RunTime:0.002329s ]
INFO: [ app_begin ] --END-- [ RunTime:0.002591s ]
SQL: SHOW COLUMNS FROM `photo` [ RunTime:0.006770s ]
SQL: SELECT * FROM `photo` WHERE ( id=39 ) LIMIT 1   [ RunTime:0.000757s ]
INFO: [ view_template ] --START--
INFO: Run LocationTemplate Behavior [ RunTime:0.003920s ]
INFO: [ view_template ] --END-- [ RunTime:0.004178s ]
INFO: [ view_parse ] --START--
NOTIC: [8] Undefined variable: tname D:\wamp\www\oop\tp_t\home\Runtime\Cache\ac9f65adab238f8a6b298290b301d97e.php 第 27 行.
INFO: Run ParseTemplate Behavior [ RunTime:0.026843s ]
INFO: [ view_parse ] --END-- [ RunTime:0.027059s ]
INFO: [ view_filter ] --START--
INFO: Run ContentReplace Behavior [ RunTime:0.001945s ]
INFO: Run TokenBuild Behavior [ RunTime:0.001895s ]
INFO: Run WriteHtmlCache Behavior [ RunTime:0.001757s ]
INFO: Run ShowRuntime Behavior [ RunTime:0.002723s ]
INFO: [ view_filter ] --END-- [ RunTime:0.008937s ]
INFO: [ view_end ] --START--
INFO: Run ShowPageTrace Behavior [ RunTime:0.002358s ]
INFO: [ view_end ] --END-- [ RunTime:0.002590s ]

[ 2015-05-07T16:22:18+08:00 ] 0.0.0.0 /oop/tp_t/index.php/User/index/
INFO: [ route_check ] --START--
INFO: Run CheckRoute Behavior [ RunTime:0.002998s ]
INFO: [ route_check ] --END-- [ RunTime:0.003283s ]
INFO: [ app_begin ] --START--
INFO: Run ReadHtmlCache Behavior [ RunTime:0.002195s ]
INFO: [ app_begin ] --END-- [ RunTime:0.002428s ]
NOTIC: [8] Undefined index: atype D:\wamp\www\oop\tp_t\home\Lib\Action\UserAction.class.php 第 13 行.
SQL: SHOW COLUMNS FROM `album` [ RunTime:0.007468s ]
SQL: SELECT COUNT(*) AS tp_count FROM `album` WHERE ( album.uid=1 ) LIMIT 1   [ RunTime:0.000873s ]
SQL: SELECT album.*,album_type.t_name FROM `album` LEFT JOIN album_type on album.t_id=album_type.id WHERE ( album.uid=1 ) ORDER BY id desc LIMIT 0,4   [ RunTime:0.000819s ]
INFO: [ view_template ] --START--
INFO: Run LocationTemplate Behavior [ RunTime:0.002839s ]
INFO: [ view_template ] --END-- [ RunTime:0.003087s ]
INFO: [ view_parse ] --START--
INFO: Run ParseTemplate Behavior [ RunTime:0.030190s ]
INFO: [ view_parse ] --END-- [ RunTime:0.030516s ]
INFO: [ view_filter ] --START--
INFO: Run ContentReplace Behavior [ RunTime:0.001930s ]
INFO: Run TokenBuild Behavior [ RunTime:0.001931s ]
INFO: Run WriteHtmlCache Behavior [ RunTime:0.001622s ]
INFO: Run ShowRuntime Behavior [ RunTime:0.002165s ]
INFO: [ view_filter ] --END-- [ RunTime:0.008423s ]
INFO: [ view_end ] --START--
INFO: Run ShowPageTrace Behavior [ RunTime:0.002290s ]
INFO: [ view_end ] --END-- [ RunTime:0.002569s ]

[ 2015-05-07T16:22:25+08:00 ] 0.0.0.0 /oop/tp_t/index.php/User/index/p/2
INFO: [ route_check ] --START--
INFO: Run CheckRoute Behavior [ RunTime:0.002641s ]
INFO: [ route_check ] --END-- [ RunTime:0.002954s ]
INFO: [ app_begin ] --START--
INFO: Run ReadHtmlCache Behavior [ RunTime:0.002173s ]
INFO: [ app_begin ] --END-- [ RunTime:0.002435s ]
NOTIC: [8] Undefined index: atype D:\wamp\www\oop\tp_t\home\Lib\Action\UserAction.class.php 第 13 行.
SQL: SHOW COLUMNS FROM `album` [ RunTime:0.007017s ]
SQL: SELECT COUNT(*) AS tp_count FROM `album` WHERE ( album.uid=1 ) LIMIT 1   [ RunTime:0.000810s ]
SQL: SELECT album.*,album_type.t_name FROM `album` LEFT JOIN album_type on album.t_id=album_type.id WHERE ( album.uid=1 ) ORDER BY id desc LIMIT 4,4   [ RunTime:0.000962s ]
INFO: [ view_template ] --START--
INFO: Run LocationTemplate Behavior [ RunTime:0.002797s ]
INFO: [ view_template ] --END-- [ RunTime:0.003025s ]
INFO: [ view_parse ] --START--
INFO: Run ParseTemplate Behavior [ RunTime:0.030171s ]
INFO: [ view_parse ] --END-- [ RunTime:0.030433s ]
INFO: [ view_filter ] --START--
INFO: Run ContentReplace Behavior [ RunTime:0.002180s ]
INFO: Run TokenBuild Behavior [ RunTime:0.002142s ]
INFO: Run WriteHtmlCache Behavior [ RunTime:0.001676s ]
INFO: Run ShowRuntime Behavior [ RunTime:0.002201s ]
INFO: [ view_filter ] --END-- [ RunTime:0.008905s ]
INFO: [ view_end ] --START--
INFO: Run ShowPageTrace Behavior [ RunTime:0.002200s ]
INFO: [ view_end ] --END-- [ RunTime:0.002423s ]

[ 2015-05-07T16:22:29+08:00 ] 0.0.0.0 /oop/tp_t/index.php/User/index/p/3
INFO: [ route_check ] --START--
INFO: Run CheckRoute Behavior [ RunTime:0.002410s ]
INFO: [ route_check ] --END-- [ RunTime:0.002665s ]
INFO: [ app_begin ] --START--
INFO: Run ReadHtmlCache Behavior [ RunTime:0.002209s ]
INFO: [ app_begin ] --END-- [ RunTime:0.002461s ]
NOTIC: [8] Undefined index: atype D:\wamp\www\oop\tp_t\home\Lib\Action\UserAction.class.php 第 13 行.
SQL: SHOW COLUMNS FROM `album` [ RunTime:0.008971s ]
SQL: SELECT COUNT(*) AS tp_count FROM `album` WHERE ( album.uid=1 ) LIMIT 1   [ RunTime:0.000792s ]
SQL: SELECT album.*,album_type.t_name FROM `album` LEFT JOIN album_type on album.t_id=album_type.id WHERE ( album.uid=1 ) ORDER BY id desc LIMIT 8,4   [ RunTime:0.000882s ]
INFO: [ view_template ] --START--
INFO: Run LocationTemplate Behavior [ RunTime:0.002637s ]
INFO: [ view_template ] --END-- [ RunTime:0.002850s ]
INFO: [ view_parse ] --START--
INFO: Run ParseTemplate Behavior [ RunTime:0.029021s ]
INFO: [ view_parse ] --END-- [ RunTime:0.029273s ]
INFO: [ view_filter ] --START--
INFO: Run ContentReplace Behavior [ RunTime:0.001915s ]
INFO: Run TokenBuild Behavior [ RunTime:0.001811s ]
INFO: Run WriteHtmlCache Behavior [ RunTime:0.001551s ]
INFO: Run ShowRuntime Behavior [ RunTime:0.002028s ]
INFO: [ view_filter ] --END-- [ RunTime:0.007880s ]
INFO: [ view_end ] --START--
INFO: Run ShowPageTrace Behavior [ RunTime:0.004652s ]
INFO: [ view_end ] --END-- [ RunTime:0.005217s ]

[ 2015-05-07T16:22:34+08:00 ] 0.0.0.0 /oop/tp_t/index.php/User/index/p/4
INFO: [ route_check ] --START--
INFO: Run CheckRoute Behavior [ RunTime:0.004356s ]
INFO: [ route_check ] --END-- [ RunTime:0.004690s ]
INFO: [ app_begin ] --START--
INFO: Run ReadHtmlCache Behavior [ RunTime:0.002045s ]
INFO: [ app_begin ] --END-- [ RunTime:0.002309s ]
NOTIC: [8] Undefined index: atype D:\wamp\www\oop\tp_t\home\Lib\Action\UserAction.class.php 第 13 行.
SQL: SHOW COLUMNS FROM `album` [ RunTime:0.008104s ]
SQL: SELECT COUNT(*) AS tp_count FROM `album` WHERE ( album.uid=1 ) LIMIT 1   [ RunTime:0.000784s ]
SQL: SELECT album.*,album_type.t_name FROM `album` LEFT JOIN album_type on album.t_id=album_type.id WHERE ( album.uid=1 ) ORDER BY id desc LIMIT 12,4   [ RunTime:0.000944s ]
INFO: [ view_template ] --START--
INFO: Run LocationTemplate Behavior [ RunTime:0.002796s ]
INFO: [ view_template ] --END-- [ RunTime:0.003015s ]
INFO: [ view_parse ] --START--
INFO: Run ParseTemplate Behavior [ RunTime:0.032515s ]
INFO: [ view_parse ] --END-- [ RunTime:0.032770s ]
INFO: [ view_filter ] --START--
INFO: Run ContentReplace Behavior [ RunTime:0.002007s ]
INFO: Run TokenBuild Behavior [ RunTime:0.001873s ]
INFO: Run WriteHtmlCache Behavior [ RunTime:0.001562s ]
INFO: Run ShowRuntime Behavior [ RunTime:0.002081s ]
INFO: [ view_filter ] --END-- [ RunTime:0.008112s ]
INFO: [ view_end ] --START--
INFO: Run ShowPageTrace Behavior [ RunTime:0.002189s ]
INFO: [ view_end ] --END-- [ RunTime:0.002408s ]

[ 2015-05-07T16:22:43+08:00 ] 0.0.0.0 /oop/tp_t/index.php/User/index/
INFO: [ route_check ] --START--
INFO: Run CheckRoute Behavior [ RunTime:0.002447s ]
INFO: [ route_check ] --END-- [ RunTime:0.002686s ]
INFO: [ app_begin ] --START--
INFO: Run ReadHtmlCache Behavior [ RunTime:0.002163s ]
INFO: [ app_begin ] --END-- [ RunTime:0.002402s ]
NOTIC: [8] Undefined index: atype D:\wamp\www\oop\tp_t\home\Lib\Action\UserAction.class.php 第 13 行.
SQL: SHOW COLUMNS FROM `album` [ RunTime:0.007160s ]
SQL: SELECT COUNT(*) AS tp_count FROM `album` WHERE ( album.uid=1 ) LIMIT 1   [ RunTime:0.000870s ]
SQL: SELECT album.*,album_type.t_name FROM `album` LEFT JOIN album_type on album.t_id=album_type.id WHERE ( album.uid=1 ) ORDER BY id desc LIMIT 0,4   [ RunTime:0.000823s ]
INFO: [ view_template ] --START--
INFO: Run LocationTemplate Behavior [ RunTime:0.002728s ]
INFO: [ view_template ] --END-- [ RunTime:0.002957s ]
INFO: [ view_parse ] --START--
INFO: Run ParseTemplate Behavior [ RunTime:0.029214s ]
INFO: [ view_parse ] --END-- [ RunTime:0.029566s ]
INFO: [ view_filter ] --START--
INFO: Run ContentReplace Behavior [ RunTime:0.002376s ]
INFO: Run TokenBuild Behavior [ RunTime:0.002122s ]
INFO: Run WriteHtmlCache Behavior [ RunTime:0.002072s ]
INFO: Run ShowRuntime Behavior [ RunTime:0.002536s ]
INFO: [ view_filter ] --END-- [ RunTime:0.010128s ]
INFO: [ view_end ] --START--
INFO: Run ShowPageTrace Behavior [ RunTime:0.003254s ]
INFO: [ view_end ] --END-- [ RunTime:0.003554s ]

[ 2015-05-07T16:24:14+08:00 ] 0.0.0.0 /oop/tp_t/index.php/User/index/
INFO: [ route_check ] --START--
INFO: Run CheckRoute Behavior [ RunTime:0.003356s ]
INFO: [ route_check ] --END-- [ RunTime:0.003883s ]
INFO: [ app_begin ] --START--
INFO: Run ReadHtmlCache Behavior [ RunTime:0.002421s ]
INFO: [ app_begin ] --END-- [ RunTime:0.002757s ]
NOTIC: [8] Undefined index: atype D:\wamp\www\oop\tp_t\home\Lib\Action\UserAction.class.php 第 13 行.
SQL: SHOW COLUMNS FROM `album` [ RunTime:0.007654s ]
SQL: SELECT COUNT(*) AS tp_count FROM `album` WHERE ( album.uid=1 ) LIMIT 1   [ RunTime:0.000828s ]
SQL: SELECT album.*,album_type.t_name FROM `album` LEFT JOIN album_type on album.t_id=album_type.id WHERE ( album.uid=1 ) ORDER BY id desc LIMIT 0,4   [ RunTime:0.000804s ]
INFO: [ view_template ] --START--
INFO: Run LocationTemplate Behavior [ RunTime:0.002698s ]
INFO: [ view_template ] --END-- [ RunTime:0.002974s ]
INFO: [ view_parse ] --START--
INFO: Run ParseTemplate Behavior [ RunTime:0.030122s ]
INFO: [ view_parse ] --END-- [ RunTime:0.030396s ]
INFO: [ view_filter ] --START--
INFO: Run ContentReplace Behavior [ RunTime:0.002052s ]
INFO: Run TokenBuild Behavior [ RunTime:0.002224s ]
INFO: Run WriteHtmlCache Behavior [ RunTime:0.001516s ]
INFO: Run ShowRuntime Behavior [ RunTime:0.002042s ]
INFO: [ view_filter ] --END-- [ RunTime:0.008516s ]
INFO: [ view_end ] --START--
INFO: Run ShowPageTrace Behavior [ RunTime:0.002129s ]
INFO: [ view_end ] --END-- [ RunTime:0.002370s ]

[ 2015-05-07T16:24:36+08:00 ] 0.0.0.0 /oop/tp_t/index.php/User/index/
INFO: [ route_check ] --START--
INFO: Run CheckRoute Behavior [ RunTime:0.003566s ]
INFO: [ route_check ] --END-- [ RunTime:0.003920s ]
INFO: [ app_begin ] --START--
INFO: Run ReadHtmlCache Behavior [ RunTime:0.002977s ]
INFO: [ app_begin ] --END-- [ RunTime:0.003364s ]
NOTIC: [8] Undefined index: atype D:\wamp\www\oop\tp_t\home\Lib\Action\UserAction.class.php 第 13 行.
SQL: SHOW COLUMNS FROM `album` [ RunTime:0.007557s ]
SQL: SELECT COUNT(*) AS tp_count FROM `album` WHERE ( album.uid=1 ) LIMIT 1   [ RunTime:0.000783s ]
SQL: SELECT album.*,album_type.t_name FROM `album` LEFT JOIN album_type on album.t_id=album_type.id WHERE ( album.uid=1 ) ORDER BY id desc LIMIT 0,4   [ RunTime:0.000789s ]
INFO: [ view_template ] --START--
INFO: Run LocationTemplate Behavior [ RunTime:0.002929s ]
INFO: [ view_template ] --END-- [ RunTime:0.003184s ]
INFO: [ view_parse ] --START--
INFO: Run ParseTemplate Behavior [ RunTime:0.029090s ]
INFO: [ view_parse ] --END-- [ RunTime:0.029430s ]
INFO: [ view_filter ] --START--
INFO: Run ContentReplace Behavior [ RunTime:0.002010s ]
INFO: Run TokenBuild Behavior [ RunTime:0.002049s ]
INFO: Run WriteHtmlCache Behavior [ RunTime:0.001624s ]
INFO: Run ShowRuntime Behavior [ RunTime:0.001996s ]
INFO: [ view_filter ] --END-- [ RunTime:0.008252s ]
INFO: [ view_end ] --START--
INFO: Run ShowPageTrace Behavior [ RunTime:0.002208s ]
INFO: [ view_end ] --END-- [ RunTime:0.002410s ]

[ 2015-05-07T16:26:58+08:00 ] 0.0.0.0 /oop/tp_t/index.php/Album/album_photo/id/25
INFO: [ route_check ] --START--
INFO: Run CheckRoute Behavior [ RunTime:0.002690s ]
INFO: [ route_check ] --END-- [ RunTime:0.003002s ]
INFO: [ app_begin ] --START--
INFO: Run ReadHtmlCache Behavior [ RunTime:0.002054s ]
INFO: [ app_begin ] --END-- [ RunTime:0.002323s ]
SQL: SHOW COLUMNS FROM `album` [ RunTime:0.007465s ]
SQL: SELECT album.*,userinfo.nickname FROM `album` LEFT JOIN userinfo on album.uid=userinfo.id WHERE ( album.id=25 ) LIMIT 1   [ RunTime:0.000954s ]
SQL: SHOW COLUMNS FROM `photo` [ RunTime:0.007244s ]
SQL: SELECT * FROM `photo` WHERE ( photo.t_id=25 )  [ RunTime:0.000802s ]
INFO: [ view_template ] --START--
INFO: Run LocationTemplate Behavior [ RunTime:0.002721s ]
INFO: [ view_template ] --END-- [ RunTime:0.002947s ]
INFO: [ view_parse ] --START--
NOTIC: [8] Undefined variable: page D:\wamp\www\oop\tp_t\home\Runtime\Cache\02d69e70177c6eb2aaf9dab373f9b705.php 第 44 行.
INFO: Run ParseTemplate Behavior [ RunTime:0.031116s ]
INFO: [ view_parse ] --END-- [ RunTime:0.031463s ]
INFO: [ view_filter ] --START--
INFO: Run ContentReplace Behavior [ RunTime:0.002293s ]
INFO: Run TokenBuild Behavior [ RunTime:0.002527s ]
INFO: Run WriteHtmlCache Behavior [ RunTime:0.001493s ]
INFO: Run ShowRuntime Behavior [ RunTime:0.001967s ]
INFO: [ view_filter ] --END-- [ RunTime:0.009262s ]
INFO: [ view_end ] --START--
INFO: Run ShowPageTrace Behavior [ RunTime:0.002187s ]
INFO: [ view_end ] --END-- [ RunTime:0.002416s ]

[ 2015-05-07T16:27:20+08:00 ] 0.0.0.0 /oop/tp_t/index.php/Album/photo_detail/id/36
INFO: [ route_check ] --START--
INFO: Run CheckRoute Behavior [ RunTime:0.002532s ]
INFO: [ route_check ] --END-- [ RunTime:0.002807s ]
INFO: [ app_begin ] --START--
INFO: Run ReadHtmlCache Behavior [ RunTime:0.002007s ]
INFO: [ app_begin ] --END-- [ RunTime:0.002232s ]
SQL: SHOW COLUMNS FROM `photo` [ RunTime:0.008055s ]
SQL: SELECT * FROM `photo` WHERE ( id=36 ) LIMIT 1   [ RunTime:0.000667s ]
INFO: [ view_template ] --START--
INFO: Run LocationTemplate Behavior [ RunTime:0.002904s ]
INFO: [ view_template ] --END-- [ RunTime:0.003230s ]
INFO: [ view_parse ] --START--
NOTIC: [8] Undefined variable: tname D:\wamp\www\oop\tp_t\home\Runtime\Cache\ac9f65adab238f8a6b298290b301d97e.php 第 27 行.
INFO: Run ParseTemplate Behavior [ RunTime:0.024033s ]
INFO: [ view_parse ] --END-- [ RunTime:0.024253s ]
INFO: [ view_filter ] --START--
INFO: Run ContentReplace Behavior [ RunTime:0.001891s ]
INFO: Run TokenBuild Behavior [ RunTime:0.001891s ]
INFO: Run WriteHtmlCache Behavior [ RunTime:0.001613s ]
INFO: Run ShowRuntime Behavior [ RunTime:0.005072s ]
INFO: [ view_filter ] --END-- [ RunTime:0.011234s ]
INFO: [ view_end ] --START--
INFO: Run ShowPageTrace Behavior [ RunTime:0.003009s ]
INFO: [ view_end ] --END-- [ RunTime:0.003436s ]

[ 2015-05-07T16:27:45+08:00 ] 0.0.0.0 /oop/tp_t/index.php/User/add_album/
INFO: [ route_check ] --START--
INFO: Run CheckRoute Behavior [ RunTime:0.002539s ]
INFO: [ route_check ] --END-- [ RunTime:0.002862s ]
INFO: [ app_begin ] --START--
INFO: Run ReadHtmlCache Behavior [ RunTime:0.003544s ]
INFO: [ app_begin ] --END-- [ RunTime:0.004096s ]
SQL: SHOW COLUMNS FROM `album_type` [ RunTime:0.008273s ]
SQL: SELECT * FROM `album_type`  [ RunTime:0.000815s ]
INFO: [ view_template ] --START--
INFO: Run LocationTemplate Behavior [ RunTime:0.003243s ]
INFO: [ view_template ] --END-- [ RunTime:0.003551s ]
INFO: [ view_parse ] --START--
INFO: Run ParseTemplate Behavior [ RunTime:0.096286s ]
INFO: [ view_parse ] --END-- [ RunTime:0.096590s ]
INFO: [ view_filter ] --START--
INFO: Run ContentReplace Behavior [ RunTime:0.001816s ]
INFO: Run TokenBuild Behavior [ RunTime:0.001809s ]
INFO: Run WriteHtmlCache Behavior [ RunTime:0.001562s ]
INFO: Run ShowRuntime Behavior [ RunTime:0.001996s ]
INFO: [ view_filter ] --END-- [ RunTime:0.007749s ]
INFO: [ view_end ] --START--
INFO: Run ShowPageTrace Behavior [ RunTime:0.002211s ]
INFO: [ view_end ] --END-- [ RunTime:0.002408s ]

[ 2015-05-07T16:28:33+08:00 ] 0.0.0.0 /oop/tp_t/index.php/User/index/
INFO: [ route_check ] --START--
INFO: Run CheckRoute Behavior [ RunTime:0.003031s ]
INFO: [ route_check ] --END-- [ RunTime:0.003365s ]
INFO: [ app_begin ] --START--
INFO: Run ReadHtmlCache Behavior [ RunTime:0.003038s ]
INFO: [ app_begin ] --END-- [ RunTime:0.003393s ]
NOTIC: [8] Undefined index: atype D:\wamp\www\oop\tp_t\home\Lib\Action\UserAction.class.php 第 13 行.
SQL: SHOW COLUMNS FROM `album` [ RunTime:0.070305s ]
SQL: SELECT COUNT(*) AS tp_count FROM `album` WHERE ( album.uid=1 ) LIMIT 1   [ RunTime:0.000781s ]
SQL: SELECT album.*,album_type.t_name FROM `album` LEFT JOIN album_type on album.t_id=album_type.id WHERE ( album.uid=1 ) ORDER BY id desc LIMIT 0,4   [ RunTime:0.000846s ]
INFO: [ view_template ] --START--
INFO: Run LocationTemplate Behavior [ RunTime:0.002610s ]
INFO: [ view_template ] --END-- [ RunTime:0.002874s ]
INFO: [ view_parse ] --START--
INFO: Run ParseTemplate Behavior [ RunTime:0.029629s ]
INFO: [ view_parse ] --END-- [ RunTime:0.029924s ]
INFO: [ view_filter ] --START--
INFO: Run ContentReplace Behavior [ RunTime:0.002241s ]
INFO: Run TokenBuild Behavior [ RunTime:0.002314s ]
INFO: Run WriteHtmlCache Behavior [ RunTime:0.002195s ]
INFO: Run ShowRuntime Behavior [ RunTime:0.001982s ]
INFO: [ view_filter ] --END-- [ RunTime:0.009480s ]
INFO: [ view_end ] --START--
INFO: Run ShowPageTrace Behavior [ RunTime:0.002277s ]
INFO: [ view_end ] --END-- [ RunTime:0.002540s ]

[ 2015-05-07T16:34:30+08:00 ] 0.0.0.0 /oop/tp_t/index.php/User/index/
INFO: [ route_check ] --START--
INFO: Run CheckRoute Behavior [ RunTime:0.003584s ]
INFO: [ route_check ] --END-- [ RunTime:0.003987s ]
INFO: [ app_begin ] --START--
INFO: Run ReadHtmlCache Behavior [ RunTime:0.002663s ]
INFO: [ app_begin ] --END-- [ RunTime:0.002936s ]
NOTIC: [8] Undefined index: atype D:\wamp\www\oop\tp_t\home\Lib\Action\UserAction.class.php 第 13 行.
SQL: SHOW COLUMNS FROM `album` [ RunTime:0.010605s ]
SQL: SELECT COUNT(*) AS tp_count FROM `album` WHERE ( album.uid=1 ) LIMIT 1   [ RunTime:0.001020s ]
SQL: SELECT album.*,album_type.t_name FROM `album` LEFT JOIN album_type on album.t_id=album_type.id WHERE ( album.uid=1 ) ORDER BY id desc LIMIT 0,4   [ RunTime:0.000900s ]
INFO: [ view_template ] --START--
INFO: Run LocationTemplate Behavior [ RunTime:0.003232s ]
INFO: [ view_template ] --END-- [ RunTime:0.003555s ]
INFO: [ view_parse ] --START--
INFO: Run ParseTemplate Behavior [ RunTime:0.029895s ]
INFO: [ view_parse ] --END-- [ RunTime:0.030191s ]
INFO: [ view_filter ] --START--
INFO: Run ContentReplace Behavior [ RunTime:0.002607s ]
INFO: Run TokenBuild Behavior [ RunTime:0.001760s ]
INFO: Run WriteHtmlCache Behavior [ RunTime:0.005727s ]
INFO: Run ShowRuntime Behavior [ RunTime:0.002252s ]
INFO: [ view_filter ] --END-- [ RunTime:0.012959s ]
INFO: [ view_end ] --START--
INFO: Run ShowPageTrace Behavior [ RunTime:0.003148s ]
INFO: [ view_end ] --END-- [ RunTime:0.003501s ]

[ 2015-05-07T16:36:16+08:00 ] 0.0.0.0 /oop/tp_t/index.php/User/index/
INFO: [ route_check ] --START--
INFO: Run CheckRoute Behavior [ RunTime:0.002143s ]
INFO: [ route_check ] --END-- [ RunTime:0.002492s ]
INFO: [ app_begin ] --START--
INFO: Run ReadHtmlCache Behavior [ RunTime:0.001345s ]
INFO: [ app_begin ] --END-- [ RunTime:0.001575s ]
NOTIC: [8] Undefined index: atype D:\wamp\www\oop\tp_t\home\Lib\Action\UserAction.class.php 第 13 行.
SQL: SHOW COLUMNS FROM `album` [ RunTime:0.010170s ]
SQL: SELECT COUNT(*) AS tp_count FROM `album` WHERE ( album.uid=1 ) LIMIT 1   [ RunTime:0.000858s ]
SQL: SELECT album.*,album_type.t_name FROM `album` LEFT JOIN album_type on album.t_id=album_type.id WHERE ( album.uid=1 ) ORDER BY id desc LIMIT 0,4   [ RunTime:0.001096s ]
INFO: [ view_template ] --START--
INFO: Run LocationTemplate Behavior [ RunTime:0.002508s ]
INFO: [ view_template ] --END-- [ RunTime:0.002827s ]
INFO: [ view_parse ] --START--
INFO: Run ParseTemplate Behavior [ RunTime:0.032604s ]
INFO: [ view_parse ] --END-- [ RunTime:0.032967s ]
INFO: [ view_filter ] --START--
INFO: Run ContentReplace Behavior [ RunTime:0.001789s ]
INFO: Run TokenBuild Behavior [ RunTime:0.001332s ]
INFO: Run WriteHtmlCache Behavior [ RunTime:0.000864s ]
INFO: Run ShowRuntime Behavior [ RunTime:0.001950s ]
INFO: [ view_filter ] --END-- [ RunTime:0.006669s ]
INFO: [ view_end ] --START--
INFO: Run ShowPageTrace Behavior [ RunTime:0.001489s ]
INFO: [ view_end ] --END-- [ RunTime:0.001699s ]

[ 2015-05-07T16:37:15+08:00 ] 0.0.0.0 /oop/tp_t/index.php/User/index/
INFO: [ route_check ] --START--
INFO: Run CheckRoute Behavior [ RunTime:0.001787s ]
INFO: [ route_check ] --END-- [ RunTime:0.002080s ]
INFO: [ app_begin ] --START--
INFO: Run ReadHtmlCache Behavior [ RunTime:0.001389s ]
INFO: [ app_begin ] --END-- [ RunTime:0.001602s ]
NOTIC: [8] Undefined index: atype D:\wamp\www\oop\tp_t\home\Lib\Action\UserAction.class.php 第 13 行.
SQL: SHOW COLUMNS FROM `album` [ RunTime:0.008482s ]
SQL: SELECT COUNT(*) AS tp_count FROM `album` WHERE ( album.uid=1 ) LIMIT 1   [ RunTime:0.000905s ]
SQL: SELECT album.*,album_type.t_name FROM `album` LEFT JOIN album_type on album.t_id=album_type.id WHERE ( album.uid=1 ) ORDER BY id desc LIMIT 0,4   [ RunTime:0.001215s ]
INFO: [ view_template ] --START--
INFO: Run LocationTemplate Behavior [ RunTime:0.001091s ]
INFO: [ view_template ] --END-- [ RunTime:0.001302s ]
INFO: [ view_parse ] --START--
INFO: Run ParseTemplate Behavior [ RunTime:0.028224s ]
INFO: [ view_parse ] --END-- [ RunTime:0.028471s ]
INFO: [ view_filter ] --START--
INFO: Run ContentReplace Behavior [ RunTime:0.001156s ]
INFO: Run TokenBuild Behavior [ RunTime:0.001164s ]
INFO: Run WriteHtmlCache Behavior [ RunTime:0.000840s ]
INFO: Run ShowRuntime Behavior [ RunTime:0.001616s ]
INFO: [ view_filter ] --END-- [ RunTime:0.005761s ]
INFO: [ view_end ] --START--
INFO: Run ShowPageTrace Behavior [ RunTime:0.001417s ]
INFO: [ view_end ] --END-- [ RunTime:0.001692s ]

[ 2015-05-07T16:37:52+08:00 ] ERR: (ThinkException) 模板不存在[./home/Tpl/User/edit_album.html]
[ 2015-05-07T16:40:02+08:00 ] 0.0.0.0 /oop/tp_t/index.php/User/index/
INFO: [ route_check ] --START--
INFO: Run CheckRoute Behavior [ RunTime:0.002802s ]
INFO: [ route_check ] --END-- [ RunTime:0.003177s ]
INFO: [ app_begin ] --START--
INFO: Run ReadHtmlCache Behavior [ RunTime:0.001683s ]
INFO: [ app_begin ] --END-- [ RunTime:0.001986s ]
NOTIC: [8] Undefined index: atype D:\wamp\www\oop\tp_t\home\Lib\Action\UserAction.class.php 第 13 行.
SQL: SHOW COLUMNS FROM `album` [ RunTime:0.008698s ]
SQL: SELECT COUNT(*) AS tp_count FROM `album` WHERE ( album.uid=1 ) LIMIT 1   [ RunTime:0.000889s ]
SQL: SELECT album.*,album_type.t_name FROM `album` LEFT JOIN album_type on album.t_id=album_type.id WHERE ( album.uid=1 ) ORDER BY id desc LIMIT 0,4   [ RunTime:0.000856s ]
INFO: [ view_template ] --START--
INFO: Run LocationTemplate Behavior [ RunTime:0.001882s ]
INFO: [ view_template ] --END-- [ RunTime:0.002100s ]
INFO: [ view_parse ] --START--
INFO: Run ParseTemplate Behavior [ RunTime:0.025315s ]
INFO: [ view_parse ] --END-- [ RunTime:0.025582s ]
INFO: [ view_filter ] --START--
INFO: Run ContentReplace Behavior [ RunTime:0.001250s ]
INFO: Run TokenBuild Behavior [ RunTime:0.001205s ]
INFO: Run WriteHtmlCache Behavior [ RunTime:0.000900s ]
INFO: Run ShowRuntime Behavior [ RunTime:0.001423s ]
INFO: [ view_filter ] --END-- [ RunTime:0.005448s ]
INFO: [ view_end ] --START--
INFO: Run ShowPageTrace Behavior [ RunTime:0.001516s ]
INFO: [ view_end ] --END-- [ RunTime:0.001742s ]

[ 2015-05-07T16:40:05+08:00 ] 0.0.0.0 /oop/tp_t/index.php/User/edit_album/
INFO: [ route_check ] --START--
INFO: Run CheckRoute Behavior [ RunTime:0.002110s ]
INFO: [ route_check ] --END-- [ RunTime:0.002393s ]
INFO: [ app_begin ] --START--
INFO: Run ReadHtmlCache Behavior [ RunTime:0.001398s ]
INFO: [ app_begin ] --END-- [ RunTime:0.001607s ]
SQL: SHOW COLUMNS FROM `album` [ RunTime:0.009373s ]
NOTIC: [8] Undefined index: id D:\wamp\www\oop\tp_t\home\Lib\Action\UserAction.class.php 第 72 行.
SQL: SELECT album.*,album_type.t_name FROM `album` LEFT JOIN album_type on album.t_id=album_type.id WHERE ( album.id= ) LIMIT 1   [ RunTime:0.000693s ]
ERR: You have an error in your SQL syntax; check the manual that corresponds to your MySQL server version for the right syntax to use near ') LIMIT 1' at line 1
 [ SQL语句 ] : SELECT album.*,album_type.t_name FROM `album` LEFT JOIN album_type on album.t_id=album_type.id WHERE ( album.id= ) LIMIT 1  
SQL: SHOW COLUMNS FROM `album_type` [ RunTime:0.009119s ]
SQL: SELECT * FROM `album_type`  [ RunTime:0.000904s ]
INFO: [ view_template ] --START--
INFO: Run LocationTemplate Behavior [ RunTime:0.001478s ]
INFO: [ view_template ] --END-- [ RunTime:0.001752s ]
INFO: [ view_parse ] --START--
INFO: Run ParseTemplate Behavior [ RunTime:0.024341s ]
INFO: [ view_parse ] --END-- [ RunTime:0.024923s ]
INFO: [ view_filter ] --START--
INFO: Run ContentReplace Behavior [ RunTime:0.001709s ]
INFO: Run TokenBuild Behavior [ RunTime:0.001606s ]
INFO: Run WriteHtmlCache Behavior [ RunTime:0.001135s ]
INFO: Run ShowRuntime Behavior [ RunTime:0.001946s ]
INFO: [ view_filter ] --END-- [ RunTime:0.007957s ]
INFO: [ view_end ] --START--
INFO: Run ShowPageTrace Behavior [ RunTime:0.001924s ]
INFO: [ view_end ] --END-- [ RunTime:0.002221s ]

[ 2015-05-07T16:40:12+08:00 ] 0.0.0.0 /oop/tp_t/index.php/User/edit_album/
INFO: [ route_check ] --START--
INFO: Run CheckRoute Behavior [ RunTime:0.001773s ]
INFO: [ route_check ] --END-- [ RunTime:0.002045s ]
INFO: [ app_begin ] --START--
INFO: Run ReadHtmlCache Behavior [ RunTime:0.001348s ]
INFO: [ app_begin ] --END-- [ RunTime:0.001559s ]
SQL: SHOW COLUMNS FROM `album` [ RunTime:0.009684s ]
NOTIC: [8] Undefined index: id D:\wamp\www\oop\tp_t\home\Lib\Action\UserAction.class.php 第 72 行.
SQL: SELECT album.*,album_type.t_name FROM `album` LEFT JOIN album_type on album.t_id=album_type.id WHERE ( album.id= ) LIMIT 1   [ RunTime:0.000443s ]
ERR: You have an error in your SQL syntax; check the manual that corresponds to your MySQL server version for the right syntax to use near ') LIMIT 1' at line 1
 [ SQL语句 ] : SELECT album.*,album_type.t_name FROM `album` LEFT JOIN album_type on album.t_id=album_type.id WHERE ( album.id= ) LIMIT 1  
SQL: SHOW COLUMNS FROM `album_type` [ RunTime:0.008482s ]
SQL: SELECT * FROM `album_type`  [ RunTime:0.001246s ]
INFO: [ view_template ] --START--
INFO: Run LocationTemplate Behavior [ RunTime:0.001975s ]
INFO: [ view_template ] --END-- [ RunTime:0.002701s ]
INFO: [ view_parse ] --START--
INFO: Run ParseTemplate Behavior [ RunTime:0.024251s ]
INFO: [ view_parse ] --END-- [ RunTime:0.024613s ]
INFO: [ view_filter ] --START--
INFO: Run ContentReplace Behavior [ RunTime:0.001174s ]
INFO: Run TokenBuild Behavior [ RunTime:0.001179s ]
INFO: Run WriteHtmlCache Behavior [ RunTime:0.001126s ]
INFO: Run ShowRuntime Behavior [ RunTime:0.001964s ]
INFO: [ view_filter ] --END-- [ RunTime:0.006341s ]
INFO: [ view_end ] --START--
INFO: Run ShowPageTrace Behavior [ RunTime:0.002015s ]
INFO: [ view_end ] --END-- [ RunTime:0.002385s ]

[ 2015-05-07T16:41:11+08:00 ] 0.0.0.0 /oop/tp_t/index.php/User/edit_album/
INFO: [ route_check ] --START--
INFO: Run CheckRoute Behavior [ RunTime:0.001778s ]
INFO: [ route_check ] --END-- [ RunTime:0.002116s ]
INFO: [ app_begin ] --START--
INFO: Run ReadHtmlCache Behavior [ RunTime:0.001594s ]
INFO: [ app_begin ] --END-- [ RunTime:0.001822s ]
SQL: SHOW COLUMNS FROM `album` [ RunTime:0.009014s ]
NOTIC: [8] Undefined index: id D:\wamp\www\oop\tp_t\home\Lib\Action\UserAction.class.php 第 72 行.
SQL: SELECT album.*,album_type.t_name FROM `album` LEFT JOIN album_type on album.t_id=album_type.id WHERE ( album.id= ) LIMIT 1   [ RunTime:0.000518s ]
ERR: You have an error in your SQL syntax; check the manual that corresponds to your MySQL server version for the right syntax to use near ') LIMIT 1' at line 1
 [ SQL语句 ] : SELECT album.*,album_type.t_name FROM `album` LEFT JOIN album_type on album.t_id=album_type.id WHERE ( album.id= ) LIMIT 1  
SQL: SHOW COLUMNS FROM `album_type` [ RunTime:0.007528s ]
SQL: SELECT * FROM `album_type`  [ RunTime:0.000813s ]
INFO: [ view_template ] --START--
INFO: Run LocationTemplate Behavior [ RunTime:0.001619s ]
INFO: [ view_template ] --END-- [ RunTime:0.001843s ]
INFO: [ view_parse ] --START--
INFO: Run ParseTemplate Behavior [ RunTime:0.017244s ]
INFO: [ view_parse ] --END-- [ RunTime:0.017484s ]
INFO: [ view_filter ] --START--
INFO: Run ContentReplace Behavior [ RunTime:0.001194s ]
INFO: Run TokenBuild Behavior [ RunTime:0.001375s ]
INFO: Run WriteHtmlCache Behavior [ RunTime:0.000893s ]
INFO: Run ShowRuntime Behavior [ RunTime:0.001983s ]
INFO: [ view_filter ] --END-- [ RunTime:0.006171s ]
INFO: [ view_end ] --START--
INFO: Run ShowPageTrace Behavior [ RunTime:0.002279s ]
INFO: [ view_end ] --END-- [ RunTime:0.002809s ]

[ 2015-05-07T16:41:16+08:00 ] 0.0.0.0 /oop/tp_t/index.php/User/index/
INFO: [ route_check ] --START--
INFO: Run CheckRoute Behavior [ RunTime:0.001869s ]
INFO: [ route_check ] --END-- [ RunTime:0.002226s ]
INFO: [ app_begin ] --START--
INFO: Run ReadHtmlCache Behavior [ RunTime:0.001387s ]
INFO: [ app_begin ] --END-- [ RunTime:0.001598s ]
NOTIC: [8] Undefined index: atype D:\wamp\www\oop\tp_t\home\Lib\Action\UserAction.class.php 第 13 行.
SQL: SHOW COLUMNS FROM `album` [ RunTime:0.008571s ]
SQL: SELECT COUNT(*) AS tp_count FROM `album` WHERE ( album.uid=1 ) LIMIT 1   [ RunTime:0.000743s ]
SQL: SELECT album.*,album_type.t_name FROM `album` LEFT JOIN album_type on album.t_id=album_type.id WHERE ( album.uid=1 ) ORDER BY id desc LIMIT 0,4   [ RunTime:0.001028s ]
INFO: [ view_template ] --START--
INFO: Run LocationTemplate Behavior [ RunTime:0.001318s ]
INFO: [ view_template ] --END-- [ RunTime:0.001590s ]
INFO: [ view_parse ] --START--
INFO: Run ParseTemplate Behavior [ RunTime:0.028805s ]
INFO: [ view_parse ] --END-- [ RunTime:0.029296s ]
INFO: [ view_filter ] --START--
INFO: Run ContentReplace Behavior [ RunTime:0.001374s ]
INFO: Run TokenBuild Behavior [ RunTime:0.001259s ]
INFO: Run WriteHtmlCache Behavior [ RunTime:0.001011s ]
INFO: Run ShowRuntime Behavior [ RunTime:0.001387s ]
INFO: [ view_filter ] --END-- [ RunTime:0.005676s ]
INFO: [ view_end ] --START--
INFO: Run ShowPageTrace Behavior [ RunTime:0.001535s ]
INFO: [ view_end ] --END-- [ RunTime:0.001783s ]

[ 2015-05-07T16:41:20+08:00 ] 0.0.0.0 /oop/tp_t/index.php/User/edit_album/id/25
INFO: [ route_check ] --START--
INFO: Run CheckRoute Behavior [ RunTime:0.001833s ]
INFO: [ route_check ] --END-- [ RunTime:0.002152s ]
INFO: [ app_begin ] --START--
INFO: Run ReadHtmlCache Behavior [ RunTime:0.001354s ]
INFO: [ app_begin ] --END-- [ RunTime:0.001561s ]
SQL: SHOW COLUMNS FROM `album` [ RunTime:0.007722s ]
SQL: SELECT album.*,album_type.t_name FROM `album` LEFT JOIN album_type on album.t_id=album_type.id WHERE ( album.id=25 ) LIMIT 1   [ RunTime:0.000985s ]
SQL: SHOW COLUMNS FROM `album_type` [ RunTime:0.008142s ]
SQL: SELECT * FROM `album_type`  [ RunTime:0.000715s ]
INFO: [ view_template ] --START--
INFO: Run LocationTemplate Behavior [ RunTime:0.001694s ]
INFO: [ view_template ] --END-- [ RunTime:0.001909s ]
INFO: [ view_parse ] --START--
INFO: Run ParseTemplate Behavior [ RunTime:0.016551s ]
INFO: [ view_parse ] --END-- [ RunTime:0.016784s ]
INFO: [ view_filter ] --START--
INFO: Run ContentReplace Behavior [ RunTime:0.001098s ]
INFO: Run TokenBuild Behavior [ RunTime:0.001210s ]
INFO: Run WriteHtmlCache Behavior [ RunTime:0.000874s ]
INFO: Run ShowRuntime Behavior [ RunTime:0.001361s ]
INFO: [ view_filter ] --END-- [ RunTime:0.005106s ]
INFO: [ view_end ] --START--
INFO: Run ShowPageTrace Behavior [ RunTime:0.001453s ]
INFO: [ view_end ] --END-- [ RunTime:0.001707s ]

[ 2015-05-07T16:41:27+08:00 ] 0.0.0.0 /oop/tp_t/index.php/User
INFO: [ route_check ] --START--
INFO: Run CheckRoute Behavior [ RunTime:0.002307s ]
INFO: [ route_check ] --END-- [ RunTime:0.002604s ]
INFO: [ app_begin ] --START--
INFO: Run ReadHtmlCache Behavior [ RunTime:0.001567s ]
INFO: [ app_begin ] --END-- [ RunTime:0.001784s ]
NOTIC: [8] Undefined index: atype D:\wamp\www\oop\tp_t\home\Lib\Action\UserAction.class.php 第 13 行.
SQL: SHOW COLUMNS FROM `album` [ RunTime:0.007028s ]
SQL: SELECT COUNT(*) AS tp_count FROM `album` WHERE ( album.uid=1 ) LIMIT 1   [ RunTime:0.000776s ]
SQL: SELECT album.*,album_type.t_name FROM `album` LEFT JOIN album_type on album.t_id=album_type.id WHERE ( album.uid=1 ) ORDER BY id desc LIMIT 0,4   [ RunTime:0.001007s ]
INFO: [ view_template ] --START--
INFO: Run LocationTemplate Behavior [ RunTime:0.001930s ]
INFO: [ view_template ] --END-- [ RunTime:0.002219s ]
INFO: [ view_parse ] --START--
INFO: Run ParseTemplate Behavior [ RunTime:0.026639s ]
INFO: [ view_parse ] --END-- [ RunTime:0.026891s ]
INFO: [ view_filter ] --START--
INFO: Run ContentReplace Behavior [ RunTime:0.001449s ]
INFO: Run TokenBuild Behavior [ RunTime:0.001689s ]
INFO: Run WriteHtmlCache Behavior [ RunTime:0.000970s ]
INFO: Run ShowRuntime Behavior [ RunTime:0.001453s ]
INFO: [ view_filter ] --END-- [ RunTime:0.006130s ]
INFO: [ view_end ] --START--
INFO: Run ShowPageTrace Behavior [ RunTime:0.001569s ]
INFO: [ view_end ] --END-- [ RunTime:0.001796s ]

[ 2015-05-07T16:41:33+08:00 ] 0.0.0.0 /oop/tp_t/index.php/User/edit_album/id/25
INFO: [ route_check ] --START--
INFO: Run CheckRoute Behavior [ RunTime:0.001820s ]
INFO: [ route_check ] --END-- [ RunTime:0.002133s ]
INFO: [ app_begin ] --START--
INFO: Run ReadHtmlCache Behavior [ RunTime:0.001389s ]
INFO: [ app_begin ] --END-- [ RunTime:0.001599s ]
SQL: SHOW COLUMNS FROM `album` [ RunTime:0.008269s ]
SQL: SELECT album.*,album_type.t_name FROM `album` LEFT JOIN album_type on album.t_id=album_type.id WHERE ( album.id=25 ) LIMIT 1   [ RunTime:0.001380s ]
SQL: SHOW COLUMNS FROM `album_type` [ RunTime:0.010619s ]
SQL: SELECT * FROM `album_type`  [ RunTime:0.001074s ]
INFO: [ view_template ] --START--
INFO: Run LocationTemplate Behavior [ RunTime:0.002197s ]
INFO: [ view_template ] --END-- [ RunTime:0.002504s ]
INFO: [ view_parse ] --START--
INFO: Run ParseTemplate Behavior [ RunTime:0.022008s ]
INFO: [ view_parse ] --END-- [ RunTime:0.022391s ]
INFO: [ view_filter ] --START--
INFO: Run ContentReplace Behavior [ RunTime:0.001100s ]
INFO: Run TokenBuild Behavior [ RunTime:0.001163s ]
INFO: Run WriteHtmlCache Behavior [ RunTime:0.000883s ]
INFO: Run ShowRuntime Behavior [ RunTime:0.001455s ]
INFO: [ view_filter ] --END-- [ RunTime:0.005201s ]
INFO: [ view_end ] --START--
INFO: Run ShowPageTrace Behavior [ RunTime:0.001380s ]
INFO: [ view_end ] --END-- [ RunTime:0.001601s ]

[ 2015-05-07T16:41:38+08:00 ] 0.0.0.0 /oop/tp_t/index.php/User
INFO: [ route_check ] --START--
INFO: Run CheckRoute Behavior [ RunTime:0.001791s ]
INFO: [ route_check ] --END-- [ RunTime:0.002099s ]
INFO: [ app_begin ] --START--
INFO: Run ReadHtmlCache Behavior [ RunTime:0.001346s ]
INFO: [ app_begin ] --END-- [ RunTime:0.001556s ]
NOTIC: [8] Undefined index: atype D:\wamp\www\oop\tp_t\home\Lib\Action\UserAction.class.php 第 13 行.
SQL: SHOW COLUMNS FROM `album` [ RunTime:0.009841s ]
SQL: SELECT COUNT(*) AS tp_count FROM `album` WHERE ( album.uid=1 ) LIMIT 1   [ RunTime:0.001311s ]
SQL: SELECT album.*,album_type.t_name FROM `album` LEFT JOIN album_type on album.t_id=album_type.id WHERE ( album.uid=1 ) ORDER BY id desc LIMIT 0,4   [ RunTime:0.000851s ]
INFO: [ view_template ] --START--
INFO: Run LocationTemplate Behavior [ RunTime:0.001413s ]
INFO: [ view_template ] --END-- [ RunTime:0.001642s ]
INFO: [ view_parse ] --START--
INFO: Run ParseTemplate Behavior [ RunTime:0.035930s ]
INFO: [ view_parse ] --END-- [ RunTime:0.036181s ]
INFO: [ view_filter ] --START--
INFO: Run ContentReplace Behavior [ RunTime:0.001239s ]
INFO: Run TokenBuild Behavior [ RunTime:0.001018s ]
INFO: Run WriteHtmlCache Behavior [ RunTime:0.000707s ]
INFO: Run ShowRuntime Behavior [ RunTime:0.001191s ]
INFO: [ view_filter ] --END-- [ RunTime:0.004707s ]
INFO: [ view_end ] --START--
INFO: Run ShowPageTrace Behavior [ RunTime:0.003265s ]
INFO: [ view_end ] --END-- [ RunTime:0.003562s ]

[ 2015-05-07T16:41:46+08:00 ] 0.0.0.0 /oop/tp_t/index.php/User
INFO: [ route_check ] --START--
INFO: Run CheckRoute Behavior [ RunTime:0.001718s ]
INFO: [ route_check ] --END-- [ RunTime:0.002007s ]
INFO: [ app_begin ] --START--
INFO: Run ReadHtmlCache Behavior [ RunTime:0.001619s ]
INFO: [ app_begin ] --END-- [ RunTime:0.001912s ]
NOTIC: [8] Undefined index: atype D:\wamp\www\oop\tp_t\home\Lib\Action\UserAction.class.php 第 13 行.
SQL: SHOW COLUMNS FROM `album` [ RunTime:0.008361s ]
SQL: SELECT COUNT(*) AS tp_count FROM `album` WHERE ( album.uid=1 ) LIMIT 1   [ RunTime:0.000755s ]
SQL: SELECT album.*,album_type.t_name FROM `album` LEFT JOIN album_type on album.t_id=album_type.id WHERE ( album.uid=1 ) ORDER BY id desc LIMIT 0,4   [ RunTime:0.000839s ]
INFO: [ view_template ] --START--
INFO: Run LocationTemplate Behavior [ RunTime:0.001180s ]
INFO: [ view_template ] --END-- [ RunTime:0.001426s ]
INFO: [ view_parse ] --START--
INFO: Run ParseTemplate Behavior [ RunTime:0.026072s ]
INFO: [ view_parse ] --END-- [ RunTime:0.026399s ]
INFO: [ view_filter ] --START--
INFO: Run ContentReplace Behavior [ RunTime:0.001548s ]
INFO: Run TokenBuild Behavior [ RunTime:0.001204s ]
INFO: Run WriteHtmlCache Behavior [ RunTime:0.000830s ]
INFO: Run ShowRuntime Behavior [ RunTime:0.001643s ]
INFO: [ view_filter ] --END-- [ RunTime:0.006400s ]
INFO: [ view_end ] --START--
INFO: Run ShowPageTrace Behavior [ RunTime:0.002155s ]
INFO: [ view_end ] --END-- [ RunTime:0.002460s ]

[ 2015-05-07T16:57:31+08:00 ] 0.0.0.0 /oop/tp_t/index.php/User/edit_album/id/25
INFO: [ route_check ] --START--
INFO: Run CheckRoute Behavior [ RunTime:0.001950s ]
INFO: [ route_check ] --END-- [ RunTime:0.002326s ]
INFO: [ app_begin ] --START--
INFO: Run ReadHtmlCache Behavior [ RunTime:0.001882s ]
INFO: [ app_begin ] --END-- [ RunTime:0.002170s ]
SQL: SHOW COLUMNS FROM `album` [ RunTime:0.008196s ]
SQL: SELECT album.*,album_type.t_name FROM `album` LEFT JOIN album_type on album.t_id=album_type.id WHERE ( album.id=25 ) LIMIT 1   [ RunTime:0.001269s ]
SQL: SHOW COLUMNS FROM `album_type` [ RunTime:0.008462s ]
SQL: SELECT * FROM `album_type`  [ RunTime:0.000624s ]
INFO: [ view_template ] --START--
INFO: Run LocationTemplate Behavior [ RunTime:0.002354s ]
INFO: [ view_template ] --END-- [ RunTime:0.002718s ]
INFO: [ view_parse ] --START--
INFO: Run ParseTemplate Behavior [ RunTime:0.082646s ]
INFO: [ view_parse ] --END-- [ RunTime:0.082965s ]
INFO: [ view_filter ] --START--
INFO: Run ContentReplace Behavior [ RunTime:0.002137s ]
INFO: Run TokenBuild Behavior [ RunTime:0.002076s ]
INFO: Run WriteHtmlCache Behavior [ RunTime:0.001017s ]
INFO: Run ShowRuntime Behavior [ RunTime:0.001356s ]
INFO: [ view_filter ] --END-- [ RunTime:0.007462s ]
INFO: [ view_end ] --START--
INFO: Run ShowPageTrace Behavior [ RunTime:0.001438s ]
INFO: [ view_end ] --END-- [ RunTime:0.001655s ]

[ 2015-05-07T17:00:11+08:00 ] 0.0.0.0 /oop/tp_t/index.php/User
INFO: [ route_check ] --START--
INFO: Run CheckRoute Behavior [ RunTime:0.002865s ]
INFO: [ route_check ] --END-- [ RunTime:0.003335s ]
INFO: [ app_begin ] --START--
INFO: Run ReadHtmlCache Behavior [ RunTime:0.001940s ]
INFO: [ app_begin ] --END-- [ RunTime:0.002324s ]
NOTIC: [8] Undefined index: atype D:\wamp\www\oop\tp_t\home\Lib\Action\UserAction.class.php 第 13 行.
SQL: SHOW COLUMNS FROM `album` [ RunTime:0.008031s ]
SQL: SELECT COUNT(*) AS tp_count FROM `album` WHERE ( album.uid=1 ) LIMIT 1   [ RunTime:0.000967s ]
SQL: SELECT album.*,album_type.t_name FROM `album` LEFT JOIN album_type on album.t_id=album_type.id WHERE ( album.uid=1 ) ORDER BY id desc LIMIT 0,4   [ RunTime:0.001106s ]
INFO: [ view_template ] --START--
INFO: Run LocationTemplate Behavior [ RunTime:0.002037s ]
INFO: [ view_template ] --END-- [ RunTime:0.002250s ]
INFO: [ view_parse ] --START--
INFO: Run ParseTemplate Behavior [ RunTime:0.024735s ]
INFO: [ view_parse ] --END-- [ RunTime:0.024995s ]
INFO: [ view_filter ] --START--
INFO: Run ContentReplace Behavior [ RunTime:0.001538s ]
INFO: Run TokenBuild Behavior [ RunTime:0.001330s ]
INFO: Run WriteHtmlCache Behavior [ RunTime:0.001089s ]
INFO: Run ShowRuntime Behavior [ RunTime:0.001629s ]
INFO: [ view_filter ] --END-- [ RunTime:0.006287s ]
INFO: [ view_end ] --START--
INFO: Run ShowPageTrace Behavior [ RunTime:0.002141s ]
INFO: [ view_end ] --END-- [ RunTime:0.002398s ]

[ 2015-05-07T17:00:17+08:00 ] 0.0.0.0 /oop/tp_t/index.php/User/add_album/
INFO: [ route_check ] --START--
INFO: Run CheckRoute Behavior [ RunTime:0.001728s ]
INFO: [ route_check ] --END-- [ RunTime:0.002016s ]
INFO: [ app_begin ] --START--
INFO: Run ReadHtmlCache Behavior [ RunTime:0.001250s ]
INFO: [ app_begin ] --END-- [ RunTime:0.001459s ]
SQL: SHOW COLUMNS FROM `album_type` [ RunTime:0.006866s ]
SQL: SELECT * FROM `album_type`  [ RunTime:0.000770s ]
INFO: [ view_template ] --START--
INFO: Run LocationTemplate Behavior [ RunTime:0.001612s ]
INFO: [ view_template ] --END-- [ RunTime:0.001873s ]
INFO: [ view_parse ] --START--
INFO: Run ParseTemplate Behavior [ RunTime:0.094932s ]
INFO: [ view_parse ] --END-- [ RunTime:0.095264s ]
INFO: [ view_filter ] --START--
INFO: Run ContentReplace Behavior [ RunTime:0.001234s ]
INFO: Run TokenBuild Behavior [ RunTime:0.001125s ]
INFO: Run WriteHtmlCache Behavior [ RunTime:0.000780s ]
INFO: Run ShowRuntime Behavior [ RunTime:0.001416s ]
INFO: [ view_filter ] --END-- [ RunTime:0.005303s ]
INFO: [ view_end ] --START--
INFO: Run ShowPageTrace Behavior [ RunTime:0.002976s ]
INFO: [ view_end ] --END-- [ RunTime:0.003617s ]

[ 2015-05-07T17:00:37+08:00 ] 0.0.0.0 /oop/tp_t/index.php/User/add_album/
INFO: [ route_check ] --START--
INFO: Run CheckRoute Behavior [ RunTime:0.003911s ]
INFO: [ route_check ] --END-- [ RunTime:0.004179s ]
INFO: [ app_begin ] --START--
INFO: Run ReadHtmlCache Behavior [ RunTime:0.005066s ]
INFO: [ app_begin ] --END-- [ RunTime:0.005293s ]
SQL: SHOW COLUMNS FROM `album_type` [ RunTime:0.066456s ]
SQL: SELECT * FROM `album_type`  [ RunTime:0.000710s ]
INFO: [ view_template ] --START--
INFO: Run LocationTemplate Behavior [ RunTime:0.005115s ]
INFO: [ view_template ] --END-- [ RunTime:0.005351s ]
INFO: [ view_parse ] --START--
INFO: Run ParseTemplate Behavior [ RunTime:0.031711s ]
INFO: [ view_parse ] --END-- [ RunTime:0.031938s ]
INFO: [ view_filter ] --START--
INFO: Run ContentReplace Behavior [ RunTime:0.002706s ]
INFO: Run TokenBuild Behavior [ RunTime:0.002791s ]
INFO: Run WriteHtmlCache Behavior [ RunTime:0.002474s ]
INFO: Run ShowRuntime Behavior [ RunTime:0.002969s ]
INFO: [ view_filter ] --END-- [ RunTime:0.011503s ]
INFO: [ view_end ] --START--
INFO: Run ShowPageTrace Behavior [ RunTime:0.003158s ]
INFO: [ view_end ] --END-- [ RunTime:0.003359s ]

[ 2015-05-07T17:00:58+08:00 ] 0.0.0.0 /oop/tp_t/index.php/User/index
INFO: [ route_check ] --START--
INFO: Run CheckRoute Behavior [ RunTime:0.003363s ]
INFO: [ route_check ] --END-- [ RunTime:0.003630s ]
INFO: [ app_begin ] --START--
INFO: Run ReadHtmlCache Behavior [ RunTime:0.003093s ]
INFO: [ app_begin ] --END-- [ RunTime:0.003310s ]
NOTIC: [8] Undefined index: atype D:\wamp\www\oop\tp_t\home\Lib\Action\UserAction.class.php 第 13 行.
SQL: SHOW COLUMNS FROM `album` [ RunTime:0.007427s ]
SQL: SELECT COUNT(*) AS tp_count FROM `album` WHERE ( album.uid=1 ) LIMIT 1   [ RunTime:0.000797s ]
SQL: SELECT album.*,album_type.t_name FROM `album` LEFT JOIN album_type on album.t_id=album_type.id WHERE ( album.uid=1 ) ORDER BY id desc LIMIT 0,4   [ RunTime:0.000812s ]
INFO: [ view_template ] --START--
INFO: Run LocationTemplate Behavior [ RunTime:0.004292s ]
INFO: [ view_template ] --END-- [ RunTime:0.004534s ]
INFO: [ view_parse ] --START--
INFO: Run ParseTemplate Behavior [ RunTime:0.037148s ]
INFO: [ view_parse ] --END-- [ RunTime:0.037399s ]
INFO: [ view_filter ] --START--
INFO: Run ContentReplace Behavior [ RunTime:0.003319s ]
INFO: Run TokenBuild Behavior [ RunTime:0.002765s ]
INFO: Run WriteHtmlCache Behavior [ RunTime:0.002455s ]
INFO: Run ShowRuntime Behavior [ RunTime:0.002935s ]
INFO: [ view_filter ] --END-- [ RunTime:0.012051s ]
INFO: [ view_end ] --START--
INFO: Run ShowPageTrace Behavior [ RunTime:0.003113s ]
INFO: [ view_end ] --END-- [ RunTime:0.003317s ]

[ 2015-05-07T17:01:22+08:00 ] 0.0.0.0 /oop/tp_t/index.php/User/add_photo/
INFO: [ route_check ] --START--
INFO: Run CheckRoute Behavior [ RunTime:0.003303s ]
INFO: [ route_check ] --END-- [ RunTime:0.003546s ]
INFO: [ app_begin ] --START--
INFO: Run ReadHtmlCache Behavior [ RunTime:0.002944s ]
INFO: [ app_begin ] --END-- [ RunTime:0.003165s ]
SQL: SHOW COLUMNS FROM `album` [ RunTime:0.007128s ]
SQL: SELECT * FROM `album` ORDER BY id desc  [ RunTime:0.002071s ]
INFO: [ view_template ] --START--
INFO: Run LocationTemplate Behavior [ RunTime:0.004550s ]
INFO: [ view_template ] --END-- [ RunTime:0.004890s ]
INFO: [ view_parse ] --START--
INFO: Run ParseTemplate Behavior [ RunTime:0.098927s ]
INFO: [ view_parse ] --END-- [ RunTime:0.099175s ]
INFO: [ view_filter ] --START--
INFO: Run ContentReplace Behavior [ RunTime:0.002878s ]
INFO: Run TokenBuild Behavior [ RunTime:0.002780s ]
INFO: Run WriteHtmlCache Behavior [ RunTime:0.003203s ]
INFO: Run ShowRuntime Behavior [ RunTime:0.002991s ]
INFO: [ view_filter ] --END-- [ RunTime:0.012474s ]
INFO: [ view_end ] --START--
INFO: Run ShowPageTrace Behavior [ RunTime:0.004771s ]
INFO: [ view_end ] --END-- [ RunTime:0.005074s ]

[ 2015-05-07T17:01:54+08:00 ] 0.0.0.0 /oop/tp_t/index.php/User/index
INFO: [ route_check ] --START--
INFO: Run CheckRoute Behavior [ RunTime:0.002584s ]
INFO: [ route_check ] --END-- [ RunTime:0.002825s ]
INFO: [ app_begin ] --START--
INFO: Run ReadHtmlCache Behavior [ RunTime:0.002080s ]
INFO: [ app_begin ] --END-- [ RunTime:0.002300s ]
NOTIC: [8] Undefined index: atype D:\wamp\www\oop\tp_t\home\Lib\Action\UserAction.class.php 第 13 行.
SQL: SHOW COLUMNS FROM `album` [ RunTime:0.032474s ]
SQL: SELECT COUNT(*) AS tp_count FROM `album` WHERE ( album.uid=1 ) LIMIT 1   [ RunTime:0.000788s ]
SQL: SELECT album.*,album_type.t_name FROM `album` LEFT JOIN album_type on album.t_id=album_type.id WHERE ( album.uid=1 ) ORDER BY id desc LIMIT 0,4   [ RunTime:0.000933s ]
INFO: [ view_template ] --START--
INFO: Run LocationTemplate Behavior [ RunTime:0.003562s ]
INFO: [ view_template ] --END-- [ RunTime:0.003865s ]
INFO: [ view_parse ] --START--
INFO: Run ParseTemplate Behavior [ RunTime:0.036137s ]
INFO: [ view_parse ] --END-- [ RunTime:0.036433s ]
INFO: [ view_filter ] --START--
INFO: Run ContentReplace Behavior [ RunTime:0.001799s ]
INFO: Run TokenBuild Behavior [ RunTime:0.001900s ]
INFO: Run WriteHtmlCache Behavior [ RunTime:0.001526s ]
INFO: Run ShowRuntime Behavior [ RunTime:0.001931s ]
INFO: [ view_filter ] --END-- [ RunTime:0.007814s ]
INFO: [ view_end ] --START--
INFO: Run ShowPageTrace Behavior [ RunTime:0.001953s ]
INFO: [ view_end ] --END-- [ RunTime:0.002160s ]

[ 2015-05-07T17:01:59+08:00 ] 0.0.0.0 /oop/tp_t/index.php/Album/album_photo/id/26
INFO: [ route_check ] --START--
INFO: Run CheckRoute Behavior [ RunTime:0.002890s ]
INFO: [ route_check ] --END-- [ RunTime:0.003211s ]
INFO: [ app_begin ] --START--
INFO: Run ReadHtmlCache Behavior [ RunTime:0.001979s ]
INFO: [ app_begin ] --END-- [ RunTime:0.002201s ]
SQL: SHOW COLUMNS FROM `album` [ RunTime:0.007924s ]
SQL: SELECT album.*,userinfo.nickname FROM `album` LEFT JOIN userinfo on album.uid=userinfo.id WHERE ( album.id=26 ) LIMIT 1   [ RunTime:0.001260s ]
SQL: SHOW COLUMNS FROM `photo` [ RunTime:0.007356s ]
SQL: SELECT * FROM `photo` WHERE ( photo.t_id=26 )  [ RunTime:0.000720s ]
INFO: [ view_template ] --START--
INFO: Run LocationTemplate Behavior [ RunTime:0.004233s ]
INFO: [ view_template ] --END-- [ RunTime:0.004520s ]
INFO: [ view_parse ] --START--
NOTIC: [8] Undefined variable: page D:\wamp\www\oop\tp_t\home\Runtime\Cache\02d69e70177c6eb2aaf9dab373f9b705.php 第 44 行.
INFO: Run ParseTemplate Behavior [ RunTime:0.031089s ]
INFO: [ view_parse ] --END-- [ RunTime:0.031309s ]
INFO: [ view_filter ] --START--
INFO: Run ContentReplace Behavior [ RunTime:0.001645s ]
INFO: Run TokenBuild Behavior [ RunTime:0.001743s ]
INFO: Run WriteHtmlCache Behavior [ RunTime:0.001751s ]
INFO: Run ShowRuntime Behavior [ RunTime:0.001931s ]
INFO: [ view_filter ] --END-- [ RunTime:0.007760s ]
INFO: [ view_end ] --START--
INFO: Run ShowPageTrace Behavior [ RunTime:0.001932s ]
INFO: [ view_end ] --END-- [ RunTime:0.002147s ]

[ 2015-05-07T17:02:10+08:00 ] 0.0.0.0 /oop/tp_t/index.php/Album/photo_detail/id/41
INFO: [ route_check ] --START--
INFO: Run CheckRoute Behavior [ RunTime:0.002767s ]
INFO: [ route_check ] --END-- [ RunTime:0.003008s ]
INFO: [ app_begin ] --START--
INFO: Run ReadHtmlCache Behavior [ RunTime:0.001959s ]
INFO: [ app_begin ] --END-- [ RunTime:0.002186s ]
SQL: SHOW COLUMNS FROM `photo` [ RunTime:0.015003s ]
SQL: SELECT * FROM `photo` WHERE ( id=41 ) LIMIT 1   [ RunTime:0.000789s ]
INFO: [ view_template ] --START--
INFO: Run LocationTemplate Behavior [ RunTime:0.002908s ]
INFO: [ view_template ] --END-- [ RunTime:0.003148s ]
INFO: [ view_parse ] --START--
NOTIC: [8] Undefined variable: tname D:\wamp\www\oop\tp_t\home\Runtime\Cache\ac9f65adab238f8a6b298290b301d97e.php 第 27 行.
INFO: Run ParseTemplate Behavior [ RunTime:0.044005s ]
INFO: [ view_parse ] --END-- [ RunTime:0.044284s ]
INFO: [ view_filter ] --START--
INFO: Run ContentReplace Behavior [ RunTime:0.001681s ]
INFO: Run TokenBuild Behavior [ RunTime:0.001879s ]
INFO: Run WriteHtmlCache Behavior [ RunTime:0.001606s ]
INFO: Run ShowRuntime Behavior [ RunTime:0.002017s ]
INFO: [ view_filter ] --END-- [ RunTime:0.007750s ]
INFO: [ view_end ] --START--
INFO: Run ShowPageTrace Behavior [ RunTime:0.002154s ]
INFO: [ view_end ] --END-- [ RunTime:0.002407s ]

[ 2015-05-07T17:03:05+08:00 ] 0.0.0.0 /oop/tp_t/index.php/Album/photo_detail/id/41
INFO: [ route_check ] --START--
INFO: Run CheckRoute Behavior [ RunTime:0.002324s ]
INFO: [ route_check ] --END-- [ RunTime:0.002568s ]
INFO: [ app_begin ] --START--
INFO: Run ReadHtmlCache Behavior [ RunTime:0.002087s ]
INFO: [ app_begin ] --END-- [ RunTime:0.002336s ]
SQL: SHOW COLUMNS FROM `photo` [ RunTime:0.011199s ]
SQL: SELECT * FROM `photo` WHERE ( id=41 ) LIMIT 1   [ RunTime:0.000791s ]
INFO: [ view_template ] --START--
INFO: Run LocationTemplate Behavior [ RunTime:0.003039s ]
INFO: [ view_template ] --END-- [ RunTime:0.003326s ]
INFO: [ view_parse ] --START--
NOTIC: [8] Undefined variable: tname D:\wamp\www\oop\tp_t\home\Runtime\Cache\ac9f65adab238f8a6b298290b301d97e.php 第 27 行.
INFO: Run ParseTemplate Behavior [ RunTime:0.027974s ]
INFO: [ view_parse ] --END-- [ RunTime:0.028177s ]
INFO: [ view_filter ] --START--
INFO: Run ContentReplace Behavior [ RunTime:0.001759s ]
INFO: Run TokenBuild Behavior [ RunTime:0.001860s ]
INFO: Run WriteHtmlCache Behavior [ RunTime:0.001517s ]
INFO: Run ShowRuntime Behavior [ RunTime:0.001956s ]
INFO: [ view_filter ] --END-- [ RunTime:0.007662s ]
INFO: [ view_end ] --START--
INFO: Run ShowPageTrace Behavior [ RunTime:0.001985s ]
INFO: [ view_end ] --END-- [ RunTime:0.002181s ]

