[ 2015-03-06T06:53:35+08:00 ] 0.0.0.0 /oop/tp_t/
INFO: [ app_begin ] --START--
INFO: Run ReadHtmlCache Behavior [ RunTime:0.000808s ]
INFO: [ app_begin ] --END-- [ RunTime:0.000925s ]
SQL: SHOW COLUMNS FROM `album_type` [ RunTime:0.023046s ]
SQL: SELECT * FROM `album_type` ORDER BY sort desc LIMIT 4   [ RunTime:0.002430s ]
SQL: SHOW COLUMNS FROM `album` [ RunTime:0.006615s ]
SQL: SELECT album.*,userinfo.nickname FROM `album` LEFT JOIN userinfo on album.uid=userinfo.id WHERE ( album.t_id=3 ) ORDER BY album.id desc LIMIT 4   [ RunTime:0.003351s ]
SQL: SELECT album.*,userinfo.nickname FROM `album` LEFT JOIN userinfo on album.uid=userinfo.id WHERE ( album.t_id=1 ) ORDER BY album.id desc LIMIT 4   [ RunTime:0.001226s ]
SQL: SELECT album.*,userinfo.nickname FROM `album` LEFT JOIN userinfo on album.uid=userinfo.id WHERE ( album.t_id=2 ) ORDER BY album.id desc LIMIT 4   [ RunTime:0.001181s ]
SQL: SELECT album.*,userinfo.nickname FROM `album` LEFT JOIN userinfo on album.uid=userinfo.id WHERE ( album.t_id=5 ) ORDER BY album.id desc LIMIT 4   [ RunTime:0.001182s ]
INFO: [ view_template ] --START--
INFO: Run LocationTemplate Behavior [ RunTime:0.001251s ]
INFO: [ view_template ] --END-- [ RunTime:0.001378s ]
INFO: [ view_parse ] --START--
NOTIC: [8] Undefined index: uname D:\wamp\www\oop\tp_t\home\Runtime\Cache\d046431aa157c89f3a1c30c426be003b.php 第 14 行.
INFO: Run ParseTemplate Behavior [ RunTime:0.035674s ]
INFO: [ view_parse ] --END-- [ RunTime:0.035810s ]
INFO: [ view_filter ] --START--
INFO: Run ContentReplace Behavior [ RunTime:0.001352s ]
INFO: Run TokenBuild Behavior [ RunTime:0.001054s ]
INFO: Run WriteHtmlCache Behavior [ RunTime:0.000792s ]
INFO: Run ShowRuntime Behavior [ RunTime:0.001099s ]
INFO: [ view_filter ] --END-- [ RunTime:0.004790s ]
INFO: [ view_end ] --START--
INFO: Run ShowPageTrace Behavior [ RunTime:0.001103s ]
INFO: [ view_end ] --END-- [ RunTime:0.001244s ]

[ 2015-03-06T10:47:59+08:00 ] 0.0.0.0 /oop/tp_t/
INFO: [ app_begin ] --START--
INFO: Run ReadHtmlCache Behavior [ RunTime:0.001073s ]
INFO: [ app_begin ] --END-- [ RunTime:0.001265s ]
SQL: SHOW COLUMNS FROM `album_type` [ RunTime:0.011855s ]
SQL: SELECT * FROM `album_type` ORDER BY sort desc LIMIT 4   [ RunTime:0.001907s ]
SQL: SHOW COLUMNS FROM `album` [ RunTime:0.010107s ]
SQL: SELECT album.*,userinfo.nickname FROM `album` LEFT JOIN userinfo on album.uid=userinfo.id WHERE ( album.t_id=3 ) ORDER BY album.id desc LIMIT 4   [ RunTime:0.004115s ]
SQL: SELECT album.*,userinfo.nickname FROM `album` LEFT JOIN userinfo on album.uid=userinfo.id WHERE ( album.t_id=1 ) ORDER BY album.id desc LIMIT 4   [ RunTime:0.002059s ]
SQL: SELECT album.*,userinfo.nickname FROM `album` LEFT JOIN userinfo on album.uid=userinfo.id WHERE ( album.t_id=2 ) ORDER BY album.id desc LIMIT 4   [ RunTime:0.003456s ]
SQL: SELECT album.*,userinfo.nickname FROM `album` LEFT JOIN userinfo on album.uid=userinfo.id WHERE ( album.t_id=5 ) ORDER BY album.id desc LIMIT 4   [ RunTime:0.001153s ]
INFO: [ view_template ] --START--
INFO: Run LocationTemplate Behavior [ RunTime:0.001499s ]
INFO: [ view_template ] --END-- [ RunTime:0.001669s ]
INFO: [ view_parse ] --START--
NOTIC: [8] Undefined index: uname D:\wamp\www\oop\tp_t\home\Runtime\Cache\d046431aa157c89f3a1c30c426be003b.php 第 14 行.
INFO: Run ParseTemplate Behavior [ RunTime:0.021047s ]
INFO: [ view_parse ] --END-- [ RunTime:0.021181s ]
INFO: [ view_filter ] --START--
INFO: Run ContentReplace Behavior [ RunTime:0.001031s ]
INFO: Run TokenBuild Behavior [ RunTime:0.000808s ]
INFO: Run WriteHtmlCache Behavior [ RunTime:0.000630s ]
INFO: Run ShowRuntime Behavior [ RunTime:0.001387s ]
INFO: [ view_filter ] --END-- [ RunTime:0.004222s ]
INFO: [ view_end ] --START--
INFO: Run ShowPageTrace Behavior [ RunTime:0.002036s ]
INFO: [ view_end ] --END-- [ RunTime:0.002265s ]

[ 2015-03-06T10:48:08+08:00 ] 0.0.0.0 /oop/tp_t/index.php/Album/lists/atype/3
INFO: [ route_check ] --START--
INFO: Run CheckRoute Behavior [ RunTime:0.001107s ]
INFO: [ route_check ] --END-- [ RunTime:0.001272s ]
INFO: [ app_begin ] --START--
INFO: Run ReadHtmlCache Behavior [ RunTime:0.000650s ]
INFO: [ app_begin ] --END-- [ RunTime:0.000744s ]
SQL: SHOW COLUMNS FROM `album_type` [ RunTime:0.004792s ]
SQL: SELECT * FROM `album_type` WHERE ( album_type.id=3 ) LIMIT 1   [ RunTime:0.000922s ]
SQL: SHOW COLUMNS FROM `album` [ RunTime:0.004558s ]
SQL: SELECT COUNT(*) AS tp_count FROM `album` WHERE ( album_type.id=3 ) LIMIT 1   [ RunTime:0.000703s ]
ERR: Unknown column 'album_type.id' in 'where clause'
 [ SQL语句 ] : SELECT COUNT(*) AS tp_count FROM `album` WHERE ( album_type.id=3 ) LIMIT 1  
SQL: SELECT album.*,album_type.t_name,userinfo.nickname FROM `album` LEFT JOIN album_type on album.t_id=album_type.id LEFT JOIN userinfo on album.uid=userinfo.id WHERE ( album_type.id=3 ) ORDER BY album.id desc LIMIT 0,4   [ RunTime:0.001601s ]
INFO: [ view_template ] --START--
INFO: Run LocationTemplate Behavior [ RunTime:0.001697s ]
INFO: [ view_template ] --END-- [ RunTime:0.001868s ]
INFO: [ view_parse ] --START--
NOTIC: [8] Undefined index: uname D:\wamp\www\oop\tp_t\home\Runtime\Cache\2300a791f02755d560f2faf87eb6cb45.php 第 17 行.
INFO: Run ParseTemplate Behavior [ RunTime:0.028674s ]
INFO: [ view_parse ] --END-- [ RunTime:0.028836s ]
INFO: [ view_filter ] --START--
INFO: Run ContentReplace Behavior [ RunTime:0.000727s ]
INFO: Run TokenBuild Behavior [ RunTime:0.000825s ]
INFO: Run WriteHtmlCache Behavior [ RunTime:0.000553s ]
INFO: Run ShowRuntime Behavior [ RunTime:0.000997s ]
INFO: [ view_filter ] --END-- [ RunTime:0.003490s ]
INFO: [ view_end ] --START--
INFO: Run ShowPageTrace Behavior [ RunTime:0.000976s ]
INFO: [ view_end ] --END-- [ RunTime:0.001110s ]

[ 2015-03-06T10:48:14+08:00 ] 0.0.0.0 /oop/tp_t/index.php/Album/album_photo/id/10
INFO: [ route_check ] --START--
INFO: Run CheckRoute Behavior [ RunTime:0.001168s ]
INFO: [ route_check ] --END-- [ RunTime:0.001368s ]
INFO: [ app_begin ] --START--
INFO: Run ReadHtmlCache Behavior [ RunTime:0.000996s ]
INFO: [ app_begin ] --END-- [ RunTime:0.001191s ]
SQL: SHOW COLUMNS FROM `album` [ RunTime:0.006233s ]
SQL: SELECT album.*,userinfo.nickname FROM `album` LEFT JOIN userinfo on album.uid=userinfo.id WHERE ( album.id=10 ) LIMIT 1   [ RunTime:0.001296s ]
SQL: SHOW COLUMNS FROM `photo` [ RunTime:0.005077s ]
SQL: SELECT * FROM `photo` WHERE ( photo.t_id=10 )  [ RunTime:0.000994s ]
INFO: [ view_template ] --START--
INFO: Run LocationTemplate Behavior [ RunTime:0.001119s ]
INFO: [ view_template ] --END-- [ RunTime:0.001267s ]
INFO: [ view_parse ] --START--
NOTIC: [8] Undefined index: uname D:\wamp\www\oop\tp_t\home\Runtime\Cache\02d69e70177c6eb2aaf9dab373f9b705.php 第 17 行.
NOTIC: [8] Undefined variable: page D:\wamp\www\oop\tp_t\home\Runtime\Cache\02d69e70177c6eb2aaf9dab373f9b705.php 第 44 行.
INFO: Run ParseTemplate Behavior [ RunTime:0.016979s ]
INFO: [ view_parse ] --END-- [ RunTime:0.017125s ]
INFO: [ view_filter ] --START--
INFO: Run ContentReplace Behavior [ RunTime:0.000790s ]
INFO: Run TokenBuild Behavior [ RunTime:0.000920s ]
INFO: Run WriteHtmlCache Behavior [ RunTime:0.000561s ]
INFO: Run ShowRuntime Behavior [ RunTime:0.000855s ]
INFO: [ view_filter ] --END-- [ RunTime:0.003520s ]
INFO: [ view_end ] --START--
INFO: Run ShowPageTrace Behavior [ RunTime:0.000933s ]
INFO: [ view_end ] --END-- [ RunTime:0.001066s ]

[ 2015-03-06T10:48:17+08:00 ] 0.0.0.0 /oop/tp_t/index.php/Album/photo_detail/id/23
INFO: [ route_check ] --START--
INFO: Run CheckRoute Behavior [ RunTime:0.002519s ]
INFO: [ route_check ] --END-- [ RunTime:0.002737s ]
INFO: [ app_begin ] --START--
INFO: Run ReadHtmlCache Behavior [ RunTime:0.001079s ]
INFO: [ app_begin ] --END-- [ RunTime:0.001226s ]
SQL: SHOW COLUMNS FROM `photo` [ RunTime:0.008698s ]
SQL: SELECT * FROM `photo` WHERE ( id=23 ) LIMIT 1   [ RunTime:0.001451s ]
INFO: [ view_template ] --START--
INFO: Run LocationTemplate Behavior [ RunTime:0.001377s ]
INFO: [ view_template ] --END-- [ RunTime:0.001569s ]
INFO: [ view_parse ] --START--
NOTIC: [8] Undefined index: uname D:\wamp\www\oop\tp_t\home\Runtime\Cache\ac9f65adab238f8a6b298290b301d97e.php 第 17 行.
NOTIC: [8] Undefined variable: tname D:\wamp\www\oop\tp_t\home\Runtime\Cache\ac9f65adab238f8a6b298290b301d97e.php 第 27 行.
INFO: Run ParseTemplate Behavior [ RunTime:0.023429s ]
INFO: [ view_parse ] --END-- [ RunTime:0.023655s ]
INFO: [ view_filter ] --START--
INFO: Run ContentReplace Behavior [ RunTime:0.001418s ]
INFO: Run TokenBuild Behavior [ RunTime:0.001363s ]
INFO: Run WriteHtmlCache Behavior [ RunTime:0.001068s ]
INFO: Run ShowRuntime Behavior [ RunTime:0.001860s ]
INFO: [ view_filter ] --END-- [ RunTime:0.006569s ]
INFO: [ view_end ] --START--
INFO: Run ShowPageTrace Behavior [ RunTime:0.001462s ]
INFO: [ view_end ] --END-- [ RunTime:0.001655s ]

[ 2015-03-06T10:48:20+08:00 ] 0.0.0.0 /oop/tp_t/index.php/Public/login/
INFO: [ route_check ] --START--
INFO: Run CheckRoute Behavior [ RunTime:0.003088s ]
INFO: [ route_check ] --END-- [ RunTime:0.003302s ]
INFO: [ app_begin ] --START--
INFO: Run ReadHtmlCache Behavior [ RunTime:0.001027s ]
INFO: [ app_begin ] --END-- [ RunTime:0.001237s ]
INFO: [ view_template ] --START--
INFO: Run LocationTemplate Behavior [ RunTime:0.001782s ]
INFO: [ view_template ] --END-- [ RunTime:0.002016s ]
INFO: [ view_parse ] --START--
NOTIC: [8] Undefined index: uname D:\wamp\www\oop\tp_t\home\Runtime\Cache\dddf1b2d3634e21399753b7b65c08d54.php 第 17 行.
NOTIC: [8] Undefined variable: tname D:\wamp\www\oop\tp_t\home\Runtime\Cache\dddf1b2d3634e21399753b7b65c08d54.php 第 27 行.
INFO: Run ParseTemplate Behavior [ RunTime:0.013371s ]
INFO: [ view_parse ] --END-- [ RunTime:0.013535s ]
INFO: [ view_filter ] --START--
INFO: Run ContentReplace Behavior [ RunTime:0.000825s ]
INFO: Run TokenBuild Behavior [ RunTime:0.000731s ]
INFO: Run WriteHtmlCache Behavior [ RunTime:0.000552s ]
INFO: Run ShowRuntime Behavior [ RunTime:0.001087s ]
INFO: [ view_filter ] --END-- [ RunTime:0.003652s ]
INFO: [ view_end ] --START--
INFO: Run ShowPageTrace Behavior [ RunTime:0.000812s ]
INFO: [ view_end ] --END-- [ RunTime:0.000956s ]

[ 2015-03-06T10:48:22+08:00 ] 0.0.0.0 /oop/tp_t/index.php/Public/register/
INFO: [ route_check ] --START--
INFO: Run CheckRoute Behavior [ RunTime:0.000798s ]
INFO: [ route_check ] --END-- [ RunTime:0.000922s ]
INFO: [ app_begin ] --START--
INFO: Run ReadHtmlCache Behavior [ RunTime:0.000644s ]
INFO: [ app_begin ] --END-- [ RunTime:0.000746s ]
INFO: [ view_template ] --START--
INFO: Run LocationTemplate Behavior [ RunTime:0.000665s ]
INFO: [ view_template ] --END-- [ RunTime:0.000786s ]
INFO: [ view_parse ] --START--
NOTIC: [8] Undefined index: uname D:\wamp\www\oop\tp_t\home\Runtime\Cache\f82d19cfc8984b5ca7bf785e4abd8c45.php 第 17 行.
NOTIC: [8] Undefined variable: tname D:\wamp\www\oop\tp_t\home\Runtime\Cache\f82d19cfc8984b5ca7bf785e4abd8c45.php 第 27 行.
INFO: Run ParseTemplate Behavior [ RunTime:0.010610s ]
INFO: [ view_parse ] --END-- [ RunTime:0.010706s ]
INFO: [ view_filter ] --START--
INFO: Run ContentReplace Behavior [ RunTime:0.000604s ]
INFO: Run TokenBuild Behavior [ RunTime:0.000737s ]
INFO: Run WriteHtmlCache Behavior [ RunTime:0.000476s ]
INFO: Run ShowRuntime Behavior [ RunTime:0.000767s ]
INFO: [ view_filter ] --END-- [ RunTime:0.003013s ]
INFO: [ view_end ] --START--
INFO: Run ShowPageTrace Behavior [ RunTime:0.000998s ]
INFO: [ view_end ] --END-- [ RunTime:0.001168s ]

[ 2015-03-06T10:48:25+08:00 ] 0.0.0.0 /oop/tp_t/index.php/Public/login/
INFO: [ route_check ] --START--
INFO: Run CheckRoute Behavior [ RunTime:0.000832s ]
INFO: [ route_check ] --END-- [ RunTime:0.000956s ]
INFO: [ app_begin ] --START--
INFO: Run ReadHtmlCache Behavior [ RunTime:0.000932s ]
INFO: [ app_begin ] --END-- [ RunTime:0.001068s ]
INFO: [ view_template ] --START--
INFO: Run LocationTemplate Behavior [ RunTime:0.000662s ]
INFO: [ view_template ] --END-- [ RunTime:0.000801s ]
INFO: [ view_parse ] --START--
NOTIC: [8] Undefined index: uname D:\wamp\www\oop\tp_t\home\Runtime\Cache\dddf1b2d3634e21399753b7b65c08d54.php 第 17 行.
NOTIC: [8] Undefined variable: tname D:\wamp\www\oop\tp_t\home\Runtime\Cache\dddf1b2d3634e21399753b7b65c08d54.php 第 27 行.
INFO: Run ParseTemplate Behavior [ RunTime:0.012101s ]
INFO: [ view_parse ] --END-- [ RunTime:0.012201s ]
INFO: [ view_filter ] --START--
INFO: Run ContentReplace Behavior [ RunTime:0.000490s ]
INFO: Run TokenBuild Behavior [ RunTime:0.000489s ]
INFO: Run WriteHtmlCache Behavior [ RunTime:0.000374s ]
INFO: Run ShowRuntime Behavior [ RunTime:0.000567s ]
INFO: [ view_filter ] --END-- [ RunTime:0.002169s ]
INFO: [ view_end ] --START--
INFO: Run ShowPageTrace Behavior [ RunTime:0.000719s ]
INFO: [ view_end ] --END-- [ RunTime:0.000815s ]

[ 2015-03-06T10:48:25+08:00 ] 0.0.0.0 /oop/tp_t/index.php/Public/register/
INFO: [ route_check ] --START--
INFO: Run CheckRoute Behavior [ RunTime:0.001931s ]
INFO: [ route_check ] --END-- [ RunTime:0.002397s ]
INFO: [ app_begin ] --START--
INFO: Run ReadHtmlCache Behavior [ RunTime:0.000611s ]
INFO: [ app_begin ] --END-- [ RunTime:0.000698s ]
INFO: [ view_template ] --START--
INFO: Run LocationTemplate Behavior [ RunTime:0.000550s ]
INFO: [ view_template ] --END-- [ RunTime:0.000649s ]
INFO: [ view_parse ] --START--
NOTIC: [8] Undefined index: uname D:\wamp\www\oop\tp_t\home\Runtime\Cache\f82d19cfc8984b5ca7bf785e4abd8c45.php 第 17 行.
NOTIC: [8] Undefined variable: tname D:\wamp\www\oop\tp_t\home\Runtime\Cache\f82d19cfc8984b5ca7bf785e4abd8c45.php 第 27 行.
INFO: Run ParseTemplate Behavior [ RunTime:0.008074s ]
INFO: [ view_parse ] --END-- [ RunTime:0.008172s ]
INFO: [ view_filter ] --START--
INFO: Run ContentReplace Behavior [ RunTime:0.000497s ]
INFO: Run TokenBuild Behavior [ RunTime:0.000507s ]
INFO: Run WriteHtmlCache Behavior [ RunTime:0.000413s ]
INFO: Run ShowRuntime Behavior [ RunTime:0.000633s ]
INFO: [ view_filter ] --END-- [ RunTime:0.002279s ]
INFO: [ view_end ] --START--
INFO: Run ShowPageTrace Behavior [ RunTime:0.000941s ]
INFO: [ view_end ] --END-- [ RunTime:0.001251s ]

