[ 2015-03-18T10:12:39+08:00 ] 0.0.0.0 /oop/tp_t/
INFO: [ app_begin ] --START--
INFO: Run ReadHtmlCache Behavior [ RunTime:0.001432s ]
INFO: [ app_begin ] --END-- [ RunTime:0.008164s ]
SQL: SHOW COLUMNS FROM `album_type` [ RunTime:0.002936s ]
SQL: SELECT * FROM `album_type` ORDER BY sort desc LIMIT 4   [ RunTime:0.001260s ]
SQL: SHOW COLUMNS FROM `album` [ RunTime:0.004742s ]
SQL: SELECT album.*,userinfo.nickname FROM `album` LEFT JOIN userinfo on album.uid=userinfo.id WHERE ( album.t_id=3 ) ORDER BY album.id desc LIMIT 4   [ RunTime:0.000516s ]
SQL: SELECT album.*,userinfo.nickname FROM `album` LEFT JOIN userinfo on album.uid=userinfo.id WHERE ( album.t_id=1 ) ORDER BY album.id desc LIMIT 4   [ RunTime:0.000374s ]
SQL: SELECT album.*,userinfo.nickname FROM `album` LEFT JOIN userinfo on album.uid=userinfo.id WHERE ( album.t_id=2 ) ORDER BY album.id desc LIMIT 4   [ RunTime:0.000907s ]
SQL: SELECT album.*,userinfo.nickname FROM `album` LEFT JOIN userinfo on album.uid=userinfo.id WHERE ( album.t_id=5 ) ORDER BY album.id desc LIMIT 4   [ RunTime:0.000559s ]
INFO: [ view_template ] --START--
INFO: Run LocationTemplate Behavior [ RunTime:0.001254s ]
INFO: [ view_template ] --END-- [ RunTime:0.001382s ]
INFO: [ view_parse ] --START--
NOTIC: [8] Undefined index: uname D:\wamp\www\oop\tp_t\home\Runtime\Cache\d046431aa157c89f3a1c30c426be003b.php 第 14 行.
INFO: Run ParseTemplate Behavior [ RunTime:0.030352s ]
INFO: [ view_parse ] --END-- [ RunTime:0.030441s ]
INFO: [ view_filter ] --START--
INFO: Run ContentReplace Behavior [ RunTime:0.001024s ]
INFO: Run TokenBuild Behavior [ RunTime:0.000863s ]
INFO: Run WriteHtmlCache Behavior [ RunTime:0.000810s ]
INFO: Run ShowRuntime Behavior [ RunTime:0.000991s ]
INFO: [ view_filter ] --END-- [ RunTime:0.003917s ]
INFO: [ view_end ] --START--
INFO: Run ShowPageTrace Behavior [ RunTime:0.001103s ]
INFO: [ view_end ] --END-- [ RunTime:0.001190s ]

[ 2015-03-18T10:13:52+08:00 ] 0.0.0.0 /oop/tp_t/index.php/Album/lists/atype/3
INFO: [ route_check ] --START--
INFO: Run CheckRoute Behavior [ RunTime:0.002063s ]
INFO: [ route_check ] --END-- [ RunTime:0.002279s ]
INFO: [ app_begin ] --START--
INFO: Run ReadHtmlCache Behavior [ RunTime:0.000754s ]
INFO: [ app_begin ] --END-- [ RunTime:0.000870s ]
SQL: SHOW COLUMNS FROM `album_type` [ RunTime:0.008349s ]
SQL: SELECT * FROM `album_type` WHERE ( album_type.id=3 ) LIMIT 1   [ RunTime:0.000830s ]
SQL: SHOW COLUMNS FROM `album` [ RunTime:0.010716s ]
SQL: SELECT COUNT(*) AS tp_count FROM `album` WHERE ( album_type.id=3 ) LIMIT 1   [ RunTime:0.000536s ]
ERR: Unknown column 'album_type.id' in 'where clause'
 [ SQL语句 ] : SELECT COUNT(*) AS tp_count FROM `album` WHERE ( album_type.id=3 ) LIMIT 1  
SQL: SELECT album.*,album_type.t_name,userinfo.nickname FROM `album` LEFT JOIN album_type on album.t_id=album_type.id LEFT JOIN userinfo on album.uid=userinfo.id WHERE ( album_type.id=3 ) ORDER BY album.id desc LIMIT 0,4   [ RunTime:0.001379s ]
INFO: [ view_template ] --START--
INFO: Run LocationTemplate Behavior [ RunTime:0.003757s ]
INFO: [ view_template ] --END-- [ RunTime:0.004610s ]
INFO: [ view_parse ] --START--
NOTIC: [8] Undefined index: uname D:\wamp\www\oop\tp_t\home\Runtime\Cache\2300a791f02755d560f2faf87eb6cb45.php 第 17 行.
INFO: Run ParseTemplate Behavior [ RunTime:0.039364s ]
INFO: [ view_parse ] --END-- [ RunTime:0.039746s ]
INFO: [ view_filter ] --START--
INFO: Run ContentReplace Behavior [ RunTime:0.001177s ]
INFO: Run TokenBuild Behavior [ RunTime:0.001030s ]
INFO: Run WriteHtmlCache Behavior [ RunTime:0.000856s ]
INFO: Run ShowRuntime Behavior [ RunTime:0.001291s ]
INFO: [ view_filter ] --END-- [ RunTime:0.005028s ]
INFO: [ view_end ] --START--
INFO: Run ShowPageTrace Behavior [ RunTime:0.001237s ]
INFO: [ view_end ] --END-- [ RunTime:0.001412s ]

[ 2015-03-18T10:13:56+08:00 ] 0.0.0.0 /oop/tp_t/index.php/Album/lists/atype/5
INFO: [ route_check ] --START--
INFO: Run CheckRoute Behavior [ RunTime:0.000878s ]
INFO: [ route_check ] --END-- [ RunTime:0.001026s ]
INFO: [ app_begin ] --START--
INFO: Run ReadHtmlCache Behavior [ RunTime:0.001144s ]
INFO: [ app_begin ] --END-- [ RunTime:0.001324s ]
SQL: SHOW COLUMNS FROM `album_type` [ RunTime:0.013294s ]
SQL: SELECT * FROM `album_type` WHERE ( album_type.id=5 ) LIMIT 1   [ RunTime:0.000691s ]
SQL: SHOW COLUMNS FROM `album` [ RunTime:0.007264s ]
SQL: SELECT COUNT(*) AS tp_count FROM `album` WHERE ( album_type.id=5 ) LIMIT 1   [ RunTime:0.000564s ]
ERR: Unknown column 'album_type.id' in 'where clause'
 [ SQL语句 ] : SELECT COUNT(*) AS tp_count FROM `album` WHERE ( album_type.id=5 ) LIMIT 1  
SQL: SELECT album.*,album_type.t_name,userinfo.nickname FROM `album` LEFT JOIN album_type on album.t_id=album_type.id LEFT JOIN userinfo on album.uid=userinfo.id WHERE ( album_type.id=5 ) ORDER BY album.id desc LIMIT 0,4   [ RunTime:0.001098s ]
INFO: [ view_template ] --START--
INFO: Run LocationTemplate Behavior [ RunTime:0.001402s ]
INFO: [ view_template ] --END-- [ RunTime:0.001687s ]
INFO: [ view_parse ] --START--
NOTIC: [8] Undefined index: uname D:\wamp\www\oop\tp_t\home\Runtime\Cache\2300a791f02755d560f2faf87eb6cb45.php 第 17 行.
INFO: Run ParseTemplate Behavior [ RunTime:0.029579s ]
INFO: [ view_parse ] --END-- [ RunTime:0.029814s ]
INFO: [ view_filter ] --START--
INFO: Run ContentReplace Behavior [ RunTime:0.001004s ]
INFO: Run TokenBuild Behavior [ RunTime:0.000991s ]
INFO: Run WriteHtmlCache Behavior [ RunTime:0.000719s ]
INFO: Run ShowRuntime Behavior [ RunTime:0.001140s ]
INFO: [ view_filter ] --END-- [ RunTime:0.004394s ]
INFO: [ view_end ] --START--
INFO: Run ShowPageTrace Behavior [ RunTime:0.001565s ]
INFO: [ view_end ] --END-- [ RunTime:0.001835s ]

[ 2015-03-18T10:14:00+08:00 ] 0.0.0.0 /oop/tp_t/index.php/Album/album_photo/id/9
INFO: [ route_check ] --START--
INFO: Run CheckRoute Behavior [ RunTime:0.001228s ]
INFO: [ route_check ] --END-- [ RunTime:0.001421s ]
INFO: [ app_begin ] --START--
INFO: Run ReadHtmlCache Behavior [ RunTime:0.000759s ]
INFO: [ app_begin ] --END-- [ RunTime:0.000894s ]
SQL: SHOW COLUMNS FROM `album` [ RunTime:0.006282s ]
SQL: SELECT album.*,userinfo.nickname FROM `album` LEFT JOIN userinfo on album.uid=userinfo.id WHERE ( album.id=9 ) LIMIT 1   [ RunTime:0.000496s ]
SQL: SHOW COLUMNS FROM `photo` [ RunTime:0.006509s ]
SQL: SELECT * FROM `photo` WHERE ( photo.t_id=9 )  [ RunTime:0.000500s ]
INFO: [ view_template ] --START--
INFO: Run LocationTemplate Behavior [ RunTime:0.001017s ]
INFO: [ view_template ] --END-- [ RunTime:0.001188s ]
INFO: [ view_parse ] --START--
NOTIC: [8] Undefined index: uname D:\wamp\www\oop\tp_t\home\Runtime\Cache\02d69e70177c6eb2aaf9dab373f9b705.php 第 17 行.
NOTIC: [8] Undefined variable: page D:\wamp\www\oop\tp_t\home\Runtime\Cache\02d69e70177c6eb2aaf9dab373f9b705.php 第 44 行.
INFO: Run ParseTemplate Behavior [ RunTime:0.009643s ]
INFO: [ view_parse ] --END-- [ RunTime:0.009749s ]
INFO: [ view_filter ] --START--
INFO: Run ContentReplace Behavior [ RunTime:0.000430s ]
INFO: Run TokenBuild Behavior [ RunTime:0.000379s ]
INFO: Run WriteHtmlCache Behavior [ RunTime:0.000275s ]
INFO: Run ShowRuntime Behavior [ RunTime:0.000687s ]
INFO: [ view_filter ] --END-- [ RunTime:0.002007s ]
INFO: [ view_end ] --START--
INFO: Run ShowPageTrace Behavior [ RunTime:0.000929s ]
INFO: [ view_end ] --END-- [ RunTime:0.001040s ]

